2023-06-28 14:48:59.901 [info] Log level: Info
2023-06-28 14:48:59.901 [info] Validating found git in: "git"
2023-06-28 14:48:59.901 [info] Using git "2.41.0" from "git"
2023-06-28 14:48:59.901 [info] > git rev-parse --show-toplevel [9ms]
2023-06-28 14:48:59.913 [info] > git rev-parse --git-dir --git-common-dir [4ms]
2023-06-28 14:48:59.929 [info] Open repository: /home/morishita/Dev/Infocar/Enviroments/dev-environment
2023-06-28 14:48:59.972 [info] > git rev-parse --show-toplevel [35ms]
2023-06-28 14:49:00.006 [info] > git rev-parse --show-toplevel [25ms]
2023-06-28 14:49:00.016 [info] > git config --get commit.template [43ms]
2023-06-28 14:49:00.021 [info] > git rev-parse --show-toplevel [7ms]
2023-06-28 14:49:00.040 [info] > git rev-parse --show-toplevel [12ms]
2023-06-28 14:49:00.051 [info] > git for-each-ref --format=%(refname)%00%(upstream:short)%00%(objectname)%00%(upstream:track)%00%(upstream:remotename)%00%(upstream:remoteref) refs/heads/master refs/remotes/master [13ms]
2023-06-28 14:49:00.061 [info] > git rev-parse --show-toplevel [12ms]
2023-06-28 14:49:00.070 [info] > git status -z -uall [11ms]
2023-06-28 14:49:00.087 [info] > git rev-parse --show-toplevel [18ms]
2023-06-28 14:49:00.095 [info] > git config --get commit.template [9ms]
2023-06-28 14:49:00.107 [info] > git for-each-ref --format=%(refname)%00%(upstream:short)%00%(objectname)%00%(upstream:track)%00%(upstream:remotename)%00%(upstream:remoteref) refs/heads/master refs/remotes/master [4ms]
2023-06-28 14:49:00.123 [info] > git status -z -uall [6ms]
2023-06-28 14:49:00.478 [info] > git check-ignore -v -z --stdin [4ms]
2023-06-28 14:49:00.524 [info] > git show --textconv :swoole/supervisor/conf.d/laravel-octane.conf [7ms]
2023-06-28 14:49:00.526 [info] > git ls-files --stage -- /home/morishita/Dev/Infocar/Enviroments/dev-environment/swoole/supervisor/conf.d/laravel-octane.conf [2ms]
2023-06-28 14:49:00.532 [info] > git cat-file -s 6186b8efe567399aad3d0c7914b58d5fe9548f63 [1ms]
2023-06-28 14:49:03.938 [info] > git check-ignore -v -z --stdin [2ms]
2023-06-28 14:49:05.770 [info] > git show --textconv :php/Dockerfile [10ms]
2023-06-28 14:49:05.772 [info] > git ls-files --stage -- /home/morishita/Dev/Infocar/Enviroments/dev-environment/php/Dockerfile [3ms]
2023-06-28 14:49:05.780 [info] > git cat-file -s 5b5e2e85e3e6b8c23ce7ebfc4dc63ac0ebe3fa80 [2ms]
2023-06-28 14:49:06.918 [info] > git show --textconv :php/docker-compose.yml [10ms]
2023-06-28 14:49:06.920 [info] > git ls-files --stage -- /home/morishita/Dev/Infocar/Enviroments/dev-environment/php/docker-compose.yml [3ms]
2023-06-28 14:49:06.928 [info] > git cat-file -s 1a90f82b3a16d6996b33df1955fb9f47383e8361 [2ms]
2023-06-28 14:49:09.845 [info] > git show --textconv :Makefile [6ms]
2023-06-28 14:49:09.847 [info] > git ls-files --stage -- /home/morishita/Dev/Infocar/Enviroments/dev-environment/Makefile [2ms]
2023-06-28 14:49:09.852 [info] > git cat-file -s 11ac299c039132227454e3bed568485cf18fca28 [1ms]
2023-06-28 14:51:00.398 [info] > git show --textconv :docker-compose.dev.yml [12ms]
2023-06-28 14:51:00.399 [info] > git ls-files --stage -- /home/morishita/Dev/Infocar/Enviroments/dev-environment/docker-compose.dev.yml [5ms]
2023-06-28 14:51:00.407 [info] > git cat-file -s 938c4cfc26e5006f984d51c71d8814e27b160522 [2ms]
2023-06-28 14:51:10.743 [info] > git show --textconv :docker-compose.full.yml [7ms]
2023-06-28 14:51:10.745 [info] > git ls-files --stage -- /home/morishita/Dev/Infocar/Enviroments/dev-environment/docker-compose.full.yml [3ms]
2023-06-28 14:51:10.752 [info] > git cat-file -s df2660d7d75fd2e2d73e481ec1f85e2cd006258d [1ms]
2023-06-28 14:51:28.629 [info] > git check-ignore -v -z --stdin [2ms]
2023-06-28 14:51:29.630 [info] > git check-ignore -v -z --stdin [2ms]
2023-06-28 14:51:29.915 [info] > git show --textconv :postgres/docker-compose.yml [10ms]
2023-06-28 14:51:29.916 [info] > git ls-files --stage -- /home/morishita/Dev/Infocar/Enviroments/dev-environment/postgres/docker-compose.yml [2ms]
2023-06-28 14:51:29.924 [info] > git cat-file -s cb703feeeae65877b757a048f33c8ad6a646491b [2ms]
