2023-07-11 15:55:41.414 [info] Log level: Info
2023-07-11 15:55:41.414 [info] Validating found git in: "git"
2023-07-11 15:55:41.414 [info] Using git "2.41.0" from "git"
2023-07-11 15:55:41.414 [info] > git rev-parse --show-toplevel [6ms]
2023-07-11 15:55:41.414 [info] > git rev-parse --git-dir --git-common-dir [96ms]
2023-07-11 15:55:41.414 [info] Open repository: /home/morishita/Dev/LightStand/Backend/smart-pass-backend
2023-07-11 15:55:41.414 [info] > git rev-parse --show-toplevel [17ms]
2023-07-11 15:55:41.414 [info] > git rev-parse --show-toplevel [5ms]
2023-07-11 15:55:41.414 [info] > git config --get commit.template [27ms]
2023-07-11 15:55:41.414 [info] > git rev-parse --show-toplevel [9ms]
2023-07-11 15:55:41.414 [info] > git for-each-ref --format=%(refname)%00%(upstream:short)%00%(objectname)%00%(upstream:track)%00%(upstream:remotename)%00%(upstream:remoteref) refs/heads/gm-pdf-logics refs/remotes/gm-pdf-logics [9ms]
2023-07-11 15:55:41.414 [info] > git rev-parse --show-toplevel [11ms]
2023-07-11 15:55:41.414 [info] > git status -z -uall [9ms]
2023-07-11 15:55:41.414 [info] > git rev-parse --show-toplevel [16ms]
2023-07-11 15:55:41.414 [info] > git rev-parse --show-toplevel [15ms]
2023-07-11 15:55:41.414 [info] > git config --get commit.template [24ms]
2023-07-11 15:55:41.414 [info] > git for-each-ref --format=%(refname)%00%(upstream:short)%00%(objectname)%00%(upstream:track)%00%(upstream:remotename)%00%(upstream:remoteref) refs/heads/gm-pdf-logics refs/remotes/gm-pdf-logics [3ms]
2023-07-11 15:55:41.414 [info] > git status -z -uall [5ms]
2023-07-11 15:55:41.942 [info] > git check-ignore -v -z --stdin [11ms]
2023-07-11 15:55:44.925 [info] > git show --textconv :src/card/card.service.ts [20ms]
2023-07-11 15:55:44.926 [info] > git ls-files --stage -- /home/morishita/Dev/LightStand/Backend/smart-pass-backend/src/card/card.service.ts [14ms]
2023-07-11 15:55:44.983 [info] > git cat-file -s 6794a22a801884161aa276b40b5aba9ad6bd153b [51ms]
2023-07-11 15:55:45.780 [info] > git config --local branch.gm-pdf-logics.github-pr-owner-number [12ms]
2023-07-11 15:55:45.799 [info] > git config --get commit.template [10ms]
2023-07-11 15:55:45.817 [info] > git for-each-ref --format=%(refname)%00%(upstream:short)%00%(objectname)%00%(upstream:track)%00%(upstream:remotename)%00%(upstream:remoteref) refs/heads/gm-pdf-logics refs/remotes/gm-pdf-logics [5ms]
2023-07-11 15:55:45.829 [info] > git status -z -uall [3ms]
2023-07-11 15:57:23.183 [info] > git config --get commit.template [7ms]
2023-07-11 15:57:23.184 [info] > git for-each-ref --format=%(refname)%00%(upstream:short)%00%(objectname)%00%(upstream:track)%00%(upstream:remotename)%00%(upstream:remoteref) refs/heads/gm-pdf-logics refs/remotes/gm-pdf-logics [2ms]
2023-07-11 15:57:23.194 [info] > git status -z -uall [3ms]
2023-07-11 15:58:49.736 [info] > git config --get commit.template [18ms]
2023-07-11 15:58:49.738 [info] > git for-each-ref --format=%(refname)%00%(upstream:short)%00%(objectname)%00%(upstream:track)%00%(upstream:remotename)%00%(upstream:remoteref) refs/heads/gm-pdf-logics refs/remotes/gm-pdf-logics [3ms]
2023-07-11 15:58:49.751 [info] > git status -z -uall [4ms]
