2023-07-12 12:35:18.210 [info] Extension host with pid 1960 started
2023-07-12 12:35:18.210 [info] Skipping acquiring lock for /home/morishita/.config/Code/User/workspaceStorage/ddfb5e7b689e894ab4152a6c5bd84755.
2023-07-12 12:35:18.498 [info] ExtensionService#_doActivateExtension vscode.emmet, startup: false, activationEvent: 'onLanguage'
2023-07-12 12:35:18.507 [info] ExtensionService#_doActivateExtension vscode.typescript-language-features, startup: false, activationEvent: 'onLanguage:typescript'
2023-07-12 12:35:19.134 [info] ExtensionService#_doActivateExtension vscode.git-base, startup: true, activationEvent: '*', root cause: vscode.git
2023-07-12 12:35:19.138 [info] ExtensionService#_doActivateExtension isudox.vscode-jetbrains-keybindings, startup: true, activationEvent: '*'
2023-07-12 12:35:19.141 [info] ExtensionService#_doActivateExtension kbysiec.vscode-search-everywhere, startup: true, activationEvent: '*'
2023-07-12 12:35:19.198 [info] ExtensionService#_doActivateExtension WakaTime.vscode-wakatime, startup: true, activationEvent: '*'
2023-07-12 12:35:19.223 [info] ExtensionService#_doActivateExtension vscode.npm, startup: true, activationEvent: 'workspaceContains:package.json'
2023-07-12 12:35:19.237 [info] ExtensionService#_doActivateExtension yzhang.markdown-all-in-one, startup: true, activationEvent: 'workspaceContains:README.md'
2023-07-12 12:35:19.559 [info] ExtensionService#_doActivateExtension vscode.markdown-math, startup: false, activationEvent: 'api', root cause: yzhang.markdown-all-in-one
2023-07-12 12:35:19.568 [info] ExtensionService#_doActivateExtension vscode.git, startup: true, activationEvent: '*'
2023-07-12 12:35:19.601 [info] ExtensionService#_doActivateExtension vscode.github, startup: true, activationEvent: '*'
2023-07-12 12:35:19.767 [info] ExtensionService#_doActivateExtension github.vscode-github-actions, startup: true, activationEvent: 'workspaceContains:**/.github/workflows/**'
2023-07-12 12:35:19.839 [info] ExtensionService#_doActivateExtension marp-team.marp-vscode, startup: false, activationEvent: 'api', root cause: yzhang.markdown-all-in-one
2023-07-12 12:35:20.448 [info] ExtensionService#_doActivateExtension vscode.github-authentication, startup: false, activationEvent: 'onAuthenticationRequest:github'
2023-07-12 12:35:22.346 [info] Eager extensions activated
2023-07-12 12:35:22.442 [info] ExtensionService#_doActivateExtension vscode.debug-auto-launch, startup: false, activationEvent: 'onStartupFinished'
2023-07-12 12:35:22.450 [info] ExtensionService#_doActivateExtension vscode.merge-conflict, startup: false, activationEvent: 'onStartupFinished'
2023-07-12 12:35:22.461 [info] ExtensionService#_doActivateExtension atommaterial.a-file-icon-vscode, startup: false, activationEvent: 'onStartupFinished'
2023-07-12 12:35:22.485 [info] ExtensionService#_doActivateExtension cweijan.vscode-database-client2, startup: false, activationEvent: 'onStartupFinished'
2023-07-12 12:35:22.915 [info] ExtensionService#_doActivateExtension eamodio.gitlens, startup: false, activationEvent: 'onStartupFinished'
2023-07-12 12:35:22.998 [info] ExtensionService#_doActivateExtension esbenp.prettier-vscode, startup: false, activationEvent: 'onStartupFinished'
2023-07-12 12:35:23.084 [info] ExtensionService#_doActivateExtension GitHub.vscode-pull-request-github, startup: false, activationEvent: 'onStartupFinished'
2023-07-12 12:35:23.133 [info] ExtensionService#_doActivateExtension ms-vscode-remote.remote-containers, startup: false, activationEvent: 'onStartupFinished'
2023-07-12 12:35:23.202 [info] ExtensionService#_doActivateExtension vscode-icons-team.vscode-icons, startup: false, activationEvent: 'onStartupFinished'
2023-07-12 12:35:28.394 [info] ExtensionService#_doActivateExtension vscode.microsoft-authentication, startup: false, activationEvent: 'onAuthenticationRequest:microsoft'
2023-07-12 13:11:41.252 [warning] TextEditor is closed/disposed
2023-07-12 13:11:44.466 [warning] TextEditor is closed/disposed
2023-07-12 13:12:43.928 [warning] TextEditor is closed/disposed
2023-07-12 13:12:45.620 [warning] TextEditor is closed/disposed
2023-07-12 13:12:50.224 [warning] TextEditor is closed/disposed
2023-07-12 13:12:51.285 [warning] TextEditor is closed/disposed
2023-07-12 13:27:25.173 [warning] TextEditor is closed/disposed
2023-07-12 13:27:25.743 [warning] TextEditor is closed/disposed
2023-07-12 13:32:05.310 [warning] TextEditor is closed/disposed
2023-07-12 15:01:47.034 [info] Extension host terminating: renderer closed the MessagePort
2023-07-12 15:01:47.119 [warning] Canceled
2023-07-12 15:01:47.122 [error] Canceled: Canceled
	at new l (/var/lib/snapd/snap/code/132/usr/share/code/resources/app/out/vs/workbench/api/node/extensionHostProcess.js:99:105905)
	at s.O (/var/lib/snapd/snap/code/132/usr/share/code/resources/app/out/vs/workbench/api/node/extensionHostProcess.js:111:11754)
	at $.<computed>.j.charCodeAt.$.<computed> (/var/lib/snapd/snap/code/132/usr/share/code/resources/app/out/vs/workbench/api/node/extensionHostProcess.js:111:9029)
	at e.ExtHostCommands.g (/var/lib/snapd/snap/code/132/usr/share/code/resources/app/out/vs/workbench/api/node/extensionHostProcess.js:99:130078)
	at e.ExtHostCommands.executeCommand (/var/lib/snapd/snap/code/132/usr/share/code/resources/app/out/vs/workbench/api/node/extensionHostProcess.js:99:129454)
	at k.registerCommand.description (/var/lib/snapd/snap/code/132/usr/share/code/resources/app/out/vs/workbench/api/node/extensionHostProcess.js:99:128747)
	at e.ExtHostCommands.h (/var/lib/snapd/snap/code/132/usr/share/code/resources/app/out/vs/workbench/api/node/extensionHostProcess.js:99:130664)
	at e.ExtHostCommands.g (/var/lib/snapd/snap/code/132/usr/share/code/resources/app/out/vs/workbench/api/node/extensionHostProcess.js:99:129554)
	at e.ExtHostCommands.executeCommand (/var/lib/snapd/snap/code/132/usr/share/code/resources/app/out/vs/workbench/api/node/extensionHostProcess.js:99:129454)
	at Object.executeCommand (/var/lib/snapd/snap/code/132/usr/share/code/resources/app/out/vs/workbench/api/node/extensionHostProcess.js:117:24230)
	at D (/var/lib/snapd/snap/code/132/usr/share/code/resources/app/extensions/git/dist/main.js:2:1261288)
	at b.invoke (/var/lib/snapd/snap/code/132/usr/share/code/resources/app/out/vs/workbench/api/node/extensionHostProcess.js:63:145)
	at d.deliver (/var/lib/snapd/snap/code/132/usr/share/code/resources/app/out/vs/workbench/api/node/extensionHostProcess.js:63:2121)
	at n.fire (/var/lib/snapd/snap/code/132/usr/share/code/resources/app/out/vs/workbench/api/node/extensionHostProcess.js:63:1729)
	at Object.m [as dispose] (/var/lib/snapd/snap/code/132/usr/share/code/resources/app/extensions/git/dist/main.js:2:1276121)
	at /var/lib/snapd/snap/code/132/usr/share/code/resources/app/extensions/git/dist/main.js:2:1280622
	at Array.forEach (<anonymous>)
	at g.dispose (/var/lib/snapd/snap/code/132/usr/share/code/resources/app/extensions/git/dist/main.js:2:1280608)
	at r.<anonymous> (/var/lib/snapd/snap/code/132/usr/share/code/resources/app/out/vs/workbench/api/node/extensionHostProcess.js:97:12552)
	at r.dispose (/var/lib/snapd/snap/code/132/usr/share/code/resources/app/out/vs/workbench/api/node/extensionHostProcess.js:97:12687)
	at r.<anonymous> (/var/lib/snapd/snap/code/132/usr/share/code/resources/app/extensions/git/dist/main.js:2:1263418)
	at r.dispose (/var/lib/snapd/snap/code/132/usr/share/code/resources/app/out/vs/workbench/api/node/extensionHostProcess.js:97:12687)
	at I (/var/lib/snapd/snap/code/132/usr/share/code/resources/app/out/vs/workbench/api/node/extensionHostProcess.js:10:12083)
	at n.Z (/var/lib/snapd/snap/code/132/usr/share/code/resources/app/out/vs/workbench/api/node/extensionHostProcess.js:113:11285)
	at /var/lib/snapd/snap/code/132/usr/share/code/resources/app/out/vs/workbench/api/node/extensionHostProcess.js:113:9187
	at Array.map (<anonymous>)
	at n.S (/var/lib/snapd/snap/code/132/usr/share/code/resources/app/out/vs/workbench/api/node/extensionHostProcess.js:113:9175)
	at n.terminate (/var/lib/snapd/snap/code/132/usr/share/code/resources/app/out/vs/workbench/api/node/extensionHostProcess.js:113:9445)
	at h.terminate (/var/lib/snapd/snap/code/132/usr/share/code/resources/app/out/vs/workbench/api/node/extensionHostProcess.js:117:1544)
	at p (/var/lib/snapd/snap/code/132/usr/share/code/resources/app/out/vs/workbench/api/node/extensionHostProcess.js:127:34497)
	at MessagePortMain.<anonymous> (/var/lib/snapd/snap/code/132/usr/share/code/resources/app/out/vs/workbench/api/node/extensionHostProcess.js:127:30636)
	at MessagePortMain.emit (node:events:513:28)
	at MessagePortMain._internalPort.emit (node:electron/js2c/utility_init:2:367) setContext undefined
2023-07-12 15:01:47.125 [error] Canceled: Canceled
	at new l (/var/lib/snapd/snap/code/132/usr/share/code/resources/app/out/vs/workbench/api/node/extensionHostProcess.js:99:105905)
	at s.O (/var/lib/snapd/snap/code/132/usr/share/code/resources/app/out/vs/workbench/api/node/extensionHostProcess.js:111:11754)
	at $.<computed>.j.charCodeAt.$.<computed> (/var/lib/snapd/snap/code/132/usr/share/code/resources/app/out/vs/workbench/api/node/extensionHostProcess.js:111:9029)
	at e.ExtHostCommands.g (/var/lib/snapd/snap/code/132/usr/share/code/resources/app/out/vs/workbench/api/node/extensionHostProcess.js:99:130078)
	at e.ExtHostCommands.executeCommand (/var/lib/snapd/snap/code/132/usr/share/code/resources/app/out/vs/workbench/api/node/extensionHostProcess.js:99:129454)
	at k.registerCommand.description (/var/lib/snapd/snap/code/132/usr/share/code/resources/app/out/vs/workbench/api/node/extensionHostProcess.js:99:128747)
	at e.ExtHostCommands.h (/var/lib/snapd/snap/code/132/usr/share/code/resources/app/out/vs/workbench/api/node/extensionHostProcess.js:99:130664)
	at e.ExtHostCommands.g (/var/lib/snapd/snap/code/132/usr/share/code/resources/app/out/vs/workbench/api/node/extensionHostProcess.js:99:129554)
	at e.ExtHostCommands.executeCommand (/var/lib/snapd/snap/code/132/usr/share/code/resources/app/out/vs/workbench/api/node/extensionHostProcess.js:99:129454)
	at Object.executeCommand (/var/lib/snapd/snap/code/132/usr/share/code/resources/app/out/vs/workbench/api/node/extensionHostProcess.js:117:24230)
	at set b [as b] (/var/lib/snapd/snap/code/132/usr/share/code/resources/app/extensions/github/dist/extension.js:2:152873)
	at /var/lib/snapd/snap/code/132/usr/share/code/resources/app/extensions/github/dist/extension.js:2:153583
	at /var/lib/snapd/snap/code/132/usr/share/code/resources/app/extensions/git/dist/main.js:2:1348881
	at b.invoke (/var/lib/snapd/snap/code/132/usr/share/code/resources/app/out/vs/workbench/api/node/extensionHostProcess.js:63:145)
	at d.deliver (/var/lib/snapd/snap/code/132/usr/share/code/resources/app/out/vs/workbench/api/node/extensionHostProcess.js:63:2121)
	at n.fire (/var/lib/snapd/snap/code/132/usr/share/code/resources/app/out/vs/workbench/api/node/extensionHostProcess.js:63:1729)
	at Object.m [as dispose] (/var/lib/snapd/snap/code/132/usr/share/code/resources/app/extensions/git/dist/main.js:2:1276121)
	at /var/lib/snapd/snap/code/132/usr/share/code/resources/app/extensions/git/dist/main.js:2:1280622
	at Array.forEach (<anonymous>)
	at g.dispose (/var/lib/snapd/snap/code/132/usr/share/code/resources/app/extensions/git/dist/main.js:2:1280608)
	at r.<anonymous> (/var/lib/snapd/snap/code/132/usr/share/code/resources/app/out/vs/workbench/api/node/extensionHostProcess.js:97:12552)
	at r.dispose (/var/lib/snapd/snap/code/132/usr/share/code/resources/app/out/vs/workbench/api/node/extensionHostProcess.js:97:12687)
	at r.<anonymous> (/var/lib/snapd/snap/code/132/usr/share/code/resources/app/extensions/git/dist/main.js:2:1263418)
	at r.dispose (/var/lib/snapd/snap/code/132/usr/share/code/resources/app/out/vs/workbench/api/node/extensionHostProcess.js:97:12687)
	at I (/var/lib/snapd/snap/code/132/usr/share/code/resources/app/out/vs/workbench/api/node/extensionHostProcess.js:10:12083)
	at n.Z (/var/lib/snapd/snap/code/132/usr/share/code/resources/app/out/vs/workbench/api/node/extensionHostProcess.js:113:11285)
	at /var/lib/snapd/snap/code/132/usr/share/code/resources/app/out/vs/workbench/api/node/extensionHostProcess.js:113:9187
	at Array.map (<anonymous>)
	at n.S (/var/lib/snapd/snap/code/132/usr/share/code/resources/app/out/vs/workbench/api/node/extensionHostProcess.js:113:9175)
	at n.terminate (/var/lib/snapd/snap/code/132/usr/share/code/resources/app/out/vs/workbench/api/node/extensionHostProcess.js:113:9445)
	at h.terminate (/var/lib/snapd/snap/code/132/usr/share/code/resources/app/out/vs/workbench/api/node/extensionHostProcess.js:117:1544)
	at p (/var/lib/snapd/snap/code/132/usr/share/code/resources/app/out/vs/workbench/api/node/extensionHostProcess.js:127:34497)
	at MessagePortMain.<anonymous> (/var/lib/snapd/snap/code/132/usr/share/code/resources/app/out/vs/workbench/api/node/extensionHostProcess.js:127:30636)
	at MessagePortMain.emit (node:events:513:28)
	at MessagePortMain._internalPort.emit (node:electron/js2c/utility_init:2:367) setContext undefined
2023-07-12 15:01:47.127 [error] Canceled: Canceled
	at new l (/var/lib/snapd/snap/code/132/usr/share/code/resources/app/out/vs/workbench/api/node/extensionHostProcess.js:99:105905)
	at s.O (/var/lib/snapd/snap/code/132/usr/share/code/resources/app/out/vs/workbench/api/node/extensionHostProcess.js:111:11754)
	at $.<computed>.j.charCodeAt.$.<computed> (/var/lib/snapd/snap/code/132/usr/share/code/resources/app/out/vs/workbench/api/node/extensionHostProcess.js:111:9029)
	at e.ExtHostCommands.g (/var/lib/snapd/snap/code/132/usr/share/code/resources/app/out/vs/workbench/api/node/extensionHostProcess.js:99:130078)
	at e.ExtHostCommands.executeCommand (/var/lib/snapd/snap/code/132/usr/share/code/resources/app/out/vs/workbench/api/node/extensionHostProcess.js:99:129454)
	at k.registerCommand.description (/var/lib/snapd/snap/code/132/usr/share/code/resources/app/out/vs/workbench/api/node/extensionHostProcess.js:99:128747)
	at e.ExtHostCommands.h (/var/lib/snapd/snap/code/132/usr/share/code/resources/app/out/vs/workbench/api/node/extensionHostProcess.js:99:130664)
	at e.ExtHostCommands.g (/var/lib/snapd/snap/code/132/usr/share/code/resources/app/out/vs/workbench/api/node/extensionHostProcess.js:99:129554)
	at e.ExtHostCommands.executeCommand (/var/lib/snapd/snap/code/132/usr/share/code/resources/app/out/vs/workbench/api/node/extensionHostProcess.js:99:129454)
	at Object.executeCommand (/var/lib/snapd/snap/code/132/usr/share/code/resources/app/out/vs/workbench/api/node/extensionHostProcess.js:117:24230)
	at e (/home/morishita/.vscode/extensions/github.vscode-pull-request-github-0.66.2/dist/extension.js:1690:1445)
	at Object.n [as setContext] (/home/morishita/.vscode/extensions/github.vscode-pull-request-github-0.66.2/dist/extension.js:1690:1560)
	at ep.updateActiveReviewCount (/home/morishita/.vscode/extensions/github.vscode-pull-request-github-0.66.2/dist/extension.js:1803:22243)
	at ep.removeRepo (/home/morishita/.vscode/extensions/github.vscode-pull-request-github-0.66.2/dist/extension.js:1803:23320)
	at /home/morishita/.vscode/extensions/github.vscode-pull-request-github-0.66.2/dist/extension.js:1849:4083
	at b.invoke (/var/lib/snapd/snap/code/132/usr/share/code/resources/app/out/vs/workbench/api/node/extensionHostProcess.js:63:145)
	at d.deliver (/var/lib/snapd/snap/code/132/usr/share/code/resources/app/out/vs/workbench/api/node/extensionHostProcess.js:63:2121)
	at n.fire (/var/lib/snapd/snap/code/132/usr/share/code/resources/app/out/vs/workbench/api/node/extensionHostProcess.js:63:1729)
	at /home/morishita/.vscode/extensions/github.vscode-pull-request-github-0.66.2/dist/extension.js:1659:461548
	at b.invoke (/var/lib/snapd/snap/code/132/usr/share/code/resources/app/out/vs/workbench/api/node/extensionHostProcess.js:63:145)
	at d.deliver (/var/lib/snapd/snap/code/132/usr/share/code/resources/app/out/vs/workbench/api/node/extensionHostProcess.js:63:2121)
	at n.fire (/var/lib/snapd/snap/code/132/usr/share/code/resources/app/out/vs/workbench/api/node/extensionHostProcess.js:63:1729)
	at /home/morishita/.vscode/extensions/github.vscode-pull-request-github-0.66.2/dist/extension.js:1803:27126
	at /var/lib/snapd/snap/code/132/usr/share/code/resources/app/extensions/git/dist/main.js:2:1348881
	at b.invoke (/var/lib/snapd/snap/code/132/usr/share/code/resources/app/out/vs/workbench/api/node/extensionHostProcess.js:63:145)
	at d.deliver (/var/lib/snapd/snap/code/132/usr/share/code/resources/app/out/vs/workbench/api/node/extensionHostProcess.js:63:2121)
	at n.fire (/var/lib/snapd/snap/code/132/usr/share/code/resources/app/out/vs/workbench/api/node/extensionHostProcess.js:63:1729)
	at Object.m [as dispose] (/var/lib/snapd/snap/code/132/usr/share/code/resources/app/extensions/git/dist/main.js:2:1276121)
	at /var/lib/snapd/snap/code/132/usr/share/code/resources/app/extensions/git/dist/main.js:2:1280622
	at Array.forEach (<anonymous>)
	at g.dispose (/var/lib/snapd/snap/code/132/usr/share/code/resources/app/extensions/git/dist/main.js:2:1280608)
	at r.<anonymous> (/var/lib/snapd/snap/code/132/usr/share/code/resources/app/out/vs/workbench/api/node/extensionHostProcess.js:97:12552)
	at r.dispose (/var/lib/snapd/snap/code/132/usr/share/code/resources/app/out/vs/workbench/api/node/extensionHostProcess.js:97:12687)
	at r.<anonymous> (/var/lib/snapd/snap/code/132/usr/share/code/resources/app/extensions/git/dist/main.js:2:1263418)
	at r.dispose (/var/lib/snapd/snap/code/132/usr/share/code/resources/app/out/vs/workbench/api/node/extensionHostProcess.js:97:12687)
	at I (/var/lib/snapd/snap/code/132/usr/share/code/resources/app/out/vs/workbench/api/node/extensionHostProcess.js:10:12083)
	at n.Z (/var/lib/snapd/snap/code/132/usr/share/code/resources/app/out/vs/workbench/api/node/extensionHostProcess.js:113:11285)
	at /var/lib/snapd/snap/code/132/usr/share/code/resources/app/out/vs/workbench/api/node/extensionHostProcess.js:113:9187
	at Array.map (<anonymous>)
	at n.S (/var/lib/snapd/snap/code/132/usr/share/code/resources/app/out/vs/workbench/api/node/extensionHostProcess.js:113:9175)
	at n.terminate (/var/lib/snapd/snap/code/132/usr/share/code/resources/app/out/vs/workbench/api/node/extensionHostProcess.js:113:9445)
	at h.terminate (/var/lib/snapd/snap/code/132/usr/share/code/resources/app/out/vs/workbench/api/node/extensionHostProcess.js:117:1544)
	at p (/var/lib/snapd/snap/code/132/usr/share/code/resources/app/out/vs/workbench/api/node/extensionHostProcess.js:127:34497)
	at MessagePortMain.<anonymous> (/var/lib/snapd/snap/code/132/usr/share/code/resources/app/out/vs/workbench/api/node/extensionHostProcess.js:127:30636)
	at MessagePortMain.emit (node:events:513:28)
	at MessagePortMain._internalPort.emit (node:electron/js2c/utility_init:2:367) setContext undefined
2023-07-12 15:01:47.129 [error] Canceled: Canceled
	at new l (/var/lib/snapd/snap/code/132/usr/share/code/resources/app/out/vs/workbench/api/node/extensionHostProcess.js:99:105905)
	at s.O (/var/lib/snapd/snap/code/132/usr/share/code/resources/app/out/vs/workbench/api/node/extensionHostProcess.js:111:11754)
	at $.<computed>.j.charCodeAt.$.<computed> (/var/lib/snapd/snap/code/132/usr/share/code/resources/app/out/vs/workbench/api/node/extensionHostProcess.js:111:9029)
	at e.ExtHostCommands.g (/var/lib/snapd/snap/code/132/usr/share/code/resources/app/out/vs/workbench/api/node/extensionHostProcess.js:99:130078)
	at e.ExtHostCommands.executeCommand (/var/lib/snapd/snap/code/132/usr/share/code/resources/app/out/vs/workbench/api/node/extensionHostProcess.js:99:129454)
	at k.registerCommand.description (/var/lib/snapd/snap/code/132/usr/share/code/resources/app/out/vs/workbench/api/node/extensionHostProcess.js:99:128747)
	at e.ExtHostCommands.h (/var/lib/snapd/snap/code/132/usr/share/code/resources/app/out/vs/workbench/api/node/extensionHostProcess.js:99:130664)
	at e.ExtHostCommands.g (/var/lib/snapd/snap/code/132/usr/share/code/resources/app/out/vs/workbench/api/node/extensionHostProcess.js:99:129554)
	at e.ExtHostCommands.executeCommand (/var/lib/snapd/snap/code/132/usr/share/code/resources/app/out/vs/workbench/api/node/extensionHostProcess.js:99:129454)
	at Object.executeCommand (/var/lib/snapd/snap/code/132/usr/share/code/resources/app/out/vs/workbench/api/node/extensionHostProcess.js:117:24230)
	at g (/home/morishita/.vscode/extensions/eamodio.gitlens-14.0.1/dist/gitlens.js:1:916739)
	at c (/home/morishita/.vscode/extensions/eamodio.gitlens-14.0.1/dist/gitlens.js:1:921419)
	at ActionRunners._updateContextKeys (/home/morishita/.vscode/extensions/eamodio.gitlens-14.0.1/dist/gitlens.js:1:37764)
	at s (/home/morishita/.vscode/extensions/eamodio.gitlens-14.0.1/dist/gitlens.js:1:36183)
	at RegisteredActionRunner.unregister (/home/morishita/.vscode/extensions/eamodio.gitlens-14.0.1/dist/gitlens.js:1:36327)
	at RegisteredActionRunner.dispose (/home/morishita/.vscode/extensions/eamodio.gitlens-14.0.1/dist/gitlens.js:1:34992)
	at ActionRunners.dispose (/home/morishita/.vscode/extensions/eamodio.gitlens-14.0.1/dist/gitlens.js:1:35769)
	at /home/morishita/.vscode/extensions/eamodio.gitlens-14.0.1/dist/gitlens.js:1:647728
	at Array.forEach (<anonymous>)
	at Object.dispose (/home/morishita/.vscode/extensions/eamodio.gitlens-14.0.1/dist/gitlens.js:1:647713)
	at I (/var/lib/snapd/snap/code/132/usr/share/code/resources/app/out/vs/workbench/api/node/extensionHostProcess.js:10:12083)
	at n.Z (/var/lib/snapd/snap/code/132/usr/share/code/resources/app/out/vs/workbench/api/node/extensionHostProcess.js:113:11285)
	at /var/lib/snapd/snap/code/132/usr/share/code/resources/app/out/vs/workbench/api/node/extensionHostProcess.js:113:9187
	at Array.map (<anonymous>)
	at n.S (/var/lib/snapd/snap/code/132/usr/share/code/resources/app/out/vs/workbench/api/node/extensionHostProcess.js:113:9175)
	at n.terminate (/var/lib/snapd/snap/code/132/usr/share/code/resources/app/out/vs/workbench/api/node/extensionHostProcess.js:113:9445)
	at h.terminate (/var/lib/snapd/snap/code/132/usr/share/code/resources/app/out/vs/workbench/api/node/extensionHostProcess.js:117:1544)
	at p (/var/lib/snapd/snap/code/132/usr/share/code/resources/app/out/vs/workbench/api/node/extensionHostProcess.js:127:34497)
	at MessagePortMain.<anonymous> (/var/lib/snapd/snap/code/132/usr/share/code/resources/app/out/vs/workbench/api/node/extensionHostProcess.js:127:30636)
	at MessagePortMain.emit (node:events:513:28)
	at MessagePortMain._internalPort.emit (node:electron/js2c/utility_init:2:367) setContext undefined
2023-07-12 15:01:47.130 [error] Canceled: Canceled
	at new l (/var/lib/snapd/snap/code/132/usr/share/code/resources/app/out/vs/workbench/api/node/extensionHostProcess.js:99:105905)
	at s.O (/var/lib/snapd/snap/code/132/usr/share/code/resources/app/out/vs/workbench/api/node/extensionHostProcess.js:111:11754)
	at $.<computed>.j.charCodeAt.$.<computed> (/var/lib/snapd/snap/code/132/usr/share/code/resources/app/out/vs/workbench/api/node/extensionHostProcess.js:111:9029)
	at e.ExtHostCommands.g (/var/lib/snapd/snap/code/132/usr/share/code/resources/app/out/vs/workbench/api/node/extensionHostProcess.js:99:130078)
	at e.ExtHostCommands.executeCommand (/var/lib/snapd/snap/code/132/usr/share/code/resources/app/out/vs/workbench/api/node/extensionHostProcess.js:99:129454)
	at k.registerCommand.description (/var/lib/snapd/snap/code/132/usr/share/code/resources/app/out/vs/workbench/api/node/extensionHostProcess.js:99:128747)
	at e.ExtHostCommands.h (/var/lib/snapd/snap/code/132/usr/share/code/resources/app/out/vs/workbench/api/node/extensionHostProcess.js:99:130664)
	at e.ExtHostCommands.g (/var/lib/snapd/snap/code/132/usr/share/code/resources/app/out/vs/workbench/api/node/extensionHostProcess.js:99:129554)
	at e.ExtHostCommands.executeCommand (/var/lib/snapd/snap/code/132/usr/share/code/resources/app/out/vs/workbench/api/node/extensionHostProcess.js:99:129454)
	at Object.executeCommand (/var/lib/snapd/snap/code/132/usr/share/code/resources/app/out/vs/workbench/api/node/extensionHostProcess.js:117:24230)
	at g (/home/morishita/.vscode/extensions/eamodio.gitlens-14.0.1/dist/gitlens.js:1:916739)
	at c (/home/morishita/.vscode/extensions/eamodio.gitlens-14.0.1/dist/gitlens.js:1:921419)
	at ActionRunners._updateContextKeys (/home/morishita/.vscode/extensions/eamodio.gitlens-14.0.1/dist/gitlens.js:1:37764)
	at s (/home/morishita/.vscode/extensions/eamodio.gitlens-14.0.1/dist/gitlens.js:1:36183)
	at RegisteredActionRunner.unregister (/home/morishita/.vscode/extensions/eamodio.gitlens-14.0.1/dist/gitlens.js:1:36327)
	at RegisteredActionRunner.dispose (/home/morishita/.vscode/extensions/eamodio.gitlens-14.0.1/dist/gitlens.js:1:34992)
	at ActionRunners.dispose (/home/morishita/.vscode/extensions/eamodio.gitlens-14.0.1/dist/gitlens.js:1:35769)
	at /home/morishita/.vscode/extensions/eamodio.gitlens-14.0.1/dist/gitlens.js:1:647728
	at Array.forEach (<anonymous>)
	at Object.dispose (/home/morishita/.vscode/extensions/eamodio.gitlens-14.0.1/dist/gitlens.js:1:647713)
	at I (/var/lib/snapd/snap/code/132/usr/share/code/resources/app/out/vs/workbench/api/node/extensionHostProcess.js:10:12083)
	at n.Z (/var/lib/snapd/snap/code/132/usr/share/code/resources/app/out/vs/workbench/api/node/extensionHostProcess.js:113:11285)
	at /var/lib/snapd/snap/code/132/usr/share/code/resources/app/out/vs/workbench/api/node/extensionHostProcess.js:113:9187
	at Array.map (<anonymous>)
	at n.S (/var/lib/snapd/snap/code/132/usr/share/code/resources/app/out/vs/workbench/api/node/extensionHostProcess.js:113:9175)
	at n.terminate (/var/lib/snapd/snap/code/132/usr/share/code/resources/app/out/vs/workbench/api/node/extensionHostProcess.js:113:9445)
	at h.terminate (/var/lib/snapd/snap/code/132/usr/share/code/resources/app/out/vs/workbench/api/node/extensionHostProcess.js:117:1544)
	at p (/var/lib/snapd/snap/code/132/usr/share/code/resources/app/out/vs/workbench/api/node/extensionHostProcess.js:127:34497)
	at MessagePortMain.<anonymous> (/var/lib/snapd/snap/code/132/usr/share/code/resources/app/out/vs/workbench/api/node/extensionHostProcess.js:127:30636)
	at MessagePortMain.emit (node:events:513:28)
	at MessagePortMain._internalPort.emit (node:electron/js2c/utility_init:2:367) setContext undefined
2023-07-12 15:01:47.132 [error] Canceled: Canceled
	at new l (/var/lib/snapd/snap/code/132/usr/share/code/resources/app/out/vs/workbench/api/node/extensionHostProcess.js:99:105905)
	at s.O (/var/lib/snapd/snap/code/132/usr/share/code/resources/app/out/vs/workbench/api/node/extensionHostProcess.js:111:11754)
	at $.<computed>.j.charCodeAt.$.<computed> (/var/lib/snapd/snap/code/132/usr/share/code/resources/app/out/vs/workbench/api/node/extensionHostProcess.js:111:9029)
	at e.ExtHostCommands.g (/var/lib/snapd/snap/code/132/usr/share/code/resources/app/out/vs/workbench/api/node/extensionHostProcess.js:99:130078)
	at e.ExtHostCommands.executeCommand (/var/lib/snapd/snap/code/132/usr/share/code/resources/app/out/vs/workbench/api/node/extensionHostProcess.js:99:129454)
	at k.registerCommand.description (/var/lib/snapd/snap/code/132/usr/share/code/resources/app/out/vs/workbench/api/node/extensionHostProcess.js:99:128747)
	at e.ExtHostCommands.h (/var/lib/snapd/snap/code/132/usr/share/code/resources/app/out/vs/workbench/api/node/extensionHostProcess.js:99:130664)
	at e.ExtHostCommands.g (/var/lib/snapd/snap/code/132/usr/share/code/resources/app/out/vs/workbench/api/node/extensionHostProcess.js:99:129554)
	at e.ExtHostCommands.executeCommand (/var/lib/snapd/snap/code/132/usr/share/code/resources/app/out/vs/workbench/api/node/extensionHostProcess.js:99:129454)
	at Object.executeCommand (/var/lib/snapd/snap/code/132/usr/share/code/resources/app/out/vs/workbench/api/node/extensionHostProcess.js:117:24230)
	at g (/home/morishita/.vscode/extensions/eamodio.gitlens-14.0.1/dist/gitlens.js:1:916739)
	at c (/home/morishita/.vscode/extensions/eamodio.gitlens-14.0.1/dist/gitlens.js:1:921419)
	at ActionRunners._updateContextKeys (/home/morishita/.vscode/extensions/eamodio.gitlens-14.0.1/dist/gitlens.js:1:37764)
	at s (/home/morishita/.vscode/extensions/eamodio.gitlens-14.0.1/dist/gitlens.js:1:36183)
	at RegisteredActionRunner.unregister (/home/morishita/.vscode/extensions/eamodio.gitlens-14.0.1/dist/gitlens.js:1:36327)
	at RegisteredActionRunner.dispose (/home/morishita/.vscode/extensions/eamodio.gitlens-14.0.1/dist/gitlens.js:1:34992)
	at Object.dispose (/home/morishita/.vscode/extensions/eamodio.gitlens-14.0.1/dist/gitlens.js:1:36424)
	at I (/var/lib/snapd/snap/code/132/usr/share/code/resources/app/out/vs/workbench/api/node/extensionHostProcess.js:10:12083)
	at n.Z (/var/lib/snapd/snap/code/132/usr/share/code/resources/app/out/vs/workbench/api/node/extensionHostProcess.js:113:11285)
	at /var/lib/snapd/snap/code/132/usr/share/code/resources/app/out/vs/workbench/api/node/extensionHostProcess.js:113:9187
	at Array.map (<anonymous>)
	at n.S (/var/lib/snapd/snap/code/132/usr/share/code/resources/app/out/vs/workbench/api/node/extensionHostProcess.js:113:9175)
	at n.terminate (/var/lib/snapd/snap/code/132/usr/share/code/resources/app/out/vs/workbench/api/node/extensionHostProcess.js:113:9445)
	at h.terminate (/var/lib/snapd/snap/code/132/usr/share/code/resources/app/out/vs/workbench/api/node/extensionHostProcess.js:117:1544)
	at p (/var/lib/snapd/snap/code/132/usr/share/code/resources/app/out/vs/workbench/api/node/extensionHostProcess.js:127:34497)
	at MessagePortMain.<anonymous> (/var/lib/snapd/snap/code/132/usr/share/code/resources/app/out/vs/workbench/api/node/extensionHostProcess.js:127:30636)
	at MessagePortMain.emit (node:events:513:28)
	at MessagePortMain._internalPort.emit (node:electron/js2c/utility_init:2:367) setContext undefined
2023-07-12 15:01:47.134 [error] Canceled: Canceled
	at new l (/var/lib/snapd/snap/code/132/usr/share/code/resources/app/out/vs/workbench/api/node/extensionHostProcess.js:99:105905)
	at s.O (/var/lib/snapd/snap/code/132/usr/share/code/resources/app/out/vs/workbench/api/node/extensionHostProcess.js:111:11754)
	at $.<computed>.j.charCodeAt.$.<computed> (/var/lib/snapd/snap/code/132/usr/share/code/resources/app/out/vs/workbench/api/node/extensionHostProcess.js:111:9029)
	at e.ExtHostCommands.g (/var/lib/snapd/snap/code/132/usr/share/code/resources/app/out/vs/workbench/api/node/extensionHostProcess.js:99:130078)
	at e.ExtHostCommands.executeCommand (/var/lib/snapd/snap/code/132/usr/share/code/resources/app/out/vs/workbench/api/node/extensionHostProcess.js:99:129454)
	at k.registerCommand.description (/var/lib/snapd/snap/code/132/usr/share/code/resources/app/out/vs/workbench/api/node/extensionHostProcess.js:99:128747)
	at e.ExtHostCommands.h (/var/lib/snapd/snap/code/132/usr/share/code/resources/app/out/vs/workbench/api/node/extensionHostProcess.js:99:130664)
	at e.ExtHostCommands.g (/var/lib/snapd/snap/code/132/usr/share/code/resources/app/out/vs/workbench/api/node/extensionHostProcess.js:99:129554)
	at e.ExtHostCommands.executeCommand (/var/lib/snapd/snap/code/132/usr/share/code/resources/app/out/vs/workbench/api/node/extensionHostProcess.js:99:129454)
	at Object.executeCommand (/var/lib/snapd/snap/code/132/usr/share/code/resources/app/out/vs/workbench/api/node/extensionHostProcess.js:117:24230)
	at g (/home/morishita/.vscode/extensions/eamodio.gitlens-14.0.1/dist/gitlens.js:1:916739)
	at c (/home/morishita/.vscode/extensions/eamodio.gitlens-14.0.1/dist/gitlens.js:1:921419)
	at ActionRunners._updateContextKeys (/home/morishita/.vscode/extensions/eamodio.gitlens-14.0.1/dist/gitlens.js:1:37764)
	at s (/home/morishita/.vscode/extensions/eamodio.gitlens-14.0.1/dist/gitlens.js:1:36183)
	at RegisteredActionRunner.unregister (/home/morishita/.vscode/extensions/eamodio.gitlens-14.0.1/dist/gitlens.js:1:36327)
	at RegisteredActionRunner.dispose (/home/morishita/.vscode/extensions/eamodio.gitlens-14.0.1/dist/gitlens.js:1:34992)
	at Object.dispose (/home/morishita/.vscode/extensions/eamodio.gitlens-14.0.1/dist/gitlens.js:1:36424)
	at I (/var/lib/snapd/snap/code/132/usr/share/code/resources/app/out/vs/workbench/api/node/extensionHostProcess.js:10:12083)
	at n.Z (/var/lib/snapd/snap/code/132/usr/share/code/resources/app/out/vs/workbench/api/node/extensionHostProcess.js:113:11285)
	at /var/lib/snapd/snap/code/132/usr/share/code/resources/app/out/vs/workbench/api/node/extensionHostProcess.js:113:9187
	at Array.map (<anonymous>)
	at n.S (/var/lib/snapd/snap/code/132/usr/share/code/resources/app/out/vs/workbench/api/node/extensionHostProcess.js:113:9175)
	at n.terminate (/var/lib/snapd/snap/code/132/usr/share/code/resources/app/out/vs/workbench/api/node/extensionHostProcess.js:113:9445)
	at h.terminate (/var/lib/snapd/snap/code/132/usr/share/code/resources/app/out/vs/workbench/api/node/extensionHostProcess.js:117:1544)
	at p (/var/lib/snapd/snap/code/132/usr/share/code/resources/app/out/vs/workbench/api/node/extensionHostProcess.js:127:34497)
	at MessagePortMain.<anonymous> (/var/lib/snapd/snap/code/132/usr/share/code/resources/app/out/vs/workbench/api/node/extensionHostProcess.js:127:30636)
	at MessagePortMain.emit (node:events:513:28)
	at MessagePortMain._internalPort.emit (node:electron/js2c/utility_init:2:367) setContext undefined
2023-07-12 15:01:47.135 [error] Canceled: Canceled
	at new l (/var/lib/snapd/snap/code/132/usr/share/code/resources/app/out/vs/workbench/api/node/extensionHostProcess.js:99:105905)
	at s.O (/var/lib/snapd/snap/code/132/usr/share/code/resources/app/out/vs/workbench/api/node/extensionHostProcess.js:111:11754)
	at $.<computed>.j.charCodeAt.$.<computed> (/var/lib/snapd/snap/code/132/usr/share/code/resources/app/out/vs/workbench/api/node/extensionHostProcess.js:111:9029)
	at e.ExtHostCommands.g (/var/lib/snapd/snap/code/132/usr/share/code/resources/app/out/vs/workbench/api/node/extensionHostProcess.js:99:130078)
	at e.ExtHostCommands.executeCommand (/var/lib/snapd/snap/code/132/usr/share/code/resources/app/out/vs/workbench/api/node/extensionHostProcess.js:99:129454)
	at k.registerCommand.description (/var/lib/snapd/snap/code/132/usr/share/code/resources/app/out/vs/workbench/api/node/extensionHostProcess.js:99:128747)
	at e.ExtHostCommands.h (/var/lib/snapd/snap/code/132/usr/share/code/resources/app/out/vs/workbench/api/node/extensionHostProcess.js:99:130664)
	at e.ExtHostCommands.g (/var/lib/snapd/snap/code/132/usr/share/code/resources/app/out/vs/workbench/api/node/extensionHostProcess.js:99:129554)
	at e.ExtHostCommands.executeCommand (/var/lib/snapd/snap/code/132/usr/share/code/resources/app/out/vs/workbench/api/node/extensionHostProcess.js:99:129454)
	at Object.executeCommand (/var/lib/snapd/snap/code/132/usr/share/code/resources/app/out/vs/workbench/api/node/extensionHostProcess.js:117:24230)
	at g (/home/morishita/.vscode/extensions/eamodio.gitlens-14.0.1/dist/gitlens.js:1:916739)
	at c (/home/morishita/.vscode/extensions/eamodio.gitlens-14.0.1/dist/gitlens.js:1:921419)
	at ActionRunners._updateContextKeys (/home/morishita/.vscode/extensions/eamodio.gitlens-14.0.1/dist/gitlens.js:1:37764)
	at s (/home/morishita/.vscode/extensions/eamodio.gitlens-14.0.1/dist/gitlens.js:1:36183)
	at RegisteredActionRunner.unregister (/home/morishita/.vscode/extensions/eamodio.gitlens-14.0.1/dist/gitlens.js:1:36327)
	at RegisteredActionRunner.dispose (/home/morishita/.vscode/extensions/eamodio.gitlens-14.0.1/dist/gitlens.js:1:34992)
	at Object.dispose (/home/morishita/.vscode/extensions/eamodio.gitlens-14.0.1/dist/gitlens.js:1:36424)
	at I (/var/lib/snapd/snap/code/132/usr/share/code/resources/app/out/vs/workbench/api/node/extensionHostProcess.js:10:12083)
	at n.Z (/var/lib/snapd/snap/code/132/usr/share/code/resources/app/out/vs/workbench/api/node/extensionHostProcess.js:113:11285)
	at /var/lib/snapd/snap/code/132/usr/share/code/resources/app/out/vs/workbench/api/node/extensionHostProcess.js:113:9187
	at Array.map (<anonymous>)
	at n.S (/var/lib/snapd/snap/code/132/usr/share/code/resources/app/out/vs/workbench/api/node/extensionHostProcess.js:113:9175)
	at n.terminate (/var/lib/snapd/snap/code/132/usr/share/code/resources/app/out/vs/workbench/api/node/extensionHostProcess.js:113:9445)
	at h.terminate (/var/lib/snapd/snap/code/132/usr/share/code/resources/app/out/vs/workbench/api/node/extensionHostProcess.js:117:1544)
	at p (/var/lib/snapd/snap/code/132/usr/share/code/resources/app/out/vs/workbench/api/node/extensionHostProcess.js:127:34497)
	at MessagePortMain.<anonymous> (/var/lib/snapd/snap/code/132/usr/share/code/resources/app/out/vs/workbench/api/node/extensionHostProcess.js:127:30636)
	at MessagePortMain.emit (node:events:513:28)
	at MessagePortMain._internalPort.emit (node:electron/js2c/utility_init:2:367) setContext undefined
2023-07-12 15:01:47.136 [error] Canceled: Canceled
	at new l (/var/lib/snapd/snap/code/132/usr/share/code/resources/app/out/vs/workbench/api/node/extensionHostProcess.js:99:105905)
	at s.O (/var/lib/snapd/snap/code/132/usr/share/code/resources/app/out/vs/workbench/api/node/extensionHostProcess.js:111:11754)
	at $.<computed>.j.charCodeAt.$.<computed> (/var/lib/snapd/snap/code/132/usr/share/code/resources/app/out/vs/workbench/api/node/extensionHostProcess.js:111:9029)
	at e.ExtHostCommands.g (/var/lib/snapd/snap/code/132/usr/share/code/resources/app/out/vs/workbench/api/node/extensionHostProcess.js:99:130078)
	at e.ExtHostCommands.executeCommand (/var/lib/snapd/snap/code/132/usr/share/code/resources/app/out/vs/workbench/api/node/extensionHostProcess.js:99:129454)
	at k.registerCommand.description (/var/lib/snapd/snap/code/132/usr/share/code/resources/app/out/vs/workbench/api/node/extensionHostProcess.js:99:128747)
	at e.ExtHostCommands.h (/var/lib/snapd/snap/code/132/usr/share/code/resources/app/out/vs/workbench/api/node/extensionHostProcess.js:99:130664)
	at e.ExtHostCommands.g (/var/lib/snapd/snap/code/132/usr/share/code/resources/app/out/vs/workbench/api/node/extensionHostProcess.js:99:129554)
	at e.ExtHostCommands.executeCommand (/var/lib/snapd/snap/code/132/usr/share/code/resources/app/out/vs/workbench/api/node/extensionHostProcess.js:99:129454)
	at Object.executeCommand (/var/lib/snapd/snap/code/132/usr/share/code/resources/app/out/vs/workbench/api/node/extensionHostProcess.js:117:24230)
	at Fg.reset (/home/morishita/.vscode/extensions/github.vscode-pull-request-github-0.66.2/dist/extension.js:1836:2501)
	at Fg.dispose (/home/morishita/.vscode/extensions/github.vscode-pull-request-github-0.66.2/dist/extension.js:1836:2740)
	at I (/var/lib/snapd/snap/code/132/usr/share/code/resources/app/out/vs/workbench/api/node/extensionHostProcess.js:10:12083)
	at n.Z (/var/lib/snapd/snap/code/132/usr/share/code/resources/app/out/vs/workbench/api/node/extensionHostProcess.js:113:11285)
	at /var/lib/snapd/snap/code/132/usr/share/code/resources/app/out/vs/workbench/api/node/extensionHostProcess.js:113:9187
	at Array.map (<anonymous>)
	at n.S (/var/lib/snapd/snap/code/132/usr/share/code/resources/app/out/vs/workbench/api/node/extensionHostProcess.js:113:9175)
	at n.terminate (/var/lib/snapd/snap/code/132/usr/share/code/resources/app/out/vs/workbench/api/node/extensionHostProcess.js:113:9445)
	at h.terminate (/var/lib/snapd/snap/code/132/usr/share/code/resources/app/out/vs/workbench/api/node/extensionHostProcess.js:117:1544)
	at p (/var/lib/snapd/snap/code/132/usr/share/code/resources/app/out/vs/workbench/api/node/extensionHostProcess.js:127:34497)
	at MessagePortMain.<anonymous> (/var/lib/snapd/snap/code/132/usr/share/code/resources/app/out/vs/workbench/api/node/extensionHostProcess.js:127:30636)
	at MessagePortMain.emit (node:events:513:28)
	at MessagePortMain._internalPort.emit (node:electron/js2c/utility_init:2:367) setContext undefined
2023-07-12 15:01:47.138 [error] Canceled: Canceled
	at new l (/var/lib/snapd/snap/code/132/usr/share/code/resources/app/out/vs/workbench/api/node/extensionHostProcess.js:99:105905)
	at s.O (/var/lib/snapd/snap/code/132/usr/share/code/resources/app/out/vs/workbench/api/node/extensionHostProcess.js:111:11754)
	at $.<computed>.j.charCodeAt.$.<computed> (/var/lib/snapd/snap/code/132/usr/share/code/resources/app/out/vs/workbench/api/node/extensionHostProcess.js:111:9029)
	at e.ExtHostCommands.g (/var/lib/snapd/snap/code/132/usr/share/code/resources/app/out/vs/workbench/api/node/extensionHostProcess.js:99:130078)
	at e.ExtHostCommands.executeCommand (/var/lib/snapd/snap/code/132/usr/share/code/resources/app/out/vs/workbench/api/node/extensionHostProcess.js:99:129454)
	at k.registerCommand.description (/var/lib/snapd/snap/code/132/usr/share/code/resources/app/out/vs/workbench/api/node/extensionHostProcess.js:99:128747)
	at e.ExtHostCommands.h (/var/lib/snapd/snap/code/132/usr/share/code/resources/app/out/vs/workbench/api/node/extensionHostProcess.js:99:130664)
	at e.ExtHostCommands.g (/var/lib/snapd/snap/code/132/usr/share/code/resources/app/out/vs/workbench/api/node/extensionHostProcess.js:99:129554)
	at e.ExtHostCommands.executeCommand (/var/lib/snapd/snap/code/132/usr/share/code/resources/app/out/vs/workbench/api/node/extensionHostProcess.js:99:129454)
	at Object.executeCommand (/var/lib/snapd/snap/code/132/usr/share/code/resources/app/out/vs/workbench/api/node/extensionHostProcess.js:117:24230)
	at g (/home/morishita/.vscode/extensions/eamodio.gitlens-14.0.1/dist/gitlens.js:1:916739)
	at c (/home/morishita/.vscode/extensions/eamodio.gitlens-14.0.1/dist/gitlens.js:1:921419)
	at ActionRunners._updateContextKeys (/home/morishita/.vscode/extensions/eamodio.gitlens-14.0.1/dist/gitlens.js:1:37764)
	at s (/home/morishita/.vscode/extensions/eamodio.gitlens-14.0.1/dist/gitlens.js:1:36183)
	at RegisteredActionRunner.unregister (/home/morishita/.vscode/extensions/eamodio.gitlens-14.0.1/dist/gitlens.js:1:36327)
	at RegisteredActionRunner.dispose (/home/morishita/.vscode/extensions/eamodio.gitlens-14.0.1/dist/gitlens.js:1:34992)
	at Object.dispose (/home/morishita/.vscode/extensions/eamodio.gitlens-14.0.1/dist/gitlens.js:1:36424)
	at r.<anonymous> (/var/lib/snapd/snap/code/132/usr/share/code/resources/app/out/vs/workbench/api/node/extensionHostProcess.js:97:12552)
	at r.dispose (/var/lib/snapd/snap/code/132/usr/share/code/resources/app/out/vs/workbench/api/node/extensionHostProcess.js:97:12687)
	at ig.dispose (/home/morishita/.vscode/extensions/github.vscode-pull-request-github-0.66.2/dist/extension.js:1803:35724)
	at I (/var/lib/snapd/snap/code/132/usr/share/code/resources/app/out/vs/workbench/api/node/extensionHostProcess.js:10:12083)
	at n.Z (/var/lib/snapd/snap/code/132/usr/share/code/resources/app/out/vs/workbench/api/node/extensionHostProcess.js:113:11285)
	at /var/lib/snapd/snap/code/132/usr/share/code/resources/app/out/vs/workbench/api/node/extensionHostProcess.js:113:9187
	at Array.map (<anonymous>)
	at n.S (/var/lib/snapd/snap/code/132/usr/share/code/resources/app/out/vs/workbench/api/node/extensionHostProcess.js:113:9175)
	at n.terminate (/var/lib/snapd/snap/code/132/usr/share/code/resources/app/out/vs/workbench/api/node/extensionHostProcess.js:113:9445)
	at h.terminate (/var/lib/snapd/snap/code/132/usr/share/code/resources/app/out/vs/workbench/api/node/extensionHostProcess.js:117:1544)
	at p (/var/lib/snapd/snap/code/132/usr/share/code/resources/app/out/vs/workbench/api/node/extensionHostProcess.js:127:34497)
	at MessagePortMain.<anonymous> (/var/lib/snapd/snap/code/132/usr/share/code/resources/app/out/vs/workbench/api/node/extensionHostProcess.js:127:30636)
	at MessagePortMain.emit (node:events:513:28)
	at MessagePortMain._internalPort.emit (node:electron/js2c/utility_init:2:367) setContext undefined
2023-07-12 15:01:47.153 [info] Extension host with pid 1960 exiting with code 0
