make all --print-data-base --no-builtin-variables --no-builtin-rules --question
# GNU Make 4.4.1
# Built for x86_64-pc-linux-gnu
# Copyright (C) 1988-2023 Free Software Foundation, Inc.
# License GPLv3+: GNU GPL version 3 or later <https://gnu.org/licenses/gpl.html>
# This is free software: you are free to change and redistribute it.
# There is NO WARRANTY, to the extent permitted by law.

# Make data base, printed on Fri Jul  7 09:26:35 2023

# Variables

# environment
GDK_BACKEND = x11
# environment
LC_ALL = C
# environment
NO_AT_BRIDGE = 1
# environment
STARSHIP_SESSION_KEY = 1923327453080712
# environment
SNAP_LAUNCHER_ARCH_TRIPLET = x86_64-linux-gnu
# environment
VSCODE_CRASH_REPORTER_PROCESS_TYPE = extensionHost
# environment
VSCODE_CWD = /home/morishita
# default
MAKE_COMMAND := make
# automatic
@D = $(patsubst %/,%,$(dir $@))
# environment
SNAP_INSTANCE_NAME = code
# environment
GDK_PIXBUF_MODULEDIR = /snap/code/132/usr/lib/x86_64-linux-gnu/gdk-pixbuf-2.0/2.10.0/loaders
# environment
VSCODE_HANDLES_UNCAUGHT_ERRORS = true
# default
.VARIABLES := 
# environment
PWD = /home/morishita/LightOS
# automatic
%D = $(patsubst %/,%,$(dir $%))
# environment
MAIL = /var/spool/mail/morishita
# environment
XDG_DATA_DIRS = /home/morishita/snap/code/132/.local/share:/home/morishita/snap/code/132:/snap/code/132/usr/share:/usr/local/share:/usr/share:/var/lib/snapd/desktop
# automatic
^D = $(patsubst %/,%,$(dir $^))
# automatic
%F = $(notdir $%)
# environment
VSCODE_CODE_CACHE_PATH = /home/morishita/.config/Code/CachedData/695af097c7bd098fbf017ce3ac85e09bbc5dda06
# environment
XDG_SESSION_PATH = /org/freedesktop/DisplayManager/Session3
# environment
LANG = C
# default
.LOADED := 
# default
.INCLUDE_DIRS := /usr/local/include /usr/include
# makefile
MAKEFLAGS = pqrR
# environment
HYPRLAND_INSTANCE_SIGNATURE = 51a930f802c71a0e67f05e7b176ded74e8e95f87_1688732782
# makefile
CURDIR := /home/morishita/LightOS
# environment
APPLICATION_INSIGHTS_NO_DIAGNOSTIC_CHANNEL = 1
# automatic
*D = $(patsubst %/,%,$(dir $*))
# environment
MFLAGS = -pqrR
# default
.SHELLFLAGS := -c
# environment
WAYLAND_DISPLAY = wayland-1
# automatic
+D = $(patsubst %/,%,$(dir $+))
# environment
XDG_SESSION_DESKTOP = Hyprland
# makefile (from 'Makefile', line 1)
MAKEFILE_LIST := Makefile
# automatic
@F = $(notdir $@)
# environment
VSCODE_PID = 1097
# environment
MOZ_ENABLE_WAYLAND = 1
# environment
XDG_SESSION_TYPE = wayland
# automatic
?D = $(patsubst %/,%,$(dir $?))
# environment
BAMF_DESKTOP_FILE_HINT = /var/lib/snapd/desktop/applications/code_code.desktop
# makefile (from 'Makefile', line 3)
FLAGS = -g -ffreestanding -falign-jumps -falign-functions -falign-labels -falign-loops -fstrength-reduce -fomit-frame-pointer -finline-functions -Wno-unused-functions -fno-builtin -Werror -Wno-unused-label -Wno-cpp -Wno-unused-parameter -nostdlib -nostartfiles -nodefaultlibs -Wall -O0 -Iinc
# makefile (from 'Makefile', line 2)
INCLUDES = -I./src
# automatic
*F = $(notdir $*)
# environment
CHROME_DESKTOP = code-url-handler.desktop
# environment
DBUS_SESSION_BUS_ADDRESS = unix:path=/run/user/1000/bus
# automatic
<D = $(patsubst %/,%,$(dir $<))
# environment
VSCODE_NLS_CONFIG = {"locale":"en-us","osLocale":"en-us","availableLanguages":{},"_languagePackSupport":true}
# default
MAKE_HOST := x86_64-pc-linux-gnu
# environment
GTK_PATH = /snap/code/132/usr/lib/x86_64-linux-gnu/gtk-3.0
# makefile
SHELL = /bin/sh
# default
MAKECMDGOALS := all
# environment
SHLVL = 1
# environment
MAKELEVEL := 0
# default
MAKE = $(MAKE_COMMAND)
# environment
SNAP_COOKIE = NNw2Orj0eK_7Ifw3aJDZzASbWJp2y44pg63sccHh8t26rUYba3y3
# environment
PATH = /usr/local/sbin:/usr/local/bin:/usr/bin:/usr/lib/jvm/default/bin:/usr/bin/site_perl:/usr/bin/vendor_perl:/usr/bin/core_perl:/var/lib/snapd/snap/bin
# default
MAKEFILES := 
# environment
MOTD_SHOWN = pam
# automatic
^F = $(notdir $^)
# environment
SNAP_USER_COMMON = /home/morishita/snap/code/common
# environment
SNAP = /snap/code/132
# environment
XDG_BACKEND = wayland
# environment
SNAP_REVISION = 132
# environment
SNAP_REAL_HOME = /home/morishita
# environment
_JAVA_AWT_WM_NONREPARENTING = 1
# makefile (from 'Makefile', line 1)
FILES = ./build/kernel.asm.o ./build/kernel.o
# automatic
?F = $(notdir $?)
# environment
GTK_IM_MODULE_FILE = /home/morishita/snap/code/common/.cache/immodules/immodules.cache
# environment
XDG_SEAT = seat0
# environment
XDG_CURRENT_DESKTOP = Hyprland
# automatic
+F = $(notdir $+)
# environment
XDG_SEAT_PATH = /org/freedesktop/DisplayManager/Seat0
# environment
DESKTOP_SESSION = hyprland
# environment
ORIGINAL_XDG_CURRENT_DESKTOP = Hyprland
# environment
LOCPATH = /snap/code/132/usr/lib/locale
# 'override' directive
GNUMAKEFLAGS := 
# environment
LOGNAME = morishita
# environment
HYPRLAND_CMD = Hyprland
# environment
LIBVA_DRIVER_NAME = nvidia
# environment
GIO_LAUNCHED_DESKTOP_FILE = /var/lib/snapd/desktop/applications/code_code.desktop
# environment
SNAP_ARCH = amd64
# environment
XDG_VTNR = 1
# makefile
.DEFAULT_GOAL := all
# environment
DISPLAY = :1
# environment
USER = morishita
# default
MAKE_VERSION := 4.4.1
# environment
SNAP_DATA = /var/snap/code/132
# environment
SNAP_CONTEXT = NNw2Orj0eK_7Ifw3aJDZzASbWJp2y44pg63sccHh8t26rUYba3y3
# environment
DEBUGINFOD_URLS = https://debuginfod.archlinux.org 
# environment
STARSHIP_SHELL = bash
# environment
GIO_LAUNCHED_DESKTOP_FILE_PID = 1048
# environment
_ = /usr/bin/make
# environment
XDG_RUNTIME_DIR = /run/user/1000
# environment
GDK_PIXBUF_MODULE_FILE = /home/morishita/snap/code/common/.cache/gdk-pixbuf-loaders.cache
# environment
GIO_MODULE_DIR = /home/morishita/snap/code/common/.cache/gio-modules
# environment
XDG_SESSION_CLASS = user
# environment
WLR_NO_HARDWARE_CURSORS = 1
# environment
VSCODE_AMD_ENTRYPOINT = vs/workbench/api/node/extensionHostProcess
# environment
HOME = /home/morishita
# environment
ELECTRON_RUN_AS_NODE = 1
# environment
VSCODE_IPC_HOOK = /run/user/1000/vscode-6ced5236-1.79-main.sock
# environment
GTK_EXE_PREFIX = /snap/code/132/usr
# environment
SNAP_NAME = code
# environment
GSETTINGS_SCHEMA_DIR = /home/morishita/snap/code/132/.local/share/glib-2.0/schemas
# environment
XDG_SESSION_ID = 2
# environment
XCURSOR_SIZE = 24
# default
.RECIPEPREFIX := 
# automatic
<F = $(notdir $<)
# environment
SNAP_VERSION = 695af097
# default
SUFFIXES := 
# environment
VSCODE_CLI = 1
# environment
ELECTRON_NO_ATTACH_CONSOLE = 1
# environment
SNAP_COMMON = /var/snap/code/common
# default
.FEATURES := target-specific order-only second-expansion else-if shortest-stem undefine oneshell nocomment grouped-target extra-prereqs notintermediate shell-export archives jobserver jobserver-fifo output-sync check-symlink guile load
# environment
SNAP_USER_DATA = /home/morishita/snap/code/132
# environment
SNAP_LIBRARY_PATH = /var/lib/snapd/lib/gl:/var/lib/snapd/lib/gl32:/var/lib/snapd/void
# variable set hash-table stats:
# Load=117/1024=11%, Rehash=0, Collisions=2/150=1%

# Pattern-specific Variable Values

# No pattern-specific variable values.

# Directories

# . (device 66306, inode 4326338): 8 files, no impossibilities.

# 8 files, no impossibilities in 1 directories.

# Implicit Rules

# No implicit rules.

# Files

bin/boot.bin: src/boot/boot.asm
#  Implicit rule search has not been done.
#  File is secondary (prerequisite of .SECONDARY).
#  Last modified 2023-07-06 15:34:52.010315417
#  File has been updated.
#  Successfully updated.
#  recipe to execute (from 'Makefile', line 17):
	nasm -f bin ./src/boot/boot.asm -o ./bin/boot.bin

bin/kernel.bin: build/kernel.asm.o build/kernel.o
#  Implicit rule search has not been done.
#  File is secondary (prerequisite of .SECONDARY).
#  Last modified 2023-07-06 16:24:25.577854445
#  File has been updated.
#  Successfully updated.
#  recipe to execute (from 'Makefile', line 13):
 
	i686-elf-ld -g -relocatable $(FILES) -o ./build/kernelfull.o
	i686-elf-gcc $(FLAGS) -T ./src/linker.ld -o ./bin/kernel.bin -ffreestanding -O0 -nostdlib ./build/kernelfull.o

# Not a target:
src/kernel.o:
#  Implicit rule search has been done.
#  File is secondary (prerequisite of .SECONDARY).
#  Last modified 2023-07-06 16:24:25.547854342
#  File has been updated.
#  Successfully updated.

# Not a target:
Makefile:
#  Implicit rule search has been done.
#  File is secondary (prerequisite of .SECONDARY).
#  Last modified 2023-07-06 14:48:04.413408944
#  File has been updated.
#  Successfully updated.

clean:
#  Implicit rule search has not been done.
#  Modification time never checked.
#  File has not been updated.
#  recipe to execute (from 'Makefile', line 26):
	rm -rf ./bin/boot.bin
	rm -rf ./bin/kernel.bin
	rm -rf ./bin/os.bin
	rm -rf ${FILES}
	rm -rf ./build/kernelfull.o

build/kernel.o: src/kernel.o
#  Implicit rule search has not been done.
#  File is secondary (prerequisite of .SECONDARY).
#  Last modified 2023-07-06 16:24:25.567854411
#  File has been updated.
#  Successfully updated.
#  recipe to execute (from 'Makefile', line 23):
	i686-elf-gcc $(INCLUDES) $(FLAGS) -std=gnu99 -c ./src/kernel.c -o ./build/kernel.o

# Not a target:
src/kernel.asm:
#  Implicit rule search has been done.
#  File is secondary (prerequisite of .SECONDARY).
#  Last modified 2023-07-06 15:10:21.406435016
#  File has been updated.
#  Successfully updated.

# Not a target:
src/boot/boot.asm:
#  Implicit rule search has been done.
#  File is secondary (prerequisite of .SECONDARY).
#  Last modified 2023-07-06 14:38:22.506862736
#  File has been updated.
#  Successfully updated.

# Not a target:
.DEFAULT:
#  Implicit rule search has not been done.
#  Modification time never checked.
#  File has not been updated.

all: bin/boot.bin bin/kernel.bin
#  Command line target.
#  Implicit rule search has not been done.
#  Implicit/static pattern stem: ''
#  File does not exist.
#  File has been updated.
#  Needs to be updated (-q is set).
# automatic
# @ := all
# automatic
# * := 
# automatic
# < := bin/boot.bin
# automatic
# + := bin/boot.bin bin/kernel.bin
# automatic
# % := 
# automatic
# ^ := bin/boot.bin bin/kernel.bin
# automatic
# ? := bin/boot.bin bin/kernel.bin
# automatic
# | := 
# variable set hash-table stats:
# Load=8/32=25%, Rehash=0, Collisions=1/11=9%
#  recipe to execute (from 'Makefile', line 6):
	rm -rf ./bin/os.bin
	dd if=./bin/boot.bin >> ./bin/os.bin
	dd if=./bin/kernel.bin >> ./bin/os.bin
	dd if=/dev/zero bs=512 count=100 >> ./bin/os.bin
	

build/kernel.asm.o: src/kernel.asm
#  Implicit rule search has not been done.
#  File is secondary (prerequisite of .SECONDARY).
#  Last modified 2023-07-06 15:34:52.013648766
#  File has been updated.
#  Successfully updated.
#  recipe to execute (from 'Makefile', line 20):
	nasm -f elf -g ./src/kernel.asm -o ./build/kernel.asm.o

# Not a target:
.SUFFIXES:
#  Implicit rule search has not been done.
#  Modification time never checked.
#  File has not been updated.

# files hash-table stats:
# Load=12/1024=1%, Rehash=0, Collisions=0/36=0%
# VPATH Search Paths

# No 'vpath' search paths.

# No general ('VPATH' variable) search path.

# strcache buffers: 1 (0) / strings = 22 / storage = 217 B / avg = 9 B
# current buf: size = 8162 B / used = 217 B / count = 22 / avg = 9 B

# strcache performance: lookups = 37 / hit rate = 40%
# hash-table stats:
# Load=22/8192=0%, Rehash=0, Collisions=0/37=0%
# Finished Make data base on Fri Jul  7 09:26:35 2023

 
