2023-06-27 14:08:05.576 [info] Log level: Info
2023-06-27 14:08:05.576 [info] Validating found git in: "git"
2023-06-27 14:08:05.576 [info] Using git "2.41.0" from "git"
2023-06-27 14:08:05.576 [info] > git rev-parse --show-toplevel [3ms]
2023-06-27 14:08:05.576 [info] > git rev-parse --git-dir --git-common-dir [4ms]
2023-06-27 14:08:05.576 [info] Open repository: /home/morishita/Dev/Infocar/Enviroments/dev-environment
2023-06-27 14:08:05.576 [info] > git rev-parse --show-toplevel [11ms]
2023-06-27 14:08:05.576 [info] > git rev-parse --show-toplevel [17ms]
2023-06-27 14:08:05.576 [info] > git config --get commit.template [34ms]
2023-06-27 14:08:05.577 [info] > git rev-parse --show-toplevel [11ms]
2023-06-27 14:08:05.590 [info] > git rev-parse --show-toplevel [7ms]
2023-06-27 14:08:05.597 [info] > git for-each-ref --format=%(refname)%00%(upstream:short)%00%(objectname)%00%(upstream:track)%00%(upstream:remotename)%00%(upstream:remoteref) refs/heads/master refs/remotes/master [8ms]
2023-06-27 14:08:05.604 [info] > git rev-parse --show-toplevel [8ms]
2023-06-27 14:08:05.610 [info] > git status -z -uall [8ms]
2023-06-27 14:08:05.634 [info] > git config --get commit.template [9ms]
2023-06-27 14:08:05.635 [info] > git for-each-ref --format=%(refname)%00%(upstream:short)%00%(objectname)%00%(upstream:track)%00%(upstream:remotename)%00%(upstream:remoteref) refs/heads/master refs/remotes/master [1ms]
2023-06-27 14:08:05.643 [info] > git status -z -uall [4ms]
2023-06-27 14:08:06.061 [info] > git check-ignore -v -z --stdin [2ms]
2023-06-27 14:08:10.261 [info] > git show --textconv :.env.infocar [7ms]
2023-06-27 14:08:10.263 [info] > git ls-files --stage -- /home/morishita/Dev/Infocar/Enviroments/dev-environment/.env.infocar [2ms]
2023-06-27 14:08:10.268 [info] > git cat-file -s 8ac8f8a4b1af46c142d9dc64d95af1267a25ff93 [0ms]
2023-06-27 14:08:18.570 [info] > git config --get commit.template [8ms]
2023-06-27 14:08:18.580 [info] > git for-each-ref --format=%(refname)%00%(upstream:short)%00%(objectname)%00%(upstream:track)%00%(upstream:remotename)%00%(upstream:remoteref) refs/heads/master refs/remotes/master [2ms]
2023-06-27 14:08:18.588 [info] > git status -z -uall [3ms]
2023-06-27 14:08:22.390 [info] > git show --textconv :.env.infovist [6ms]
2023-06-27 14:08:22.392 [info] > git ls-files --stage -- /home/morishita/Dev/Infocar/Enviroments/dev-environment/.env.infovist [3ms]
2023-06-27 14:08:22.400 [info] > git cat-file -s 397e573c373ceb2b675100fec7eb024f29622c5c [1ms]
2023-06-27 14:08:23.608 [info] > git config --get commit.template [6ms]
2023-06-27 14:08:23.608 [info] > git for-each-ref --format=%(refname)%00%(upstream:short)%00%(objectname)%00%(upstream:track)%00%(upstream:remotename)%00%(upstream:remoteref) refs/heads/master refs/remotes/master [2ms]
2023-06-27 14:08:23.618 [info] > git status -z -uall [5ms]
2023-06-27 14:08:24.713 [info] > git show --textconv :docker-compose.dev.yml [9ms]
2023-06-27 14:08:24.715 [info] > git ls-files --stage -- /home/morishita/Dev/Infocar/Enviroments/dev-environment/docker-compose.dev.yml [3ms]
2023-06-27 14:08:24.722 [info] > git cat-file -s 938c4cfc26e5006f984d51c71d8814e27b160522 [1ms]
2023-06-27 14:08:50.481 [info] > git show --textconv :docker-compose.full.yml [5ms]
2023-06-27 14:08:50.482 [info] > git ls-files --stage -- /home/morishita/Dev/Infocar/Enviroments/dev-environment/docker-compose.full.yml [1ms]
2023-06-27 14:08:50.487 [info] > git cat-file -s df2660d7d75fd2e2d73e481ec1f85e2cd006258d [1ms]
2023-06-27 14:08:52.134 [info] > git show --textconv :docker-compose.prd.yml [8ms]
2023-06-27 14:08:52.135 [info] > git ls-files --stage -- /home/morishita/Dev/Infocar/Enviroments/dev-environment/docker-compose.prd.yml [2ms]
2023-06-27 14:08:52.142 [info] > git cat-file -s 65cc066f2df41cc988fcb290c28ef6e15612f718 [3ms]
2023-06-27 14:08:53.269 [info] > git show --textconv :Makefile [10ms]
2023-06-27 14:08:53.272 [info] > git ls-files --stage -- /home/morishita/Dev/Infocar/Enviroments/dev-environment/Makefile [3ms]
2023-06-27 14:08:53.280 [info] > git cat-file -s 11ac299c039132227454e3bed568485cf18fca28 [2ms]
