2023-07-11 15:59:04.855 [info] Log level: Info
2023-07-11 15:59:04.855 [info] Validating found git in: "git"
2023-07-11 15:59:04.855 [info] Using git "2.41.0" from "git"
2023-07-11 15:59:04.855 [info] > git rev-parse --show-toplevel [279ms]
2023-07-11 15:59:04.856 [info] > git rev-parse --git-dir --git-common-dir [14ms]
2023-07-11 15:59:04.872 [info] Open repository: /home/morishita/Dev/LightStand/Backend/smart-pass-backend
2023-07-11 15:59:04.909 [info] > git rev-parse --show-toplevel [25ms]
2023-07-11 15:59:04.921 [info] > git config --get commit.template [12ms]
2023-07-11 15:59:04.932 [info] > git rev-parse --show-toplevel [13ms]
2023-07-11 15:59:04.962 [info] > git rev-parse --show-toplevel [22ms]
2023-07-11 15:59:04.973 [info] > git for-each-ref --format=%(refname)%00%(upstream:short)%00%(objectname)%00%(upstream:track)%00%(upstream:remotename)%00%(upstream:remoteref) refs/heads/gm-pdf-logics refs/remotes/gm-pdf-logics [42ms]
2023-07-11 15:59:04.990 [info] > git rev-parse --show-toplevel [18ms]
2023-07-11 15:59:05.006 [info] > git status -z -uall [20ms]
2023-07-11 15:59:05.006 [info] > git rev-parse --show-toplevel [8ms]
2023-07-11 15:59:05.031 [info] > git rev-parse --show-toplevel [19ms]
2023-07-11 15:59:05.033 [info] > git config --get commit.template [7ms]
2023-07-11 15:59:05.041 [info] > git for-each-ref --format=%(refname)%00%(upstream:short)%00%(objectname)%00%(upstream:track)%00%(upstream:remotename)%00%(upstream:remoteref) refs/heads/gm-pdf-logics refs/remotes/gm-pdf-logics [2ms]
2023-07-11 15:59:05.052 [info] > git status -z -uall [4ms]
2023-07-11 15:59:05.527 [info] > git check-ignore -v -z --stdin [18ms]
2023-07-11 15:59:08.611 [info] > git show --textconv :src/card/card.service.ts [57ms]
2023-07-11 15:59:08.611 [info] > git ls-files --stage -- /home/morishita/Dev/LightStand/Backend/smart-pass-backend/src/card/card.service.ts [48ms]
2023-07-11 15:59:08.668 [info] > git cat-file -s 6794a22a801884161aa276b40b5aba9ad6bd153b [47ms]
2023-07-11 15:59:09.288 [info] > git config --local branch.gm-pdf-logics.github-pr-owner-number [320ms]
2023-07-11 15:59:09.315 [info] > git config --get commit.template [11ms]
2023-07-11 15:59:09.332 [info] > git for-each-ref --format=%(refname)%00%(upstream:short)%00%(objectname)%00%(upstream:track)%00%(upstream:remotename)%00%(upstream:remoteref) refs/heads/gm-pdf-logics refs/remotes/gm-pdf-logics [5ms]
2023-07-11 15:59:09.349 [info] > git status -z -uall [5ms]
2023-07-11 16:00:02.908 [info] > git config --get commit.template [3ms]
2023-07-11 16:00:02.933 [info] > git for-each-ref --format=%(refname)%00%(upstream:short)%00%(objectname)%00%(upstream:track)%00%(upstream:remotename)%00%(upstream:remoteref) refs/heads/gm-pdf-logics refs/remotes/gm-pdf-logics [2ms]
2023-07-11 16:00:02.945 [info] > git status -z -uall [3ms]
2023-07-11 16:00:19.135 [info] > git config --get commit.template [12ms]
2023-07-11 16:00:19.137 [info] > git for-each-ref --format=%(refname)%00%(upstream:short)%00%(objectname)%00%(upstream:track)%00%(upstream:remotename)%00%(upstream:remoteref) refs/heads/gm-pdf-logics refs/remotes/gm-pdf-logics [3ms]
2023-07-11 16:00:19.148 [info] > git status -z -uall [4ms]
2023-07-11 16:04:08.939 [info] > git config --local branch.gm-pdf-logics.github-pr-owner-number [3ms]
2023-07-11 16:04:08.957 [info] > git config --get commit.template [10ms]
2023-07-11 16:04:08.959 [info] > git for-each-ref --format=%(refname)%00%(upstream:short)%00%(objectname)%00%(upstream:track)%00%(upstream:remotename)%00%(upstream:remoteref) refs/heads/gm-pdf-logics refs/remotes/gm-pdf-logics [2ms]
2023-07-11 16:04:08.969 [info] > git status -z -uall [3ms]
2023-07-11 16:09:08.991 [info] > git config --local branch.gm-pdf-logics.github-pr-owner-number [4ms]
2023-07-11 16:09:09.012 [info] > git config --get commit.template [10ms]
2023-07-11 16:09:09.015 [info] > git for-each-ref --format=%(refname)%00%(upstream:short)%00%(objectname)%00%(upstream:track)%00%(upstream:remotename)%00%(upstream:remoteref) refs/heads/gm-pdf-logics refs/remotes/gm-pdf-logics [4ms]
2023-07-11 16:09:09.026 [info] > git status -z -uall [3ms]
2023-07-11 16:10:46.315 [info] > git config --get commit.template [9ms]
2023-07-11 16:10:46.317 [info] > git for-each-ref --format=%(refname)%00%(upstream:short)%00%(objectname)%00%(upstream:track)%00%(upstream:remotename)%00%(upstream:remoteref) refs/heads/gm-pdf-logics refs/remotes/gm-pdf-logics [3ms]
2023-07-11 16:10:46.327 [info] > git status -z -uall [3ms]
2023-07-11 16:12:18.562 [info] > git config --get commit.template [15ms]
2023-07-11 16:12:18.564 [info] > git for-each-ref --format=%(refname)%00%(upstream:short)%00%(objectname)%00%(upstream:track)%00%(upstream:remotename)%00%(upstream:remoteref) refs/heads/gm-pdf-logics refs/remotes/gm-pdf-logics [3ms]
2023-07-11 16:12:18.578 [info] > git status -z -uall [3ms]
2023-07-11 16:13:14.934 [info] > git for-each-ref --format=%(refname)%00%(upstream:short)%00%(objectname)%00%(upstream:track)%00%(upstream:remotename)%00%(upstream:remoteref) refs/heads/gm-pdf-logics refs/remotes/gm-pdf-logics [9ms]
2023-07-11 16:13:14.935 [info] > git config --get commit.template [21ms]
2023-07-11 16:13:14.955 [info] > git status -z -uall [12ms]
2023-07-11 16:13:35.618 [info] > git config --get commit.template [13ms]
2023-07-11 16:13:35.619 [info] > git for-each-ref --format=%(refname)%00%(upstream:short)%00%(objectname)%00%(upstream:track)%00%(upstream:remotename)%00%(upstream:remoteref) refs/heads/gm-pdf-logics refs/remotes/gm-pdf-logics [3ms]
2023-07-11 16:13:35.630 [info] > git status -z -uall [4ms]
2023-07-11 16:14:09.048 [info] > git config --local branch.gm-pdf-logics.github-pr-owner-number [5ms]
2023-07-11 16:14:09.069 [info] > git config --get commit.template [10ms]
2023-07-11 16:14:09.071 [info] > git for-each-ref --format=%(refname)%00%(upstream:short)%00%(objectname)%00%(upstream:track)%00%(upstream:remotename)%00%(upstream:remoteref) refs/heads/gm-pdf-logics refs/remotes/gm-pdf-logics [2ms]
2023-07-11 16:14:09.081 [info] > git status -z -uall [4ms]
2023-07-11 16:14:13.840 [info] > git config --get commit.template [12ms]
2023-07-11 16:14:13.842 [info] > git for-each-ref --format=%(refname)%00%(upstream:short)%00%(objectname)%00%(upstream:track)%00%(upstream:remotename)%00%(upstream:remoteref) refs/heads/gm-pdf-logics refs/remotes/gm-pdf-logics [3ms]
2023-07-11 16:14:13.863 [info] > git status -z -uall [4ms]
2023-07-11 16:14:37.541 [info] > git for-each-ref --format=%(refname)%00%(upstream:short)%00%(objectname)%00%(upstream:track)%00%(upstream:remotename)%00%(upstream:remoteref) refs/heads/gm-pdf-logics refs/remotes/gm-pdf-logics [9ms]
2023-07-11 16:14:37.549 [info] > git config --get commit.template [30ms]
2023-07-11 16:14:37.565 [info] > git status -z -uall [8ms]
2023-07-11 16:14:42.592 [info] > git config --get commit.template [10ms]
2023-07-11 16:14:42.593 [info] > git for-each-ref --format=%(refname)%00%(upstream:short)%00%(objectname)%00%(upstream:track)%00%(upstream:remotename)%00%(upstream:remoteref) refs/heads/gm-pdf-logics refs/remotes/gm-pdf-logics [2ms]
2023-07-11 16:14:42.603 [info] > git status -z -uall [3ms]
2023-07-11 16:15:15.917 [info] > git config --get commit.template [11ms]
2023-07-11 16:15:15.926 [info] > git for-each-ref --format=%(refname)%00%(upstream:short)%00%(objectname)%00%(upstream:track)%00%(upstream:remotename)%00%(upstream:remoteref) refs/heads/gm-pdf-logics refs/remotes/gm-pdf-logics [2ms]
2023-07-11 16:15:15.935 [info] > git status -z -uall [2ms]
2023-07-11 16:15:20.965 [info] > git config --get commit.template [14ms]
2023-07-11 16:15:20.968 [info] > git for-each-ref --format=%(refname)%00%(upstream:short)%00%(objectname)%00%(upstream:track)%00%(upstream:remotename)%00%(upstream:remoteref) refs/heads/gm-pdf-logics refs/remotes/gm-pdf-logics [3ms]
2023-07-11 16:15:20.979 [info] > git status -z -uall [3ms]
2023-07-11 16:15:56.699 [info] > git config --get commit.template [9ms]
2023-07-11 16:15:56.709 [info] > git for-each-ref --format=%(refname)%00%(upstream:short)%00%(objectname)%00%(upstream:track)%00%(upstream:remotename)%00%(upstream:remoteref) refs/heads/gm-pdf-logics refs/remotes/gm-pdf-logics [3ms]
2023-07-11 16:15:56.718 [info] > git status -z -uall [3ms]
2023-07-11 16:16:03.986 [info] > git for-each-ref --format=%(refname)%00%(upstream:short)%00%(objectname)%00%(upstream:track)%00%(upstream:remotename)%00%(upstream:remoteref) refs/heads/gm-pdf-logics refs/remotes/gm-pdf-logics [12ms]
2023-07-11 16:16:03.987 [info] > git config --get commit.template [20ms]
2023-07-11 16:16:04.003 [info] > git status -z -uall [9ms]
2023-07-11 16:16:30.786 [info] > git config --get commit.template [11ms]
2023-07-11 16:16:30.789 [info] > git for-each-ref --format=%(refname)%00%(upstream:short)%00%(objectname)%00%(upstream:track)%00%(upstream:remotename)%00%(upstream:remoteref) refs/heads/gm-pdf-logics refs/remotes/gm-pdf-logics [4ms]
2023-07-11 16:16:30.799 [info] > git status -z -uall [3ms]
2023-07-11 16:17:18.731 [info] > git config --get commit.template [24ms]
2023-07-11 16:17:18.732 [info] > git for-each-ref --format=%(refname)%00%(upstream:short)%00%(objectname)%00%(upstream:track)%00%(upstream:remotename)%00%(upstream:remoteref) refs/heads/gm-pdf-logics refs/remotes/gm-pdf-logics [3ms]
2023-07-11 16:17:18.747 [info] > git status -z -uall [4ms]
2023-07-11 16:17:37.617 [info] > git config --get commit.template [4ms]
2023-07-11 16:17:37.631 [info] > git for-each-ref --format=%(refname)%00%(upstream:short)%00%(objectname)%00%(upstream:track)%00%(upstream:remotename)%00%(upstream:remoteref) refs/heads/gm-pdf-logics refs/remotes/gm-pdf-logics [2ms]
2023-07-11 16:17:37.645 [info] > git status -z -uall [4ms]
2023-07-11 16:17:50.609 [info] > git ls-files --stage -- /home/morishita/Dev/LightStand/Backend/smart-pass-backend/src/template/template.service.ts [2ms]
2023-07-11 16:17:50.628 [info] > git show --textconv :src/template/template.service.ts [31ms]
2023-07-11 16:17:50.628 [info] > git cat-file -s a27d7ceee4da06174e08ec9ae720ef6eea80a9dd [12ms]
2023-07-11 16:17:50.840 [info] > git check-ignore -v -z --stdin [5ms]
2023-07-11 16:17:51.820 [info] > git show --textconv :src/card/card.entity.ts [9ms]
2023-07-11 16:17:51.822 [info] > git ls-files --stage -- /home/morishita/Dev/LightStand/Backend/smart-pass-backend/src/card/card.entity.ts [2ms]
2023-07-11 16:17:51.836 [info] > git cat-file -s 0a601e2e6e221ae661f6d7a80054c6fab2b7f14f [2ms]
2023-07-11 16:17:52.495 [info] > git ls-files --stage -- /home/morishita/Dev/LightStand/Backend/smart-pass-backend/src/card/card.controller.ts [25ms]
2023-07-11 16:17:52.513 [info] > git show --textconv :src/card/card.controller.ts [59ms]
2023-07-11 16:17:52.520 [info] > git cat-file -s dc1634adf59e7c905795552030e48c695dbeed00 [10ms]
2023-07-11 16:19:09.102 [info] > git config --local branch.gm-pdf-logics.github-pr-owner-number [3ms]
2023-07-11 16:19:09.119 [info] > git config --get commit.template [9ms]
2023-07-11 16:19:09.120 [info] > git for-each-ref --format=%(refname)%00%(upstream:short)%00%(objectname)%00%(upstream:track)%00%(upstream:remotename)%00%(upstream:remoteref) refs/heads/gm-pdf-logics refs/remotes/gm-pdf-logics [2ms]
2023-07-11 16:19:09.129 [info] > git status -z -uall [2ms]
2023-07-11 16:20:19.304 [info] > git config --get commit.template [15ms]
2023-07-11 16:20:19.306 [info] > git for-each-ref --format=%(refname)%00%(upstream:short)%00%(objectname)%00%(upstream:track)%00%(upstream:remotename)%00%(upstream:remoteref) refs/heads/gm-pdf-logics refs/remotes/gm-pdf-logics [3ms]
2023-07-11 16:20:19.320 [info] > git status -z -uall [4ms]
2023-07-11 16:20:24.351 [info] > git config --get commit.template [14ms]
2023-07-11 16:20:24.353 [info] > git for-each-ref --format=%(refname)%00%(upstream:short)%00%(objectname)%00%(upstream:track)%00%(upstream:remotename)%00%(upstream:remoteref) refs/heads/gm-pdf-logics refs/remotes/gm-pdf-logics [3ms]
2023-07-11 16:20:24.368 [info] > git status -z -uall [4ms]
2023-07-11 16:21:10.854 [info] > git config --get commit.template [15ms]
2023-07-11 16:21:10.856 [info] > git for-each-ref --format=%(refname)%00%(upstream:short)%00%(objectname)%00%(upstream:track)%00%(upstream:remotename)%00%(upstream:remoteref) refs/heads/gm-pdf-logics refs/remotes/gm-pdf-logics [3ms]
2023-07-11 16:21:10.871 [info] > git status -z -uall [3ms]
2023-07-11 16:21:30.393 [info] > git config --get commit.template [3ms]
2023-07-11 16:21:30.405 [info] > git for-each-ref --format=%(refname)%00%(upstream:short)%00%(objectname)%00%(upstream:track)%00%(upstream:remotename)%00%(upstream:remoteref) refs/heads/gm-pdf-logics refs/remotes/gm-pdf-logics [3ms]
2023-07-11 16:21:30.417 [info] > git status -z -uall [3ms]
2023-07-11 16:21:35.731 [info] > git config --get commit.template [10ms]
2023-07-11 16:21:35.733 [info] > git for-each-ref --format=%(refname)%00%(upstream:short)%00%(objectname)%00%(upstream:track)%00%(upstream:remotename)%00%(upstream:remoteref) refs/heads/gm-pdf-logics refs/remotes/gm-pdf-logics [2ms]
2023-07-11 16:21:35.743 [info] > git status -z -uall [3ms]
2023-07-11 16:21:51.330 [info] > git config --get commit.template [10ms]
2023-07-11 16:21:51.332 [info] > git for-each-ref --format=%(refname)%00%(upstream:short)%00%(objectname)%00%(upstream:track)%00%(upstream:remotename)%00%(upstream:remoteref) refs/heads/gm-pdf-logics refs/remotes/gm-pdf-logics [3ms]
2023-07-11 16:21:51.347 [info] > git status -z -uall [4ms]
2023-07-11 16:22:03.622 [info] > git show --textconv :node_modules/pdf-lib/src/core/embedders/JpegEmbedder.ts [16ms]
2023-07-11 16:22:03.633 [info] > git ls-files --stage -- /home/morishita/Dev/LightStand/Backend/smart-pass-backend/node_modules/pdf-lib/src/core/embedders/JpegEmbedder.ts [13ms]
2023-07-11 16:22:03.823 [info] > git check-ignore -v -z --stdin [3ms]
2023-07-11 16:23:15.666 [info] > git config --get commit.template [9ms]
2023-07-11 16:23:15.668 [info] > git for-each-ref --format=%(refname)%00%(upstream:short)%00%(objectname)%00%(upstream:track)%00%(upstream:remotename)%00%(upstream:remoteref) refs/heads/gm-pdf-logics refs/remotes/gm-pdf-logics [3ms]
2023-07-11 16:23:15.681 [info] > git status -z -uall [2ms]
2023-07-11 16:23:21.958 [info] > git config --get commit.template [12ms]
2023-07-11 16:23:21.960 [info] > git for-each-ref --format=%(refname)%00%(upstream:short)%00%(objectname)%00%(upstream:track)%00%(upstream:remotename)%00%(upstream:remoteref) refs/heads/gm-pdf-logics refs/remotes/gm-pdf-logics [3ms]
2023-07-11 16:23:21.973 [info] > git status -z -uall [3ms]
2023-07-11 16:23:26.989 [info] > git config --get commit.template [7ms]
2023-07-11 16:23:26.991 [info] > git for-each-ref --format=%(refname)%00%(upstream:short)%00%(objectname)%00%(upstream:track)%00%(upstream:remotename)%00%(upstream:remoteref) refs/heads/gm-pdf-logics refs/remotes/gm-pdf-logics [2ms]
2023-07-11 16:23:27.000 [info] > git status -z -uall [3ms]
2023-07-11 16:23:43.929 [info] > git config --get commit.template [27ms]
2023-07-11 16:23:43.932 [info] > git for-each-ref --format=%(refname)%00%(upstream:short)%00%(objectname)%00%(upstream:track)%00%(upstream:remotename)%00%(upstream:remoteref) refs/heads/gm-pdf-logics refs/remotes/gm-pdf-logics [5ms]
2023-07-11 16:23:43.949 [info] > git status -z -uall [3ms]
2023-07-11 16:24:09.149 [info] > git config --local branch.gm-pdf-logics.github-pr-owner-number [3ms]
2023-07-11 16:24:09.169 [info] > git config --get commit.template [10ms]
2023-07-11 16:24:09.171 [info] > git for-each-ref --format=%(refname)%00%(upstream:short)%00%(objectname)%00%(upstream:track)%00%(upstream:remotename)%00%(upstream:remoteref) refs/heads/gm-pdf-logics refs/remotes/gm-pdf-logics [3ms]
2023-07-11 16:24:09.181 [info] > git status -z -uall [3ms]
2023-07-11 16:26:56.102 [info] > git config --get commit.template [19ms]
2023-07-11 16:26:56.104 [info] > git for-each-ref --format=%(refname)%00%(upstream:short)%00%(objectname)%00%(upstream:track)%00%(upstream:remotename)%00%(upstream:remoteref) refs/heads/gm-pdf-logics refs/remotes/gm-pdf-logics [3ms]
2023-07-11 16:26:56.120 [info] > git status -z -uall [5ms]
2023-07-11 16:29:09.201 [info] > git config --local branch.gm-pdf-logics.github-pr-owner-number [4ms]
2023-07-11 16:29:09.221 [info] > git config --get commit.template [9ms]
2023-07-11 16:29:09.223 [info] > git for-each-ref --format=%(refname)%00%(upstream:short)%00%(objectname)%00%(upstream:track)%00%(upstream:remotename)%00%(upstream:remoteref) refs/heads/gm-pdf-logics refs/remotes/gm-pdf-logics [2ms]
2023-07-11 16:29:09.234 [info] > git status -z -uall [3ms]
2023-07-11 16:34:09.257 [info] > git config --local branch.gm-pdf-logics.github-pr-owner-number [5ms]
2023-07-11 16:34:09.278 [info] > git config --get commit.template [9ms]
2023-07-11 16:34:09.280 [info] > git for-each-ref --format=%(refname)%00%(upstream:short)%00%(objectname)%00%(upstream:track)%00%(upstream:remotename)%00%(upstream:remoteref) refs/heads/gm-pdf-logics refs/remotes/gm-pdf-logics [3ms]
2023-07-11 16:34:09.291 [info] > git status -z -uall [3ms]
2023-07-11 16:36:53.252 [info] > git config --get commit.template [10ms]
2023-07-11 16:36:53.253 [info] > git for-each-ref --format=%(refname)%00%(upstream:short)%00%(objectname)%00%(upstream:track)%00%(upstream:remotename)%00%(upstream:remoteref) refs/heads/gm-pdf-logics refs/remotes/gm-pdf-logics [2ms]
2023-07-11 16:36:53.265 [info] > git status -z -uall [3ms]
2023-07-11 16:37:03.053 [info] > git check-ignore -v -z --stdin [2ms]
2023-07-11 16:37:04.706 [info] > git check-ignore -v -z --stdin [3ms]
2023-07-11 16:37:29.528 [info] > git check-ignore -v -z --stdin [2ms]
2023-07-11 16:37:30.098 [info] > git config --get commit.template [12ms]
2023-07-11 16:37:30.100 [info] > git for-each-ref --format=%(refname)%00%(upstream:short)%00%(objectname)%00%(upstream:track)%00%(upstream:remotename)%00%(upstream:remoteref) refs/heads/gm-pdf-logics refs/remotes/gm-pdf-logics [3ms]
2023-07-11 16:37:30.110 [info] > git status -z -uall [2ms]
2023-07-11 16:37:36.159 [info] > git show --textconv :src/card/.gitignore [13ms]
2023-07-11 16:37:36.160 [info] > git ls-files --stage -- /home/morishita/Dev/LightStand/Backend/smart-pass-backend/src/card/.gitignore [2ms]
2023-07-11 16:37:36.376 [info] > git check-ignore -v -z --stdin [4ms]
2023-07-11 16:37:36.956 [info] > git config --get commit.template [10ms]
2023-07-11 16:37:36.957 [info] > git for-each-ref --format=%(refname)%00%(upstream:short)%00%(objectname)%00%(upstream:track)%00%(upstream:remotename)%00%(upstream:remoteref) refs/heads/gm-pdf-logics refs/remotes/gm-pdf-logics [3ms]
2023-07-11 16:37:36.967 [info] > git status -z -uall [3ms]
2023-07-11 16:37:38.862 [info] > git check-ignore -v -z --stdin [3ms]
2023-07-11 16:37:42.764 [info] > git config --get commit.template [16ms]
2023-07-11 16:37:42.766 [info] > git for-each-ref --format=%(refname)%00%(upstream:short)%00%(objectname)%00%(upstream:track)%00%(upstream:remotename)%00%(upstream:remoteref) refs/heads/gm-pdf-logics refs/remotes/gm-pdf-logics [3ms]
2023-07-11 16:37:42.784 [info] > git status -z -uall [3ms]
2023-07-11 16:37:43.395 [info] > git check-ignore -v -z --stdin [3ms]
2023-07-11 16:37:48.651 [info] > git config --get commit.template [11ms]
2023-07-11 16:37:48.652 [info] > git for-each-ref --format=%(refname)%00%(upstream:short)%00%(objectname)%00%(upstream:track)%00%(upstream:remotename)%00%(upstream:remoteref) refs/heads/gm-pdf-logics refs/remotes/gm-pdf-logics [2ms]
2023-07-11 16:37:48.669 [info] > git status -z -uall [5ms]
2023-07-11 16:37:49.038 [info] > git show --textconv :src/card/pdfs/.gitignore [11ms]
2023-07-11 16:37:49.040 [info] > git ls-files --stage -- /home/morishita/Dev/LightStand/Backend/smart-pass-backend/src/card/pdfs/.gitignore [2ms]
2023-07-11 16:37:49.252 [info] > git check-ignore -v -z --stdin [4ms]
2023-07-11 16:37:53.699 [info] > git config --get commit.template [13ms]
2023-07-11 16:37:53.703 [info] > git for-each-ref --format=%(refname)%00%(upstream:short)%00%(objectname)%00%(upstream:track)%00%(upstream:remotename)%00%(upstream:remoteref) refs/heads/gm-pdf-logics refs/remotes/gm-pdf-logics [4ms]
2023-07-11 16:37:53.717 [info] > git status -z -uall [4ms]
2023-07-11 16:38:31.132 [info] > git check-ignore -v -z --stdin [5ms]
2023-07-11 16:38:31.589 [info] > git config --get commit.template [13ms]
2023-07-11 16:38:31.591 [info] > git for-each-ref --format=%(refname)%00%(upstream:short)%00%(objectname)%00%(upstream:track)%00%(upstream:remotename)%00%(upstream:remoteref) refs/heads/gm-pdf-logics refs/remotes/gm-pdf-logics [3ms]
2023-07-11 16:38:31.602 [info] > git status -z -uall [2ms]
2023-07-11 16:38:34.825 [info] > git check-ignore -v -z --stdin [5ms]
2023-07-11 16:38:36.624 [info] > git config --get commit.template [10ms]
2023-07-11 16:38:36.624 [info] > git for-each-ref --format=%(refname)%00%(upstream:short)%00%(objectname)%00%(upstream:track)%00%(upstream:remotename)%00%(upstream:remoteref) refs/heads/gm-pdf-logics refs/remotes/gm-pdf-logics [3ms]
2023-07-11 16:38:36.635 [info] > git status -z -uall [3ms]
2023-07-11 16:38:37.142 [info] > git check-ignore -v -z --stdin [5ms]
2023-07-11 16:38:41.668 [info] > git config --get commit.template [14ms]
2023-07-11 16:38:41.670 [info] > git for-each-ref --format=%(refname)%00%(upstream:short)%00%(objectname)%00%(upstream:track)%00%(upstream:remotename)%00%(upstream:remoteref) refs/heads/gm-pdf-logics refs/remotes/gm-pdf-logics [3ms]
2023-07-11 16:38:41.680 [info] > git status -z -uall [3ms]
2023-07-11 16:38:44.926 [info] > git show --textconv :src/card/.gitignore [13ms]
2023-07-11 16:38:44.928 [info] > git ls-files --stage -- /home/morishita/Dev/LightStand/Backend/smart-pass-backend/src/card/.gitignore [2ms]
2023-07-11 16:38:45.198 [info] > git check-ignore -v -z --stdin [3ms]
2023-07-11 16:38:46.701 [info] > git config --get commit.template [9ms]
2023-07-11 16:38:46.702 [info] > git for-each-ref --format=%(refname)%00%(upstream:short)%00%(objectname)%00%(upstream:track)%00%(upstream:remotename)%00%(upstream:remoteref) refs/heads/gm-pdf-logics refs/remotes/gm-pdf-logics [2ms]
2023-07-11 16:38:46.712 [info] > git status -z -uall [2ms]
2023-07-11 16:38:51.767 [info] > git check-ignore -v -z --stdin [2ms]
2023-07-11 16:38:52.188 [info] > git config --get commit.template [9ms]
2023-07-11 16:38:52.191 [info] > git for-each-ref --format=%(refname)%00%(upstream:short)%00%(objectname)%00%(upstream:track)%00%(upstream:remotename)%00%(upstream:remoteref) refs/heads/gm-pdf-logics refs/remotes/gm-pdf-logics [3ms]
2023-07-11 16:38:52.209 [info] > git status -z -uall [9ms]
2023-07-11 16:39:09.302 [info] > git config --local branch.gm-pdf-logics.github-pr-owner-number [2ms]
2023-07-11 16:39:09.319 [info] > git config --get commit.template [8ms]
2023-07-11 16:39:09.320 [info] > git for-each-ref --format=%(refname)%00%(upstream:short)%00%(objectname)%00%(upstream:track)%00%(upstream:remotename)%00%(upstream:remoteref) refs/heads/gm-pdf-logics refs/remotes/gm-pdf-logics [2ms]
2023-07-11 16:39:09.330 [info] > git status -z -uall [3ms]
2023-07-11 16:39:48.165 [info] > git for-each-ref --format=%(refname)%00%(upstream:short)%00%(objectname)%00%(upstream:track)%00%(upstream:remotename)%00%(upstream:remoteref) refs/heads/gm-pdf-logics refs/remotes/gm-pdf-logics [10ms]
2023-07-11 16:39:48.165 [info] > git config --get commit.template [22ms]
2023-07-11 16:39:48.184 [info] > git status -z -uall [11ms]
2023-07-11 16:39:53.204 [info] > git config --get commit.template [9ms]
2023-07-11 16:39:53.205 [info] > git for-each-ref --format=%(refname)%00%(upstream:short)%00%(objectname)%00%(upstream:track)%00%(upstream:remotename)%00%(upstream:remoteref) refs/heads/gm-pdf-logics refs/remotes/gm-pdf-logics [2ms]
2023-07-11 16:39:53.216 [info] > git status -z -uall [3ms]
2023-07-11 16:39:58.242 [info] > git config --get commit.template [9ms]
2023-07-11 16:39:58.243 [info] > git for-each-ref --format=%(refname)%00%(upstream:short)%00%(objectname)%00%(upstream:track)%00%(upstream:remotename)%00%(upstream:remoteref) refs/heads/gm-pdf-logics refs/remotes/gm-pdf-logics [2ms]
2023-07-11 16:39:58.252 [info] > git status -z -uall [2ms]
2023-07-11 16:40:41.679 [info] > git for-each-ref --format=%(refname)%00%(upstream:short)%00%(objectname)%00%(upstream:track)%00%(upstream:remotename)%00%(upstream:remoteref) refs/heads/gm-pdf-logics refs/remotes/gm-pdf-logics [9ms]
2023-07-11 16:40:41.680 [info] > git config --get commit.template [22ms]
2023-07-11 16:40:41.695 [info] > git status -z -uall [8ms]
2023-07-11 16:42:02.133 [info] > git config --get commit.template [10ms]
2023-07-11 16:42:02.134 [info] > git for-each-ref --format=%(refname)%00%(upstream:short)%00%(objectname)%00%(upstream:track)%00%(upstream:remotename)%00%(upstream:remoteref) refs/heads/gm-pdf-logics refs/remotes/gm-pdf-logics [2ms]
2023-07-11 16:42:02.151 [info] > git status -z -uall [8ms]
2023-07-11 16:42:39.811 [info] > git config --get commit.template [11ms]
2023-07-11 16:42:39.823 [info] > git for-each-ref --format=%(refname)%00%(upstream:short)%00%(objectname)%00%(upstream:track)%00%(upstream:remotename)%00%(upstream:remoteref) refs/heads/gm-pdf-logics refs/remotes/gm-pdf-logics [3ms]
2023-07-11 16:42:39.833 [info] > git status -z -uall [2ms]
2023-07-11 16:42:49.909 [info] > git config --get commit.template [12ms]
2023-07-11 16:42:49.912 [info] > git for-each-ref --format=%(refname)%00%(upstream:short)%00%(objectname)%00%(upstream:track)%00%(upstream:remotename)%00%(upstream:remoteref) refs/heads/gm-pdf-logics refs/remotes/gm-pdf-logics [4ms]
2023-07-11 16:42:49.928 [info] > git status -z -uall [8ms]
2023-07-11 16:42:57.743 [info] > git config --get commit.template [12ms]
2023-07-11 16:42:57.745 [info] > git for-each-ref --format=%(refname)%00%(upstream:short)%00%(objectname)%00%(upstream:track)%00%(upstream:remotename)%00%(upstream:remoteref) refs/heads/gm-pdf-logics refs/remotes/gm-pdf-logics [3ms]
2023-07-11 16:42:57.766 [info] > git status -z -uall [13ms]
2023-07-11 16:43:16.584 [info] > git check-ignore -v -z --stdin [6ms]
2023-07-11 16:43:21.433 [info] > git config --get commit.template [13ms]
2023-07-11 16:43:21.435 [info] > git for-each-ref --format=%(refname)%00%(upstream:short)%00%(objectname)%00%(upstream:track)%00%(upstream:remotename)%00%(upstream:remoteref) refs/heads/gm-pdf-logics refs/remotes/gm-pdf-logics [3ms]
2023-07-11 16:43:21.449 [info] > git status -z -uall [6ms]
2023-07-11 16:43:26.471 [info] > git config --get commit.template [10ms]
2023-07-11 16:43:26.471 [info] > git for-each-ref --format=%(refname)%00%(upstream:short)%00%(objectname)%00%(upstream:track)%00%(upstream:remotename)%00%(upstream:remoteref) refs/heads/gm-pdf-logics refs/remotes/gm-pdf-logics [2ms]
2023-07-11 16:43:26.482 [info] > git status -z -uall [2ms]
2023-07-11 16:44:09.350 [info] > git config --local branch.gm-pdf-logics.github-pr-owner-number [5ms]
2023-07-11 16:44:09.373 [info] > git config --get commit.template [11ms]
2023-07-11 16:44:09.375 [info] > git for-each-ref --format=%(refname)%00%(upstream:short)%00%(objectname)%00%(upstream:track)%00%(upstream:remotename)%00%(upstream:remoteref) refs/heads/gm-pdf-logics refs/remotes/gm-pdf-logics [3ms]
2023-07-11 16:44:09.386 [info] > git status -z -uall [3ms]
2023-07-11 16:44:39.931 [info] > git for-each-ref --format=%(refname)%00%(upstream:short)%00%(objectname)%00%(upstream:track)%00%(upstream:remotename)%00%(upstream:remoteref) refs/heads/gm-pdf-logics refs/remotes/gm-pdf-logics [1ms]
2023-07-11 16:44:39.932 [info] > git config --get commit.template [26ms]
2023-07-11 16:44:39.969 [info] > git status -z -uall [8ms]
2023-07-11 16:46:36.319 [info] > git config --get commit.template [11ms]
2023-07-11 16:46:36.320 [info] > git for-each-ref --format=%(refname)%00%(upstream:short)%00%(objectname)%00%(upstream:track)%00%(upstream:remotename)%00%(upstream:remoteref) refs/heads/gm-pdf-logics refs/remotes/gm-pdf-logics [2ms]
2023-07-11 16:46:36.334 [info] > git status -z -uall [2ms]
2023-07-11 16:46:54.369 [info] > git config --get commit.template [15ms]
2023-07-11 16:46:54.370 [info] > git for-each-ref --format=%(refname)%00%(upstream:short)%00%(objectname)%00%(upstream:track)%00%(upstream:remotename)%00%(upstream:remoteref) refs/heads/gm-pdf-logics refs/remotes/gm-pdf-logics [3ms]
2023-07-11 16:46:54.383 [info] > git status -z -uall [6ms]
2023-07-11 16:46:54.486 [info] > git ls-files --stage -- /home/morishita/Dev/LightStand/Backend/smart-pass-backend/src/card/card.controller.ts [9ms]
2023-07-11 16:46:54.495 [info] > git ls-files --stage -- /home/morishita/Dev/LightStand/Backend/smart-pass-backend/src/card/card.entity.ts [25ms]
2023-07-11 16:46:54.503 [info] > git ls-files --stage -- /home/morishita/Dev/LightStand/Backend/smart-pass-backend/src/template/template.service.ts [42ms]
2023-07-11 16:46:54.510 [info] > git ls-files --stage -- /home/morishita/Dev/LightStand/Backend/smart-pass-backend/src/card/card.service.ts [57ms]
2023-07-11 16:46:54.520 [info] > git cat-file -s a27d7ceee4da06174e08ec9ae720ef6eea80a9dd [10ms]
2023-07-11 16:46:54.521 [info] > git cat-file -s 0a601e2e6e221ae661f6d7a80054c6fab2b7f14f [18ms]
2023-07-11 16:46:54.521 [info] > git cat-file -s 4ab39cb535ae0af142c6b636f98782f9988c8481 [26ms]
2023-07-11 16:46:54.522 [info] > git ls-files --stage -- /home/morishita/Dev/LightStand/Backend/smart-pass-backend/src/card/.gitignore [38ms]
2023-07-11 16:46:54.529 [info] > git cat-file -s 65e76b14e9870bbda79dd865c7cbccaef8a88264 [11ms]
2023-07-11 16:46:54.552 [info] > git show --textconv :src/template/template.service.ts [15ms]
2023-07-11 16:46:54.553 [info] > git show --textconv :src/card/card.entity.ts [7ms]
2023-07-11 16:46:54.553 [info] > git cat-file -s c633c60600171feadc474c8211ef875702fce806 [25ms]
2023-07-11 16:46:54.563 [info] > git show --textconv :src/card/card.controller.ts [11ms]
2023-07-11 16:46:54.564 [info] > git show --textconv :src/card/card.service.ts [2ms]
2023-07-11 16:46:54.582 [info] > git show --textconv :src/card/.gitignore [6ms]
2023-07-11 16:47:03.359 [info] > git config --get commit.template [12ms]
2023-07-11 16:47:03.360 [info] > git for-each-ref --format=%(refname)%00%(upstream:short)%00%(objectname)%00%(upstream:track)%00%(upstream:remotename)%00%(upstream:remoteref) refs/heads/gm-pdf-logics refs/remotes/gm-pdf-logics [2ms]
2023-07-11 16:47:03.373 [info] > git status -z -uall [6ms]
2023-07-11 16:47:51.219 [info] > git for-each-ref --format=%(refname)%00%(upstream:short)%00%(objectname)%00%(upstream:track)%00%(upstream:remotename)%00%(upstream:remoteref) refs/heads/gm-pdf-logics refs/remotes/gm-pdf-logics [9ms]
2023-07-11 16:47:51.219 [info] > git config --get commit.template [20ms]
2023-07-11 16:47:51.234 [info] > git status -z -uall [7ms]
2023-07-11 16:47:51.958 [info] > git show --textconv :src/migrations/1687271906608-CreateUsers.ts [8ms]
2023-07-11 16:47:51.960 [info] > git ls-files --stage -- /home/morishita/Dev/LightStand/Backend/smart-pass-backend/src/migrations/1687271906608-CreateUsers.ts [2ms]
2023-07-11 16:47:51.970 [info] > git cat-file -s 440ced43e37623eba8b07fa2e87abbbdf24f653d [3ms]
2023-07-11 16:47:52.209 [info] > git check-ignore -v -z --stdin [5ms]
2023-07-11 16:48:15.905 [info] > git for-each-ref --format=%(refname)%00%(upstream:short)%00%(objectname)%00%(upstream:track)%00%(upstream:remotename)%00%(upstream:remoteref) refs/heads/gm-pdf-logics refs/remotes/gm-pdf-logics [12ms]
2023-07-11 16:48:15.905 [info] > git config --get commit.template [25ms]
2023-07-11 16:48:15.921 [info] > git status -z -uall [8ms]
2023-07-11 16:48:23.322 [info] > git for-each-ref --format=%(refname)%00%(upstream:short)%00%(objectname)%00%(upstream:track)%00%(upstream:remotename)%00%(upstream:remoteref) refs/heads/gm-pdf-logics refs/remotes/gm-pdf-logics [9ms]
2023-07-11 16:48:23.322 [info] > git config --get commit.template [22ms]
2023-07-11 16:48:23.339 [info] > git status -z -uall [10ms]
2023-07-11 16:48:28.356 [info] > git config --get commit.template [8ms]
2023-07-11 16:48:28.357 [info] > git for-each-ref --format=%(refname)%00%(upstream:short)%00%(objectname)%00%(upstream:track)%00%(upstream:remotename)%00%(upstream:remoteref) refs/heads/gm-pdf-logics refs/remotes/gm-pdf-logics [2ms]
2023-07-11 16:48:28.371 [info] > git status -z -uall [7ms]
2023-07-11 16:49:09.407 [info] > git config --local branch.gm-pdf-logics.github-pr-owner-number [5ms]
2023-07-11 16:49:09.427 [info] > git config --get commit.template [9ms]
2023-07-11 16:49:09.429 [info] > git for-each-ref --format=%(refname)%00%(upstream:short)%00%(objectname)%00%(upstream:track)%00%(upstream:remotename)%00%(upstream:remoteref) refs/heads/gm-pdf-logics refs/remotes/gm-pdf-logics [3ms]
2023-07-11 16:49:09.443 [info] > git status -z -uall [7ms]
2023-07-11 16:49:12.384 [info] > git config --get commit.template [18ms]
2023-07-11 16:49:12.385 [info] > git for-each-ref --format=%(refname)%00%(upstream:short)%00%(objectname)%00%(upstream:track)%00%(upstream:remotename)%00%(upstream:remoteref) refs/heads/gm-pdf-logics refs/remotes/gm-pdf-logics [10ms]
2023-07-11 16:49:12.398 [info] > git status -z -uall [6ms]
2023-07-11 16:49:32.195 [info] > git config --get commit.template [3ms]
2023-07-11 16:49:32.219 [info] > git for-each-ref --format=%(refname)%00%(upstream:short)%00%(objectname)%00%(upstream:track)%00%(upstream:remotename)%00%(upstream:remoteref) refs/heads/gm-pdf-logics refs/remotes/gm-pdf-logics [7ms]
2023-07-11 16:49:32.248 [info] > git status -z -uall [11ms]
2023-07-11 16:49:58.544 [info] > git config --get commit.template [17ms]
2023-07-11 16:49:58.546 [info] > git for-each-ref --format=%(refname)%00%(upstream:short)%00%(objectname)%00%(upstream:track)%00%(upstream:remotename)%00%(upstream:remoteref) refs/heads/gm-pdf-logics refs/remotes/gm-pdf-logics [3ms]
2023-07-11 16:49:58.559 [info] > git status -z -uall [7ms]
2023-07-11 16:50:08.289 [info] > git config --get commit.template [38ms]
2023-07-11 16:50:08.306 [info] > git for-each-ref --format=%(refname)%00%(upstream:short)%00%(objectname)%00%(upstream:track)%00%(upstream:remotename)%00%(upstream:remoteref) refs/heads/gm-pdf-logics refs/remotes/gm-pdf-logics [19ms]
2023-07-11 16:50:08.340 [info] > git status -z -uall [17ms]
2023-07-11 16:50:08.436 [info] > git check-ignore -v -z --stdin [6ms]
2023-07-11 16:50:17.169 [info] > git check-ignore -v -z --stdin [5ms]
2023-07-11 16:50:17.606 [info] > git for-each-ref --format=%(refname)%00%(upstream:short)%00%(objectname)%00%(upstream:track)%00%(upstream:remotename)%00%(upstream:remoteref) refs/heads/gm-pdf-logics refs/remotes/gm-pdf-logics [9ms]
2023-07-11 16:50:17.606 [info] > git config --get commit.template [19ms]
2023-07-11 16:50:17.621 [info] > git status -z -uall [9ms]
2023-07-11 16:50:23.039 [info] > git config --get commit.template [9ms]
2023-07-11 16:50:23.041 [info] > git for-each-ref --format=%(refname)%00%(upstream:short)%00%(objectname)%00%(upstream:track)%00%(upstream:remotename)%00%(upstream:remoteref) refs/heads/gm-pdf-logics refs/remotes/gm-pdf-logics [2ms]
2023-07-11 16:50:23.051 [info] > git status -z -uall [3ms]
2023-07-11 16:50:23.175 [info] > git ls-files --stage -- /home/morishita/Dev/LightStand/Backend/smart-pass-backend/src/card/.gitignore [9ms]
2023-07-11 16:50:23.185 [info] > git ls-files --stage -- /home/morishita/Dev/LightStand/Backend/smart-pass-backend/src/card/card.controller.ts [28ms]
2023-07-11 16:50:23.196 [info] > git ls-files --stage -- /home/morishita/Dev/LightStand/Backend/smart-pass-backend/src/card/card.entity.ts [47ms]
2023-07-11 16:50:23.207 [info] > git ls-files --stage -- /home/morishita/Dev/LightStand/Backend/smart-pass-backend/src/template/template.service.ts [66ms]
2023-07-11 16:50:23.214 [info] > git ls-files --stage -- /home/morishita/Dev/LightStand/Backend/smart-pass-backend/src/card/card.service.ts [80ms]
2023-07-11 16:50:23.223 [info] > git cat-file -s a27d7ceee4da06174e08ec9ae720ef6eea80a9dd [9ms]
2023-07-11 16:50:23.224 [info] > git cat-file -s 0a601e2e6e221ae661f6d7a80054c6fab2b7f14f [17ms]
2023-07-11 16:50:23.224 [info] > git cat-file -s dbe343fb7ed5b26c5aba8393d80db0fb28d152a0 [29ms]
2023-07-11 16:50:23.224 [info] > git cat-file -s 3be022457c522165c93a77a64e8e525d978c09fe [39ms]
2023-07-11 16:50:23.225 [info] > git ls-files --stage -- /home/morishita/Dev/LightStand/Backend/smart-pass-backend/src/migrations/1687271906608-CreateUsers.ts [53ms]
2023-07-11 16:50:23.232 [info] > git cat-file -s 486864b5e9d1da7d5a27f67ebff0606110d10a7a [11ms]
2023-07-11 16:50:23.264 [info] > git show --textconv :src/template/template.service.ts [23ms]
2023-07-11 16:50:23.264 [info] > git show --textconv :src/card/card.entity.ts [15ms]
2023-07-11 16:50:23.264 [info] > git show --textconv :src/card/card.controller.ts [8ms]
2023-07-11 16:50:23.265 [info] > git cat-file -s 440ced43e37623eba8b07fa2e87abbbdf24f653d [34ms]
2023-07-11 16:50:23.273 [info] > git show --textconv :src/card/.gitignore [9ms]
2023-07-11 16:50:23.282 [info] > git show --textconv :src/card/card.service.ts [9ms]
2023-07-11 16:50:23.283 [info] > git show --textconv :src/migrations/1687271906608-CreateUsers.ts [2ms]
2023-07-11 16:50:27.260 [info] > git ls-files --stage -- /home/morishita/Dev/LightStand/Backend/smart-pass-backend/src/template/template.service.ts [15ms]
2023-07-11 16:50:27.276 [info] > git ls-files --stage -- /home/morishita/Dev/LightStand/Backend/smart-pass-backend/src/card/card.service.ts [47ms]
2023-07-11 16:50:27.322 [info] > git ls-files --stage -- /home/morishita/Dev/LightStand/Backend/smart-pass-backend/src/card/.gitignore [11ms]
2023-07-11 16:50:27.332 [info] > git ls-files --stage -- /home/morishita/Dev/LightStand/Backend/smart-pass-backend/src/card/card.controller.ts [34ms]
2023-07-11 16:50:27.341 [info] > git cat-file -s 486864b5e9d1da7d5a27f67ebff0606110d10a7a [54ms]
2023-07-11 16:50:27.342 [info] > git cat-file -s a27d7ceee4da06174e08ec9ae720ef6eea80a9dd [66ms]
2023-07-11 16:50:27.342 [info] > git ls-files --stage -- /home/morishita/Dev/LightStand/Backend/smart-pass-backend/src/card/card.entity.ts [83ms]
2023-07-11 16:50:27.352 [info] > git cat-file -s dbe343fb7ed5b26c5aba8393d80db0fb28d152a0 [11ms]
2023-07-11 16:50:27.352 [info] > git cat-file -s 3be022457c522165c93a77a64e8e525d978c09fe [21ms]
2023-07-11 16:50:27.352 [info] > git ls-files --stage -- /home/morishita/Dev/LightStand/Backend/smart-pass-backend/src/migrations/1687271906608-CreateUsers.ts [32ms]
2023-07-11 16:50:27.374 [info] > git show --textconv :src/card/card.service.ts [7ms]
2023-07-11 16:50:27.375 [info] > git cat-file -s 440ced43e37623eba8b07fa2e87abbbdf24f653d [16ms]
2023-07-11 16:50:27.375 [info] > git cat-file -s 0a601e2e6e221ae661f6d7a80054c6fab2b7f14f [25ms]
2023-07-11 16:50:27.393 [info] > git show --textconv :src/template/template.service.ts [19ms]
2023-07-11 16:50:27.393 [info] > git show --textconv :src/card/card.controller.ts [11ms]
2023-07-11 16:50:27.417 [info] > git show --textconv :src/card/.gitignore [25ms]
2023-07-11 16:50:27.417 [info] > git show --textconv :src/migrations/1687271906608-CreateUsers.ts [12ms]
2023-07-11 16:50:27.418 [info] > git show --textconv :src/card/card.entity.ts [2ms]
2023-07-11 16:50:28.083 [info] > git config --get commit.template [13ms]
2023-07-11 16:50:28.086 [info] > git for-each-ref --format=%(refname)%00%(upstream:short)%00%(objectname)%00%(upstream:track)%00%(upstream:remotename)%00%(upstream:remoteref) refs/heads/gm-pdf-logics refs/remotes/gm-pdf-logics [3ms]
2023-07-11 16:50:28.097 [info] > git status -z -uall [3ms]
2023-07-11 16:50:28.142 [info] > git config --local branch.gm-pdf-logics.github-pr-owner-number [2ms]
2023-07-11 16:50:28.163 [info] > git config --get commit.template [10ms]
2023-07-11 16:50:28.165 [info] > git for-each-ref --format=%(refname)%00%(upstream:short)%00%(objectname)%00%(upstream:track)%00%(upstream:remotename)%00%(upstream:remoteref) refs/heads/gm-pdf-logics refs/remotes/gm-pdf-logics [2ms]
2023-07-11 16:50:28.174 [info] > git status -z -uall [2ms]
2023-07-11 16:54:09.464 [info] > git config --local branch.gm-pdf-logics.github-pr-owner-number [4ms]
2023-07-11 16:54:09.484 [info] > git config --get commit.template [10ms]
2023-07-11 16:54:09.486 [info] > git for-each-ref --format=%(refname)%00%(upstream:short)%00%(objectname)%00%(upstream:track)%00%(upstream:remotename)%00%(upstream:remoteref) refs/heads/gm-pdf-logics refs/remotes/gm-pdf-logics [3ms]
2023-07-11 16:54:09.497 [info] > git status -z -uall [2ms]
2023-07-11 16:59:09.510 [info] > git config --local branch.gm-pdf-logics.github-pr-owner-number [2ms]
2023-07-11 16:59:09.537 [info] > git config --get commit.template [13ms]
2023-07-11 16:59:09.541 [info] > git for-each-ref --format=%(refname)%00%(upstream:short)%00%(objectname)%00%(upstream:track)%00%(upstream:remotename)%00%(upstream:remoteref) refs/heads/gm-pdf-logics refs/remotes/gm-pdf-logics [5ms]
2023-07-11 16:59:09.557 [info] > git status -z -uall [5ms]
2023-07-11 17:04:09.579 [info] > git config --local branch.gm-pdf-logics.github-pr-owner-number [5ms]
2023-07-11 17:04:09.605 [info] > git config --get commit.template [13ms]
2023-07-11 17:04:09.608 [info] > git for-each-ref --format=%(refname)%00%(upstream:short)%00%(objectname)%00%(upstream:track)%00%(upstream:remotename)%00%(upstream:remoteref) refs/heads/gm-pdf-logics refs/remotes/gm-pdf-logics [4ms]
2023-07-11 17:04:09.620 [info] > git status -z -uall [3ms]
2023-07-11 17:09:09.635 [info] > git config --local branch.gm-pdf-logics.github-pr-owner-number [2ms]
2023-07-11 17:09:09.661 [info] > git config --get commit.template [11ms]
2023-07-11 17:09:09.663 [info] > git for-each-ref --format=%(refname)%00%(upstream:short)%00%(objectname)%00%(upstream:track)%00%(upstream:remotename)%00%(upstream:remoteref) refs/heads/gm-pdf-logics refs/remotes/gm-pdf-logics [2ms]
2023-07-11 17:09:09.673 [info] > git status -z -uall [2ms]
2023-07-11 17:14:09.693 [info] > git config --local branch.gm-pdf-logics.github-pr-owner-number [5ms]
2023-07-11 17:14:09.719 [info] > git config --get commit.template [12ms]
2023-07-11 17:14:09.722 [info] > git for-each-ref --format=%(refname)%00%(upstream:short)%00%(objectname)%00%(upstream:track)%00%(upstream:remotename)%00%(upstream:remoteref) refs/heads/gm-pdf-logics refs/remotes/gm-pdf-logics [5ms]
2023-07-11 17:14:09.739 [info] > git status -z -uall [5ms]
2023-07-11 17:19:09.753 [info] > git config --local branch.gm-pdf-logics.github-pr-owner-number [3ms]
2023-07-11 17:19:09.772 [info] > git config --get commit.template [9ms]
2023-07-11 17:19:09.773 [info] > git for-each-ref --format=%(refname)%00%(upstream:short)%00%(objectname)%00%(upstream:track)%00%(upstream:remotename)%00%(upstream:remoteref) refs/heads/gm-pdf-logics refs/remotes/gm-pdf-logics [2ms]
2023-07-11 17:19:09.783 [info] > git status -z -uall [3ms]
2023-07-11 17:24:09.796 [info] > git config --local branch.gm-pdf-logics.github-pr-owner-number [2ms]
2023-07-11 17:24:09.814 [info] > git config --get commit.template [10ms]
2023-07-11 17:24:09.816 [info] > git for-each-ref --format=%(refname)%00%(upstream:short)%00%(objectname)%00%(upstream:track)%00%(upstream:remotename)%00%(upstream:remoteref) refs/heads/gm-pdf-logics refs/remotes/gm-pdf-logics [3ms]
2023-07-11 17:24:09.829 [info] > git status -z -uall [3ms]
2023-07-11 17:29:09.845 [info] > git config --local branch.gm-pdf-logics.github-pr-owner-number [4ms]
2023-07-11 17:29:09.870 [info] > git config --get commit.template [13ms]
2023-07-11 17:29:09.873 [info] > git for-each-ref --format=%(refname)%00%(upstream:short)%00%(objectname)%00%(upstream:track)%00%(upstream:remotename)%00%(upstream:remoteref) refs/heads/gm-pdf-logics refs/remotes/gm-pdf-logics [3ms]
2023-07-11 17:29:09.890 [info] > git status -z -uall [6ms]
2023-07-11 17:34:09.907 [info] > git config --local branch.gm-pdf-logics.github-pr-owner-number [2ms]
2023-07-11 17:34:09.933 [info] > git config --get commit.template [13ms]
2023-07-11 17:34:09.936 [info] > git for-each-ref --format=%(refname)%00%(upstream:short)%00%(objectname)%00%(upstream:track)%00%(upstream:remotename)%00%(upstream:remoteref) refs/heads/gm-pdf-logics refs/remotes/gm-pdf-logics [3ms]
2023-07-11 17:34:09.951 [info] > git status -z -uall [6ms]
2023-07-11 17:39:09.968 [info] > git config --local branch.gm-pdf-logics.github-pr-owner-number [3ms]
2023-07-11 17:39:09.991 [info] > git config --get commit.template [12ms]
2023-07-11 17:39:09.992 [info] > git for-each-ref --format=%(refname)%00%(upstream:short)%00%(objectname)%00%(upstream:track)%00%(upstream:remotename)%00%(upstream:remoteref) refs/heads/gm-pdf-logics refs/remotes/gm-pdf-logics [2ms]
2023-07-11 17:39:10.002 [info] > git status -z -uall [3ms]
2023-07-11 17:44:10.017 [info] > git config --local branch.gm-pdf-logics.github-pr-owner-number [3ms]
2023-07-11 17:44:10.043 [info] > git config --get commit.template [13ms]
2023-07-11 17:44:10.044 [info] > git for-each-ref --format=%(refname)%00%(upstream:short)%00%(objectname)%00%(upstream:track)%00%(upstream:remotename)%00%(upstream:remoteref) refs/heads/gm-pdf-logics refs/remotes/gm-pdf-logics [2ms]
2023-07-11 17:44:10.060 [info] > git status -z -uall [5ms]
2023-07-11 17:49:10.078 [info] > git config --local branch.gm-pdf-logics.github-pr-owner-number [4ms]
2023-07-11 17:49:10.102 [info] > git config --get commit.template [11ms]
2023-07-11 17:49:10.104 [info] > git for-each-ref --format=%(refname)%00%(upstream:short)%00%(objectname)%00%(upstream:track)%00%(upstream:remotename)%00%(upstream:remoteref) refs/heads/gm-pdf-logics refs/remotes/gm-pdf-logics [3ms]
2023-07-11 17:49:10.114 [info] > git status -z -uall [3ms]
2023-07-11 17:54:10.129 [info] > git config --local branch.gm-pdf-logics.github-pr-owner-number [3ms]
2023-07-11 17:54:10.152 [info] > git config --get commit.template [11ms]
2023-07-11 17:54:10.154 [info] > git for-each-ref --format=%(refname)%00%(upstream:short)%00%(objectname)%00%(upstream:track)%00%(upstream:remotename)%00%(upstream:remoteref) refs/heads/gm-pdf-logics refs/remotes/gm-pdf-logics [3ms]
2023-07-11 17:54:10.168 [info] > git status -z -uall [5ms]
2023-07-11 22:45:36.105 [info] > git config --get commit.template [11ms]
2023-07-11 22:45:36.108 [info] > git for-each-ref --format=%(refname)%00%(upstream:short)%00%(objectname)%00%(upstream:track)%00%(upstream:remotename)%00%(upstream:remoteref) refs/heads/gm-pdf-logics refs/remotes/gm-pdf-logics [4ms]
2023-07-11 22:45:36.121 [info] > git status -z -uall [4ms]
2023-07-11 22:45:36.565 [info] > git config --local branch.gm-pdf-logics.github-pr-owner-number [4ms]
2023-07-11 22:45:36.595 [info] > git config --get commit.template [14ms]
2023-07-11 22:45:36.599 [info] > git for-each-ref --format=%(refname)%00%(upstream:short)%00%(objectname)%00%(upstream:track)%00%(upstream:remotename)%00%(upstream:remoteref) refs/heads/gm-pdf-logics refs/remotes/gm-pdf-logics [4ms]
2023-07-11 22:45:36.615 [info] > git status -z -uall [5ms]
2023-07-11 22:45:38.279 [info] > git check-ignore -v -z --stdin [3ms]
2023-07-11 22:46:11.448 [info] > git check-ignore -v -z --stdin [5ms]
2023-07-11 22:46:11.960 [info] > git config --get commit.template [15ms]
2023-07-11 22:46:11.962 [info] > git for-each-ref --format=%(refname)%00%(upstream:short)%00%(objectname)%00%(upstream:track)%00%(upstream:remotename)%00%(upstream:remoteref) refs/heads/gm-pdf-logics refs/remotes/gm-pdf-logics [3ms]
2023-07-11 22:46:11.976 [info] > git status -z -uall [4ms]
2023-07-11 22:46:13.143 [info] > git show --textconv :insomnia/Insomnia_2023-06-20.json [12ms]
2023-07-11 22:46:13.158 [info] > git ls-files --stage -- /home/morishita/Dev/LightStand/Backend/smart-pass-backend/insomnia/Insomnia_2023-06-20.json [16ms]
2023-07-11 22:46:13.175 [info] > git cat-file -s bfd5a85ddcf903977171a4ac002c3bc616692e4f [5ms]
2023-07-11 22:46:30.326 [info] > git for-each-ref --format=%(refname)%00%(upstream:short)%00%(objectname)%00%(upstream:track)%00%(upstream:remotename)%00%(upstream:remoteref) refs/heads/gm-pdf-logics refs/remotes/gm-pdf-logics [14ms]
2023-07-11 22:46:30.326 [info] > git config --get commit.template [26ms]
2023-07-11 22:46:30.338 [info] > git check-ignore -v -z --stdin [13ms]
2023-07-11 22:46:30.343 [info] > git status -z -uall [5ms]
2023-07-11 22:46:44.792 [info] > git config --get commit.template [20ms]
2023-07-11 22:46:44.796 [info] > git for-each-ref --format=%(refname)%00%(upstream:short)%00%(objectname)%00%(upstream:track)%00%(upstream:remotename)%00%(upstream:remoteref) refs/heads/gm-pdf-logics refs/remotes/gm-pdf-logics [7ms]
2023-07-11 22:46:44.817 [info] > git status -z -uall [7ms]
2023-07-11 22:46:46.397 [info] > git check-ignore -v -z --stdin [2ms]
2023-07-11 22:46:48.273 [info] > git show --textconv :insomnia/.har [63ms]
2023-07-11 22:46:48.282 [info] > git ls-files --stage -- /home/morishita/Dev/LightStand/Backend/smart-pass-backend/insomnia/.har [35ms]
2023-07-11 22:46:49.842 [info] > git config --get commit.template [11ms]
2023-07-11 22:46:49.844 [info] > git for-each-ref --format=%(refname)%00%(upstream:short)%00%(objectname)%00%(upstream:track)%00%(upstream:remotename)%00%(upstream:remoteref) refs/heads/gm-pdf-logics refs/remotes/gm-pdf-logics [3ms]
2023-07-11 22:46:49.857 [info] > git status -z -uall [4ms]
2023-07-11 22:47:00.607 [info] > git show --textconv :insomnia/Insomnia_2023-07-11.har [21ms]
2023-07-11 22:47:00.676 [info] > git ls-files --stage -- /home/morishita/Dev/LightStand/Backend/smart-pass-backend/insomnia/Insomnia_2023-07-11.har [72ms]
2023-07-11 22:47:00.898 [info] > git check-ignore -v -z --stdin [159ms]
2023-07-11 22:47:01.256 [info] > git config --get commit.template [17ms]
2023-07-11 22:47:01.258 [info] > git for-each-ref --format=%(refname)%00%(upstream:short)%00%(objectname)%00%(upstream:track)%00%(upstream:remotename)%00%(upstream:remoteref) refs/heads/gm-pdf-logics refs/remotes/gm-pdf-logics [4ms]
2023-07-11 22:47:01.277 [info] > git status -z -uall [5ms]
2023-07-11 22:47:04.883 [info] > git check-ignore -v -z --stdin [3ms]
2023-07-11 22:47:06.315 [info] > git config --get commit.template [18ms]
2023-07-11 22:47:06.319 [info] > git for-each-ref --format=%(refname)%00%(upstream:short)%00%(objectname)%00%(upstream:track)%00%(upstream:remotename)%00%(upstream:remoteref) refs/heads/gm-pdf-logics refs/remotes/gm-pdf-logics [5ms]
2023-07-11 22:47:06.336 [info] > git status -z -uall [4ms]
2023-07-11 22:47:06.767 [info] > git show --textconv :insomnia/Insomnia_2023-06-20.yaml [12ms]
2023-07-11 22:47:06.769 [info] > git ls-files --stage -- /home/morishita/Dev/LightStand/Backend/smart-pass-backend/insomnia/Insomnia_2023-06-20.yaml [2ms]
2023-07-11 22:47:06.789 [info] > git cat-file -s 1073b2470c4c93db2b9ace53fa7a338520ce29c9 [11ms]
2023-07-11 22:47:07.564 [info] > git show --textconv :insomnia/Insomnia_2023-06-20.har [15ms]
2023-07-11 22:47:07.580 [info] > git ls-files --stage -- /home/morishita/Dev/LightStand/Backend/smart-pass-backend/insomnia/Insomnia_2023-06-20.har [16ms]
2023-07-11 22:47:07.596 [info] > git cat-file -s 11103da0845d9046d4606429406fd549cdeadc72 [4ms]
2023-07-11 22:47:11.375 [info] > git config --get commit.template [18ms]
2023-07-11 22:47:11.378 [info] > git for-each-ref --format=%(refname)%00%(upstream:short)%00%(objectname)%00%(upstream:track)%00%(upstream:remotename)%00%(upstream:remoteref) refs/heads/gm-pdf-logics refs/remotes/gm-pdf-logics [5ms]
2023-07-11 22:47:11.395 [info] > git status -z -uall [4ms]
2023-07-11 22:47:14.303 [info] > git ls-files --stage -- /home/morishita/Dev/LightStand/Backend/smart-pass-backend/src/card/card.controller.ts [10ms]
2023-07-11 22:47:14.312 [info] > git ls-files --stage -- /home/morishita/Dev/LightStand/Backend/smart-pass-backend/src/card/card.entity.ts [29ms]
2023-07-11 22:47:14.321 [info] > git ls-files --stage -- /home/morishita/Dev/LightStand/Backend/smart-pass-backend/src/template/template.service.ts [49ms]
2023-07-11 22:47:14.330 [info] > git ls-files --stage -- /home/morishita/Dev/LightStand/Backend/smart-pass-backend/src/card/card.service.ts [70ms]
2023-07-11 22:47:14.360 [info] > git cat-file -s 486864b5e9d1da7d5a27f67ebff0606110d10a7a [16ms]
2023-07-11 22:47:14.361 [info] > git cat-file -s a27d7ceee4da06174e08ec9ae720ef6eea80a9dd [31ms]
2023-07-11 22:47:14.362 [info] > git cat-file -s 0a601e2e6e221ae661f6d7a80054c6fab2b7f14f [40ms]
2023-07-11 22:47:14.362 [info] > git cat-file -s dbe343fb7ed5b26c5aba8393d80db0fb28d152a0 [50ms]
2023-07-11 22:47:14.362 [info] > git ls-files --stage -- /home/morishita/Dev/LightStand/Backend/smart-pass-backend/src/card/.gitignore [60ms]
2023-07-11 22:47:14.376 [info] > git ls-files --stage -- /home/morishita/Dev/LightStand/Backend/smart-pass-backend/src/migrations/1687271906608-CreateUsers.ts [17ms]
2023-07-11 22:47:14.430 [info] > git show --textconv :src/card/card.service.ts [31ms]
2023-07-11 22:47:14.430 [info] > git show --textconv :src/template/template.service.ts [20ms]
2023-07-11 22:47:14.430 [info] > git show --textconv :src/card/card.entity.ts [10ms]
2023-07-11 22:47:14.431 [info] > git cat-file -s 440ced43e37623eba8b07fa2e87abbbdf24f653d [44ms]
2023-07-11 22:47:14.432 [info] > git cat-file -s 3be022457c522165c93a77a64e8e525d978c09fe [57ms]
2023-07-11 22:47:14.432 [info] > git show --textconv :src/card/card.controller.ts [2ms]
2023-07-11 22:47:14.454 [info] > git show --textconv :src/migrations/1687271906608-CreateUsers.ts [9ms]
2023-07-11 22:47:14.455 [info] > git show --textconv :src/card/.gitignore [2ms]
2023-07-11 22:47:35.227 [info] > git config --get commit.template [20ms]
2023-07-11 22:47:35.230 [info] > git for-each-ref --format=%(refname)%00%(upstream:short)%00%(objectname)%00%(upstream:track)%00%(upstream:remotename)%00%(upstream:remoteref) refs/heads/gm-pdf-logics refs/remotes/gm-pdf-logics [5ms]
2023-07-11 22:47:35.246 [info] > git status -z -uall [5ms]
2023-07-11 22:47:55.551 [info] > git config --get commit.template [17ms]
2023-07-11 22:47:55.554 [info] > git for-each-ref --format=%(refname)%00%(upstream:short)%00%(objectname)%00%(upstream:track)%00%(upstream:remotename)%00%(upstream:remoteref) refs/heads/gm-pdf-logics refs/remotes/gm-pdf-logics [5ms]
2023-07-11 22:47:55.574 [info] > git status -z -uall [6ms]
2023-07-11 22:47:55.614 [info] > git config --local branch.gm-pdf-logics.github-pr-owner-number [4ms]
2023-07-11 22:47:55.643 [info] > git config --get commit.template [15ms]
2023-07-11 22:47:55.712 [info] > git ls-files --stage -- /home/morishita/Dev/LightStand/Backend/smart-pass-backend/src/card/.gitignore [13ms]
2023-07-11 22:47:55.723 [info] > git ls-files --stage -- /home/morishita/Dev/LightStand/Backend/smart-pass-backend/src/card/card.controller.ts [34ms]
2023-07-11 22:47:55.740 [info] > git ls-files --stage -- /home/morishita/Dev/LightStand/Backend/smart-pass-backend/src/card/card.entity.ts [64ms]
2023-07-11 22:47:55.759 [info] > git ls-files --stage -- /home/morishita/Dev/LightStand/Backend/smart-pass-backend/src/template/template.service.ts [96ms]
2023-07-11 22:47:55.776 [info] > git ls-files --stage -- /home/morishita/Dev/LightStand/Backend/smart-pass-backend/src/card/card.service.ts [124ms]
2023-07-11 22:47:55.787 [info] > git for-each-ref --format=%(refname)%00%(upstream:short)%00%(objectname)%00%(upstream:track)%00%(upstream:remotename)%00%(upstream:remoteref) refs/heads/gm-pdf-logics refs/remotes/gm-pdf-logics [145ms]
2023-07-11 22:47:55.802 [info] > git status -z -uall [5ms]
2023-07-11 22:47:55.802 [info] > git cat-file -s 486864b5e9d1da7d5a27f67ebff0606110d10a7a [16ms]
2023-07-11 22:47:55.803 [info] > git cat-file -s a27d7ceee4da06174e08ec9ae720ef6eea80a9dd [26ms]
2023-07-11 22:47:55.803 [info] > git cat-file -s 0a601e2e6e221ae661f6d7a80054c6fab2b7f14f [45ms]
2023-07-11 22:47:55.803 [info] > git cat-file -s dbe343fb7ed5b26c5aba8393d80db0fb28d152a0 [64ms]
2023-07-11 22:47:55.803 [info] > git cat-file -s 3be022457c522165c93a77a64e8e525d978c09fe [81ms]
2023-07-11 22:47:55.804 [info] > git ls-files --stage -- /home/morishita/Dev/LightStand/Backend/smart-pass-backend/src/migrations/1687271906608-CreateUsers.ts [94ms]
2023-07-11 22:47:55.875 [info] > git show --textconv :src/card/card.service.ts [52ms]
2023-07-11 22:47:55.875 [info] > git show --textconv :src/template/template.service.ts [41ms]
2023-07-11 22:47:55.875 [info] > git show --textconv :src/card/card.entity.ts [27ms]
2023-07-11 22:47:55.875 [info] > git show --textconv :src/card/card.controller.ts [12ms]
2023-07-11 22:47:55.877 [info] > git cat-file -s 440ced43e37623eba8b07fa2e87abbbdf24f653d [65ms]
2023-07-11 22:47:55.880 [info] > git show --textconv :src/card/.gitignore [6ms]
2023-07-11 22:47:55.897 [info] > git show --textconv :src/migrations/1687271906608-CreateUsers.ts [5ms]
2023-07-11 22:50:36.638 [info] > git config --local branch.gm-pdf-logics.github-pr-owner-number [5ms]
2023-07-11 22:50:36.663 [info] > git config --get commit.template [12ms]
2023-07-11 22:50:36.666 [info] > git for-each-ref --format=%(refname)%00%(upstream:short)%00%(objectname)%00%(upstream:track)%00%(upstream:remotename)%00%(upstream:remoteref) refs/heads/gm-pdf-logics refs/remotes/gm-pdf-logics [4ms]
2023-07-11 22:50:36.681 [info] > git status -z -uall [4ms]
2023-07-11 22:55:36.698 [info] > git config --local branch.gm-pdf-logics.github-pr-owner-number [3ms]
2023-07-11 22:55:36.723 [info] > git config --get commit.template [12ms]
2023-07-11 22:55:36.725 [info] > git for-each-ref --format=%(refname)%00%(upstream:short)%00%(objectname)%00%(upstream:track)%00%(upstream:remotename)%00%(upstream:remoteref) refs/heads/gm-pdf-logics refs/remotes/gm-pdf-logics [3ms]
2023-07-11 22:55:36.736 [info] > git status -z -uall [3ms]
2023-07-11 23:00:36.757 [info] > git config --local branch.gm-pdf-logics.github-pr-owner-number [5ms]
2023-07-11 23:00:36.782 [info] > git config --get commit.template [10ms]
2023-07-11 23:00:36.784 [info] > git for-each-ref --format=%(refname)%00%(upstream:short)%00%(objectname)%00%(upstream:track)%00%(upstream:remotename)%00%(upstream:remoteref) refs/heads/gm-pdf-logics refs/remotes/gm-pdf-logics [2ms]
2023-07-11 23:00:36.795 [info] > git status -z -uall [3ms]
