2023-07-12 12:35:21.327 [info] Reading sessions from keychain...
2023-07-12 12:35:21.328 [info] Getting sessions for all scopes...
2023-07-12 12:35:21.328 [info] Getting sessions for repo,workflow...
2023-07-12 12:35:21.328 [info] Got 0 sessions for ...
2023-07-12 12:35:21.328 [info] Got 0 sessions for repo,workflow...
2023-07-12 12:35:21.328 [info] Getting sessions for repo,workflow...
2023-07-12 12:35:21.328 [info] Got 0 sessions for repo,workflow...
2023-07-12 12:35:21.859 [info] Getting sessions for repo,workflow...
2023-07-12 12:35:21.859 [info] Got 0 sessions for repo,workflow...
2023-07-12 12:35:21.915 [info] Getting sessions for repo,workflow...
2023-07-12 12:35:21.915 [info] Got 0 sessions for repo,workflow...
2023-07-12 12:35:25.671 [info] Getting sessions for all scopes...
2023-07-12 12:35:25.671 [info] Got 0 sessions for ...
2023-07-12 12:35:26.741 [info] Getting sessions for user:email...
2023-07-12 12:35:26.742 [info] Got 0 sessions for user:email...
2023-07-12 12:35:28.215 [info] Getting sessions for all scopes...
2023-07-12 12:35:28.215 [info] Got 0 sessions for ...
2023-07-12 12:35:28.219 [info] Getting sessions for all scopes...
2023-07-12 12:35:28.219 [info] Got 0 sessions for ...
2023-07-12 12:35:28.701 [info] Getting sessions for read:user,repo,user:email,workflow...
2023-07-12 12:35:28.701 [info] Got 0 sessions for read:user,repo,user:email,workflow...
2023-07-12 12:35:28.932 [info] Getting sessions for user:email...
2023-07-12 12:35:28.932 [info] Got 0 sessions for user:email...
2023-07-12 12:35:28.957 [info] Getting sessions for read:user,repo,user:email...
2023-07-12 12:35:28.957 [info] Got 0 sessions for read:user,repo,user:email...
2023-07-12 12:35:28.958 [info] Getting sessions for read:user,repo,user:email...
2023-07-12 12:35:28.958 [info] Got 0 sessions for read:user,repo,user:email...
2023-07-12 12:35:28.958 [info] Getting sessions for all scopes...
2023-07-12 12:35:28.958 [info] Got 0 sessions for ...
