2023-07-11 15:59:02.539 [info] Extension host with pid 4746 started
2023-07-11 15:59:02.539 [info] Skipping acquiring lock for /home/morishita/.config/Code/User/workspaceStorage/ddfb5e7b689e894ab4152a6c5bd84755.
2023-07-11 15:59:03.089 [info] ExtensionService#_doActivateExtension vscode.emmet, startup: false, activationEvent: 'onLanguage'
2023-07-11 15:59:03.095 [info] ExtensionService#_doActivateExtension vscode.typescript-language-features, startup: false, activationEvent: 'onLanguage:typescript'
2023-07-11 15:59:03.371 [info] ExtensionService#_doActivateExtension vscode.git-base, startup: true, activationEvent: '*', root cause: vscode.git
2023-07-11 15:59:03.374 [info] ExtensionService#_doActivateExtension isudox.vscode-jetbrains-keybindings, startup: true, activationEvent: '*'
2023-07-11 15:59:03.377 [info] ExtensionService#_doActivateExtension kbysiec.vscode-search-everywhere, startup: true, activationEvent: '*'
2023-07-11 15:59:03.395 [info] ExtensionService#_doActivateExtension WakaTime.vscode-wakatime, startup: true, activationEvent: '*'
2023-07-11 15:59:03.427 [info] ExtensionService#_doActivateExtension vscode.npm, startup: true, activationEvent: 'workspaceContains:package.json'
2023-07-11 15:59:03.440 [info] ExtensionService#_doActivateExtension yzhang.markdown-all-in-one, startup: true, activationEvent: 'workspaceContains:README.md'
2023-07-11 15:59:04.099 [info] ExtensionService#_doActivateExtension vscode.markdown-math, startup: false, activationEvent: 'api', root cause: yzhang.markdown-all-in-one
2023-07-11 15:59:04.111 [info] ExtensionService#_doActivateExtension vscode.git, startup: true, activationEvent: '*'
2023-07-11 15:59:04.146 [info] ExtensionService#_doActivateExtension vscode.github, startup: true, activationEvent: '*'
2023-07-11 15:59:04.332 [info] ExtensionService#_doActivateExtension github.vscode-github-actions, startup: true, activationEvent: 'workspaceContains:**/.github/workflows/**'
2023-07-11 15:59:04.467 [info] ExtensionService#_doActivateExtension marp-team.marp-vscode, startup: false, activationEvent: 'api', root cause: yzhang.markdown-all-in-one
2023-07-11 15:59:04.941 [info] ExtensionService#_doActivateExtension vscode.github-authentication, startup: false, activationEvent: 'onAuthenticationRequest:github'
2023-07-11 15:59:05.833 [info] Eager extensions activated
2023-07-11 15:59:05.849 [info] ExtensionService#_doActivateExtension vscode.debug-auto-launch, startup: false, activationEvent: 'onStartupFinished'
2023-07-11 15:59:05.851 [info] ExtensionService#_doActivateExtension vscode.merge-conflict, startup: false, activationEvent: 'onStartupFinished'
2023-07-11 15:59:05.858 [info] ExtensionService#_doActivateExtension atommaterial.a-file-icon-vscode, startup: false, activationEvent: 'onStartupFinished'
2023-07-11 15:59:05.874 [info] ExtensionService#_doActivateExtension cweijan.vscode-database-client2, startup: false, activationEvent: 'onStartupFinished'
2023-07-11 15:59:06.601 [info] ExtensionService#_doActivateExtension eamodio.gitlens, startup: false, activationEvent: 'onStartupFinished'
2023-07-11 15:59:06.664 [info] ExtensionService#_doActivateExtension esbenp.prettier-vscode, startup: false, activationEvent: 'onStartupFinished'
2023-07-11 15:59:06.712 [info] ExtensionService#_doActivateExtension GitHub.vscode-pull-request-github, startup: false, activationEvent: 'onStartupFinished'
2023-07-11 15:59:06.760 [info] ExtensionService#_doActivateExtension ms-vscode-remote.remote-containers, startup: false, activationEvent: 'onStartupFinished'
2023-07-11 15:59:06.821 [info] ExtensionService#_doActivateExtension vscode-icons-team.vscode-icons, startup: false, activationEvent: 'onStartupFinished'
2023-07-11 15:59:08.564 [info] ExtensionService#_doActivateExtension vscode.microsoft-authentication, startup: false, activationEvent: 'onAuthenticationRequest:microsoft'
2023-07-11 16:17:50.321 [warning] TextEditor is closed/disposed
2023-07-11 16:17:51.547 [warning] TextEditor is closed/disposed
2023-07-11 16:19:30.046 [warning] TextEditor is closed/disposed
2023-07-11 16:22:03.284 [warning] TextEditor is closed/disposed
2023-07-11 16:37:35.824 [warning] TextEditor is closed/disposed
2023-07-11 16:45:47.520 [warning] TextEditor is closed/disposed
2023-07-11 16:47:51.661 [warning] TextEditor is closed/disposed
2023-07-11 16:48:16.150 [warning] TextEditor is closed/disposed
2023-07-11 16:49:39.192 [warning] TextEditor is closed/disposed
2023-07-11 16:50:14.135 [warning] TextEditor is closed/disposed
2023-07-11 22:46:10.969 [info] ExtensionService#_doActivateExtension vscode.extension-editing, startup: false, activationEvent: 'onLanguage:json'
2023-07-11 22:46:11.018 [info] ExtensionService#_doActivateExtension vscode.json-language-features, startup: false, activationEvent: 'onLanguage:json'
2023-07-11 22:46:12.834 [warning] TextEditor is closed/disposed
2023-07-11 22:46:14.825 [warning] TextEditor is closed/disposed
2023-07-11 22:46:47.652 [warning] TextEditor is closed/disposed
2023-07-11 22:47:07.231 [warning] TextEditor is closed/disposed
2023-07-11 22:47:09.754 [warning] TextEditor is closed/disposed
