2023-06-29 09:48:22.695 [info] Log level: Info
2023-06-29 09:48:22.695 [info] Validating found git in: "git"
2023-06-29 09:48:22.695 [info] Using git "2.41.0" from "git"
2023-06-29 09:48:22.695 [info] > git rev-parse --show-toplevel [5ms]
2023-06-29 09:48:22.695 [info] fatal: not a git repository (or any of the parent directories): .git
2023-06-29 09:48:22.697 [info] > git rev-parse --show-toplevel [6ms]
2023-06-29 09:48:22.697 [info] fatal: not a git repository (or any of the parent directories): .git
2023-06-29 09:48:22.741 [info] > git rev-parse --show-toplevel [2ms]
2023-06-29 09:48:22.741 [info] fatal: not a git repository (or any of the parent directories): .git
2023-06-29 09:48:22.774 [info] > git rev-parse --show-toplevel [2ms]
2023-06-29 09:48:22.774 [info] fatal: not a git repository (or any of the parent directories): .git
2023-06-29 09:48:22.931 [info] > git rev-parse --show-toplevel [1ms]
2023-06-29 09:48:22.931 [info] fatal: not a git repository (or any of the parent directories): .git
2023-06-29 09:48:23.117 [info] > git rev-parse --show-toplevel [0ms]
2023-06-29 09:48:23.117 [info] fatal: not a git repository (or any of the parent directories): .git
2023-06-29 09:48:44.413 [info] > git rev-parse --show-toplevel [13ms]
2023-06-29 09:48:44.413 [info] fatal: not a git repository (or any of the parent directories): .git
2023-06-29 09:48:45.173 [info] > git rev-parse --show-toplevel [3ms]
2023-06-29 09:48:45.173 [info] fatal: not a git repository (or any of the parent directories): .git
2023-06-29 09:50:04.004 [info] > git rev-parse --show-toplevel [2ms]
2023-06-29 09:50:04.004 [info] fatal: not a git repository (or any of the parent directories): .git
