2023-07-12 11:13:51.388 [info] Extension host with pid 21987 started
2023-07-12 11:13:51.388 [info] Skipping acquiring lock for /home/morishita/.config/Code/User/workspaceStorage/ddfb5e7b689e894ab4152a6c5bd84755.
2023-07-12 11:13:51.655 [info] ExtensionService#_doActivateExtension vscode.emmet, startup: false, activationEvent: 'onLanguage'
2023-07-12 11:13:51.663 [info] ExtensionService#_doActivateExtension vscode.git-base, startup: false, activationEvent: 'onLanguage:ignore'
2023-07-12 11:13:51.693 [info] ExtensionService#_doActivateExtension vscode.git, startup: true, activationEvent: '*'
2023-07-12 11:13:51.716 [info] ExtensionService#_doActivateExtension vscode.github, startup: true, activationEvent: '*'
2023-07-12 11:13:51.720 [info] ExtensionService#_doActivateExtension isudox.vscode-jetbrains-keybindings, startup: true, activationEvent: '*'
2023-07-12 11:13:51.722 [info] ExtensionService#_doActivateExtension kbysiec.vscode-search-everywhere, startup: true, activationEvent: '*'
2023-07-12 11:13:51.743 [info] ExtensionService#_doActivateExtension WakaTime.vscode-wakatime, startup: true, activationEvent: '*'
2023-07-12 11:13:51.771 [info] ExtensionService#_doActivateExtension vscode.npm, startup: true, activationEvent: 'workspaceContains:package.json'
2023-07-12 11:13:51.781 [info] ExtensionService#_doActivateExtension yzhang.markdown-all-in-one, startup: true, activationEvent: 'workspaceContains:README.md'
2023-07-12 11:13:51.998 [info] ExtensionService#_doActivateExtension vscode.markdown-math, startup: false, activationEvent: 'api', root cause: yzhang.markdown-all-in-one
2023-07-12 11:13:52.238 [info] ExtensionService#_doActivateExtension github.vscode-github-actions, startup: true, activationEvent: 'workspaceContains:**/.github/workflows/**'
2023-07-12 11:13:52.337 [info] ExtensionService#_doActivateExtension marp-team.marp-vscode, startup: false, activationEvent: 'api', root cause: yzhang.markdown-all-in-one
2023-07-12 11:13:52.578 [info] ExtensionService#_doActivateExtension vscode.github-authentication, startup: false, activationEvent: 'onAuthenticationRequest:github'
2023-07-12 11:13:53.118 [info] Eager extensions activated
2023-07-12 11:13:53.183 [info] ExtensionService#_doActivateExtension vscode.debug-auto-launch, startup: false, activationEvent: 'onStartupFinished'
2023-07-12 11:13:53.188 [info] ExtensionService#_doActivateExtension vscode.merge-conflict, startup: false, activationEvent: 'onStartupFinished'
2023-07-12 11:13:53.200 [info] ExtensionService#_doActivateExtension atommaterial.a-file-icon-vscode, startup: false, activationEvent: 'onStartupFinished'
2023-07-12 11:13:53.221 [info] ExtensionService#_doActivateExtension cweijan.vscode-database-client2, startup: false, activationEvent: 'onStartupFinished'
2023-07-12 11:13:53.452 [info] ExtensionService#_doActivateExtension eamodio.gitlens, startup: false, activationEvent: 'onStartupFinished'
2023-07-12 11:13:53.545 [info] ExtensionService#_doActivateExtension esbenp.prettier-vscode, startup: false, activationEvent: 'onStartupFinished'
2023-07-12 11:13:53.605 [info] ExtensionService#_doActivateExtension GitHub.vscode-pull-request-github, startup: false, activationEvent: 'onStartupFinished'
2023-07-12 11:13:53.652 [info] ExtensionService#_doActivateExtension ms-vscode-remote.remote-containers, startup: false, activationEvent: 'onStartupFinished'
2023-07-12 11:13:53.700 [info] ExtensionService#_doActivateExtension vscode-icons-team.vscode-icons, startup: false, activationEvent: 'onStartupFinished'
2023-07-12 11:13:55.619 [info] ExtensionService#_doActivateExtension vscode.microsoft-authentication, startup: false, activationEvent: 'onAuthenticationRequest:microsoft'
2023-07-12 12:16:02.269 [warning] TextEditor is closed/disposed
2023-07-12 12:16:02.435 [info] ExtensionService#_doActivateExtension vscode.typescript-language-features, startup: false, activationEvent: 'onLanguage:typescript'
