2023-07-11 15:55:39.688 [info] Extension host with pid 1292 started
2023-07-11 15:55:39.688 [info] Skipping acquiring lock for /home/morishita/.config/Code/User/workspaceStorage/ddfb5e7b689e894ab4152a6c5bd84755.
2023-07-11 15:55:39.969 [info] ExtensionService#_doActivateExtension vscode.emmet, startup: false, activationEvent: 'onLanguage'
2023-07-11 15:55:39.978 [info] ExtensionService#_doActivateExtension vscode.typescript-language-features, startup: false, activationEvent: 'onLanguage:typescript'
2023-07-11 15:55:40.351 [info] ExtensionService#_doActivateExtension vscode.git-base, startup: true, activationEvent: '*', root cause: vscode.git
2023-07-11 15:55:40.353 [info] ExtensionService#_doActivateExtension isudox.vscode-jetbrains-keybindings, startup: true, activationEvent: '*'
2023-07-11 15:55:40.355 [info] ExtensionService#_doActivateExtension kbysiec.vscode-search-everywhere, startup: true, activationEvent: '*'
2023-07-11 15:55:40.369 [info] ExtensionService#_doActivateExtension WakaTime.vscode-wakatime, startup: true, activationEvent: '*'
2023-07-11 15:55:40.394 [info] ExtensionService#_doActivateExtension vscode.npm, startup: true, activationEvent: 'workspaceContains:package.json'
2023-07-11 15:55:40.403 [info] ExtensionService#_doActivateExtension yzhang.markdown-all-in-one, startup: true, activationEvent: 'workspaceContains:README.md'
2023-07-11 15:55:40.687 [info] ExtensionService#_doActivateExtension vscode.markdown-math, startup: false, activationEvent: 'api', root cause: yzhang.markdown-all-in-one
2023-07-11 15:55:40.698 [info] ExtensionService#_doActivateExtension vscode.git, startup: true, activationEvent: '*'
2023-07-11 15:55:40.732 [info] ExtensionService#_doActivateExtension vscode.github, startup: true, activationEvent: '*'
2023-07-11 15:55:40.913 [info] ExtensionService#_doActivateExtension marp-team.marp-vscode, startup: false, activationEvent: 'api', root cause: yzhang.markdown-all-in-one
2023-07-11 15:55:41.176 [info] ExtensionService#_doActivateExtension github.vscode-github-actions, startup: true, activationEvent: 'workspaceContains:**/.github/workflows/**'
2023-07-11 15:55:41.423 [info] ExtensionService#_doActivateExtension vscode.github-authentication, startup: false, activationEvent: 'onAuthenticationRequest:github'
2023-07-11 15:55:41.936 [info] Eager extensions activated
2023-07-11 15:55:42.009 [info] ExtensionService#_doActivateExtension vscode.debug-auto-launch, startup: false, activationEvent: 'onStartupFinished'
2023-07-11 15:55:42.012 [info] ExtensionService#_doActivateExtension vscode.merge-conflict, startup: false, activationEvent: 'onStartupFinished'
2023-07-11 15:55:42.022 [info] ExtensionService#_doActivateExtension atommaterial.a-file-icon-vscode, startup: false, activationEvent: 'onStartupFinished'
2023-07-11 15:55:42.041 [info] ExtensionService#_doActivateExtension cweijan.vscode-database-client2, startup: false, activationEvent: 'onStartupFinished'
2023-07-11 15:55:42.363 [info] ExtensionService#_doActivateExtension eamodio.gitlens, startup: false, activationEvent: 'onStartupFinished'
2023-07-11 15:55:42.425 [info] ExtensionService#_doActivateExtension esbenp.prettier-vscode, startup: false, activationEvent: 'onStartupFinished'
2023-07-11 15:55:42.488 [info] ExtensionService#_doActivateExtension GitHub.vscode-pull-request-github, startup: false, activationEvent: 'onStartupFinished'
2023-07-11 15:55:42.532 [info] ExtensionService#_doActivateExtension ms-vscode-remote.remote-containers, startup: false, activationEvent: 'onStartupFinished'
2023-07-11 15:55:42.584 [info] ExtensionService#_doActivateExtension vscode-icons-team.vscode-icons, startup: false, activationEvent: 'onStartupFinished'
2023-07-11 15:55:44.965 [info] ExtensionService#_doActivateExtension vscode.microsoft-authentication, startup: false, activationEvent: 'onAuthenticationRequest:microsoft'
2023-07-11 15:58:07.142 [warning] TextEditor is closed/disposed
2023-07-11 15:58:07.225 [error] Actual command not found, wanted to execute mysql.table.find/76 __vscljynkbkw undefined
2023-07-11 15:58:32.800 [warning] TextEditor is closed/disposed
2023-07-11 15:58:57.850 [info] Extension host terminating: renderer closed the MessagePort
2023-07-11 15:58:57.886 [error] Canceled: Canceled
	at new l (/var/lib/snapd/snap/code/132/usr/share/code/resources/app/out/vs/workbench/api/node/extensionHostProcess.js:99:105905)
	at s.O (/var/lib/snapd/snap/code/132/usr/share/code/resources/app/out/vs/workbench/api/node/extensionHostProcess.js:111:11754)
	at $.<computed>.j.charCodeAt.$.<computed> (/var/lib/snapd/snap/code/132/usr/share/code/resources/app/out/vs/workbench/api/node/extensionHostProcess.js:111:9029)
	at e.ExtHostCommands.g (/var/lib/snapd/snap/code/132/usr/share/code/resources/app/out/vs/workbench/api/node/extensionHostProcess.js:99:130078)
	at e.ExtHostCommands.executeCommand (/var/lib/snapd/snap/code/132/usr/share/code/resources/app/out/vs/workbench/api/node/extensionHostProcess.js:99:129454)
	at k.registerCommand.description (/var/lib/snapd/snap/code/132/usr/share/code/resources/app/out/vs/workbench/api/node/extensionHostProcess.js:99:128747)
	at e.ExtHostCommands.h (/var/lib/snapd/snap/code/132/usr/share/code/resources/app/out/vs/workbench/api/node/extensionHostProcess.js:99:130664)
	at e.ExtHostCommands.g (/var/lib/snapd/snap/code/132/usr/share/code/resources/app/out/vs/workbench/api/node/extensionHostProcess.js:99:129554)
	at e.ExtHostCommands.executeCommand (/var/lib/snapd/snap/code/132/usr/share/code/resources/app/out/vs/workbench/api/node/extensionHostProcess.js:99:129454)
	at Object.executeCommand (/var/lib/snapd/snap/code/132/usr/share/code/resources/app/out/vs/workbench/api/node/extensionHostProcess.js:117:24230)
	at D (/var/lib/snapd/snap/code/132/usr/share/code/resources/app/extensions/git/dist/main.js:2:1261288)
	at b.invoke (/var/lib/snapd/snap/code/132/usr/share/code/resources/app/out/vs/workbench/api/node/extensionHostProcess.js:63:145)
	at d.deliver (/var/lib/snapd/snap/code/132/usr/share/code/resources/app/out/vs/workbench/api/node/extensionHostProcess.js:63:2121)
	at n.fire (/var/lib/snapd/snap/code/132/usr/share/code/resources/app/out/vs/workbench/api/node/extensionHostProcess.js:63:1729)
	at Object.m [as dispose] (/var/lib/snapd/snap/code/132/usr/share/code/resources/app/extensions/git/dist/main.js:2:1276121)
	at /var/lib/snapd/snap/code/132/usr/share/code/resources/app/extensions/git/dist/main.js:2:1280622
	at Array.forEach (<anonymous>)
	at g.dispose (/var/lib/snapd/snap/code/132/usr/share/code/resources/app/extensions/git/dist/main.js:2:1280608)
	at r.<anonymous> (/var/lib/snapd/snap/code/132/usr/share/code/resources/app/out/vs/workbench/api/node/extensionHostProcess.js:97:12552)
	at r.dispose (/var/lib/snapd/snap/code/132/usr/share/code/resources/app/out/vs/workbench/api/node/extensionHostProcess.js:97:12687)
	at r.<anonymous> (/var/lib/snapd/snap/code/132/usr/share/code/resources/app/extensions/git/dist/main.js:2:1263418)
	at r.dispose (/var/lib/snapd/snap/code/132/usr/share/code/resources/app/out/vs/workbench/api/node/extensionHostProcess.js:97:12687)
	at I (/var/lib/snapd/snap/code/132/usr/share/code/resources/app/out/vs/workbench/api/node/extensionHostProcess.js:10:12083)
	at n.Z (/var/lib/snapd/snap/code/132/usr/share/code/resources/app/out/vs/workbench/api/node/extensionHostProcess.js:113:11285)
	at /var/lib/snapd/snap/code/132/usr/share/code/resources/app/out/vs/workbench/api/node/extensionHostProcess.js:113:9187
	at Array.map (<anonymous>)
	at n.S (/var/lib/snapd/snap/code/132/usr/share/code/resources/app/out/vs/workbench/api/node/extensionHostProcess.js:113:9175)
	at n.terminate (/var/lib/snapd/snap/code/132/usr/share/code/resources/app/out/vs/workbench/api/node/extensionHostProcess.js:113:9445)
	at h.terminate (/var/lib/snapd/snap/code/132/usr/share/code/resources/app/out/vs/workbench/api/node/extensionHostProcess.js:117:1544)
	at p (/var/lib/snapd/snap/code/132/usr/share/code/resources/app/out/vs/workbench/api/node/extensionHostProcess.js:127:34497)
	at MessagePortMain.<anonymous> (/var/lib/snapd/snap/code/132/usr/share/code/resources/app/out/vs/workbench/api/node/extensionHostProcess.js:127:30636)
	at MessagePortMain.emit (node:events:513:28)
	at MessagePortMain._internalPort.emit (node:electron/js2c/utility_init:2:367) setContext undefined
2023-07-11 15:58:57.889 [error] Canceled: Canceled
	at new l (/var/lib/snapd/snap/code/132/usr/share/code/resources/app/out/vs/workbench/api/node/extensionHostProcess.js:99:105905)
	at s.O (/var/lib/snapd/snap/code/132/usr/share/code/resources/app/out/vs/workbench/api/node/extensionHostProcess.js:111:11754)
	at $.<computed>.j.charCodeAt.$.<computed> (/var/lib/snapd/snap/code/132/usr/share/code/resources/app/out/vs/workbench/api/node/extensionHostProcess.js:111:9029)
	at e.ExtHostCommands.g (/var/lib/snapd/snap/code/132/usr/share/code/resources/app/out/vs/workbench/api/node/extensionHostProcess.js:99:130078)
	at e.ExtHostCommands.executeCommand (/var/lib/snapd/snap/code/132/usr/share/code/resources/app/out/vs/workbench/api/node/extensionHostProcess.js:99:129454)
	at k.registerCommand.description (/var/lib/snapd/snap/code/132/usr/share/code/resources/app/out/vs/workbench/api/node/extensionHostProcess.js:99:128747)
	at e.ExtHostCommands.h (/var/lib/snapd/snap/code/132/usr/share/code/resources/app/out/vs/workbench/api/node/extensionHostProcess.js:99:130664)
	at e.ExtHostCommands.g (/var/lib/snapd/snap/code/132/usr/share/code/resources/app/out/vs/workbench/api/node/extensionHostProcess.js:99:129554)
	at e.ExtHostCommands.executeCommand (/var/lib/snapd/snap/code/132/usr/share/code/resources/app/out/vs/workbench/api/node/extensionHostProcess.js:99:129454)
	at Object.executeCommand (/var/lib/snapd/snap/code/132/usr/share/code/resources/app/out/vs/workbench/api/node/extensionHostProcess.js:117:24230)
	at set b [as b] (/var/lib/snapd/snap/code/132/usr/share/code/resources/app/extensions/github/dist/extension.js:2:152873)
	at /var/lib/snapd/snap/code/132/usr/share/code/resources/app/extensions/github/dist/extension.js:2:153583
	at /var/lib/snapd/snap/code/132/usr/share/code/resources/app/extensions/git/dist/main.js:2:1348881
	at b.invoke (/var/lib/snapd/snap/code/132/usr/share/code/resources/app/out/vs/workbench/api/node/extensionHostProcess.js:63:145)
	at d.deliver (/var/lib/snapd/snap/code/132/usr/share/code/resources/app/out/vs/workbench/api/node/extensionHostProcess.js:63:2121)
	at n.fire (/var/lib/snapd/snap/code/132/usr/share/code/resources/app/out/vs/workbench/api/node/extensionHostProcess.js:63:1729)
	at Object.m [as dispose] (/var/lib/snapd/snap/code/132/usr/share/code/resources/app/extensions/git/dist/main.js:2:1276121)
	at /var/lib/snapd/snap/code/132/usr/share/code/resources/app/extensions/git/dist/main.js:2:1280622
	at Array.forEach (<anonymous>)
	at g.dispose (/var/lib/snapd/snap/code/132/usr/share/code/resources/app/extensions/git/dist/main.js:2:1280608)
	at r.<anonymous> (/var/lib/snapd/snap/code/132/usr/share/code/resources/app/out/vs/workbench/api/node/extensionHostProcess.js:97:12552)
	at r.dispose (/var/lib/snapd/snap/code/132/usr/share/code/resources/app/out/vs/workbench/api/node/extensionHostProcess.js:97:12687)
	at r.<anonymous> (/var/lib/snapd/snap/code/132/usr/share/code/resources/app/extensions/git/dist/main.js:2:1263418)
	at r.dispose (/var/lib/snapd/snap/code/132/usr/share/code/resources/app/out/vs/workbench/api/node/extensionHostProcess.js:97:12687)
	at I (/var/lib/snapd/snap/code/132/usr/share/code/resources/app/out/vs/workbench/api/node/extensionHostProcess.js:10:12083)
	at n.Z (/var/lib/snapd/snap/code/132/usr/share/code/resources/app/out/vs/workbench/api/node/extensionHostProcess.js:113:11285)
	at /var/lib/snapd/snap/code/132/usr/share/code/resources/app/out/vs/workbench/api/node/extensionHostProcess.js:113:9187
	at Array.map (<anonymous>)
	at n.S (/var/lib/snapd/snap/code/132/usr/share/code/resources/app/out/vs/workbench/api/node/extensionHostProcess.js:113:9175)
	at n.terminate (/var/lib/snapd/snap/code/132/usr/share/code/resources/app/out/vs/workbench/api/node/extensionHostProcess.js:113:9445)
	at h.terminate (/var/lib/snapd/snap/code/132/usr/share/code/resources/app/out/vs/workbench/api/node/extensionHostProcess.js:117:1544)
	at p (/var/lib/snapd/snap/code/132/usr/share/code/resources/app/out/vs/workbench/api/node/extensionHostProcess.js:127:34497)
	at MessagePortMain.<anonymous> (/var/lib/snapd/snap/code/132/usr/share/code/resources/app/out/vs/workbench/api/node/extensionHostProcess.js:127:30636)
	at MessagePortMain.emit (node:events:513:28)
	at MessagePortMain._internalPort.emit (node:electron/js2c/utility_init:2:367) setContext undefined
2023-07-11 15:58:57.891 [error] Canceled: Canceled
	at new l (/var/lib/snapd/snap/code/132/usr/share/code/resources/app/out/vs/workbench/api/node/extensionHostProcess.js:99:105905)
	at s.O (/var/lib/snapd/snap/code/132/usr/share/code/resources/app/out/vs/workbench/api/node/extensionHostProcess.js:111:11754)
	at $.<computed>.j.charCodeAt.$.<computed> (/var/lib/snapd/snap/code/132/usr/share/code/resources/app/out/vs/workbench/api/node/extensionHostProcess.js:111:9029)
	at e.ExtHostCommands.g (/var/lib/snapd/snap/code/132/usr/share/code/resources/app/out/vs/workbench/api/node/extensionHostProcess.js:99:130078)
	at e.ExtHostCommands.executeCommand (/var/lib/snapd/snap/code/132/usr/share/code/resources/app/out/vs/workbench/api/node/extensionHostProcess.js:99:129454)
	at k.registerCommand.description (/var/lib/snapd/snap/code/132/usr/share/code/resources/app/out/vs/workbench/api/node/extensionHostProcess.js:99:128747)
	at e.ExtHostCommands.h (/var/lib/snapd/snap/code/132/usr/share/code/resources/app/out/vs/workbench/api/node/extensionHostProcess.js:99:130664)
	at e.ExtHostCommands.g (/var/lib/snapd/snap/code/132/usr/share/code/resources/app/out/vs/workbench/api/node/extensionHostProcess.js:99:129554)
	at e.ExtHostCommands.executeCommand (/var/lib/snapd/snap/code/132/usr/share/code/resources/app/out/vs/workbench/api/node/extensionHostProcess.js:99:129454)
	at Object.executeCommand (/var/lib/snapd/snap/code/132/usr/share/code/resources/app/out/vs/workbench/api/node/extensionHostProcess.js:117:24230)
	at e (/home/morishita/.vscode/extensions/github.vscode-pull-request-github-0.66.2/dist/extension.js:1690:1445)
	at Object.n [as setContext] (/home/morishita/.vscode/extensions/github.vscode-pull-request-github-0.66.2/dist/extension.js:1690:1560)
	at ep.updateActiveReviewCount (/home/morishita/.vscode/extensions/github.vscode-pull-request-github-0.66.2/dist/extension.js:1803:22243)
	at ep.removeRepo (/home/morishita/.vscode/extensions/github.vscode-pull-request-github-0.66.2/dist/extension.js:1803:23320)
	at /home/morishita/.vscode/extensions/github.vscode-pull-request-github-0.66.2/dist/extension.js:1849:4083
	at b.invoke (/var/lib/snapd/snap/code/132/usr/share/code/resources/app/out/vs/workbench/api/node/extensionHostProcess.js:63:145)
	at d.deliver (/var/lib/snapd/snap/code/132/usr/share/code/resources/app/out/vs/workbench/api/node/extensionHostProcess.js:63:2121)
	at n.fire (/var/lib/snapd/snap/code/132/usr/share/code/resources/app/out/vs/workbench/api/node/extensionHostProcess.js:63:1729)
	at /home/morishita/.vscode/extensions/github.vscode-pull-request-github-0.66.2/dist/extension.js:1659:461548
	at b.invoke (/var/lib/snapd/snap/code/132/usr/share/code/resources/app/out/vs/workbench/api/node/extensionHostProcess.js:63:145)
	at d.deliver (/var/lib/snapd/snap/code/132/usr/share/code/resources/app/out/vs/workbench/api/node/extensionHostProcess.js:63:2121)
	at n.fire (/var/lib/snapd/snap/code/132/usr/share/code/resources/app/out/vs/workbench/api/node/extensionHostProcess.js:63:1729)
	at /home/morishita/.vscode/extensions/github.vscode-pull-request-github-0.66.2/dist/extension.js:1803:27126
	at /var/lib/snapd/snap/code/132/usr/share/code/resources/app/extensions/git/dist/main.js:2:1348881
	at b.invoke (/var/lib/snapd/snap/code/132/usr/share/code/resources/app/out/vs/workbench/api/node/extensionHostProcess.js:63:145)
	at d.deliver (/var/lib/snapd/snap/code/132/usr/share/code/resources/app/out/vs/workbench/api/node/extensionHostProcess.js:63:2121)
	at n.fire (/var/lib/snapd/snap/code/132/usr/share/code/resources/app/out/vs/workbench/api/node/extensionHostProcess.js:63:1729)
	at Object.m [as dispose] (/var/lib/snapd/snap/code/132/usr/share/code/resources/app/extensions/git/dist/main.js:2:1276121)
	at /var/lib/snapd/snap/code/132/usr/share/code/resources/app/extensions/git/dist/main.js:2:1280622
	at Array.forEach (<anonymous>)
	at g.dispose (/var/lib/snapd/snap/code/132/usr/share/code/resources/app/extensions/git/dist/main.js:2:1280608)
	at r.<anonymous> (/var/lib/snapd/snap/code/132/usr/share/code/resources/app/out/vs/workbench/api/node/extensionHostProcess.js:97:12552)
	at r.dispose (/var/lib/snapd/snap/code/132/usr/share/code/resources/app/out/vs/workbench/api/node/extensionHostProcess.js:97:12687)
	at r.<anonymous> (/var/lib/snapd/snap/code/132/usr/share/code/resources/app/extensions/git/dist/main.js:2:1263418)
	at r.dispose (/var/lib/snapd/snap/code/132/usr/share/code/resources/app/out/vs/workbench/api/node/extensionHostProcess.js:97:12687)
	at I (/var/lib/snapd/snap/code/132/usr/share/code/resources/app/out/vs/workbench/api/node/extensionHostProcess.js:10:12083)
	at n.Z (/var/lib/snapd/snap/code/132/usr/share/code/resources/app/out/vs/workbench/api/node/extensionHostProcess.js:113:11285)
	at /var/lib/snapd/snap/code/132/usr/share/code/resources/app/out/vs/workbench/api/node/extensionHostProcess.js:113:9187
	at Array.map (<anonymous>)
	at n.S (/var/lib/snapd/snap/code/132/usr/share/code/resources/app/out/vs/workbench/api/node/extensionHostProcess.js:113:9175)
	at n.terminate (/var/lib/snapd/snap/code/132/usr/share/code/resources/app/out/vs/workbench/api/node/extensionHostProcess.js:113:9445)
	at h.terminate (/var/lib/snapd/snap/code/132/usr/share/code/resources/app/out/vs/workbench/api/node/extensionHostProcess.js:117:1544)
	at p (/var/lib/snapd/snap/code/132/usr/share/code/resources/app/out/vs/workbench/api/node/extensionHostProcess.js:127:34497)
	at MessagePortMain.<anonymous> (/var/lib/snapd/snap/code/132/usr/share/code/resources/app/out/vs/workbench/api/node/extensionHostProcess.js:127:30636)
	at MessagePortMain.emit (node:events:513:28)
	at MessagePortMain._internalPort.emit (node:electron/js2c/utility_init:2:367) setContext undefined
2023-07-11 15:58:57.895 [error] Canceled: Canceled
	at new l (/var/lib/snapd/snap/code/132/usr/share/code/resources/app/out/vs/workbench/api/node/extensionHostProcess.js:99:105905)
	at s.O (/var/lib/snapd/snap/code/132/usr/share/code/resources/app/out/vs/workbench/api/node/extensionHostProcess.js:111:11754)
	at $.<computed>.j.charCodeAt.$.<computed> (/var/lib/snapd/snap/code/132/usr/share/code/resources/app/out/vs/workbench/api/node/extensionHostProcess.js:111:9029)
	at e.ExtHostCommands.g (/var/lib/snapd/snap/code/132/usr/share/code/resources/app/out/vs/workbench/api/node/extensionHostProcess.js:99:130078)
	at e.ExtHostCommands.executeCommand (/var/lib/snapd/snap/code/132/usr/share/code/resources/app/out/vs/workbench/api/node/extensionHostProcess.js:99:129454)
	at k.registerCommand.description (/var/lib/snapd/snap/code/132/usr/share/code/resources/app/out/vs/workbench/api/node/extensionHostProcess.js:99:128747)
	at e.ExtHostCommands.h (/var/lib/snapd/snap/code/132/usr/share/code/resources/app/out/vs/workbench/api/node/extensionHostProcess.js:99:130664)
	at e.ExtHostCommands.g (/var/lib/snapd/snap/code/132/usr/share/code/resources/app/out/vs/workbench/api/node/extensionHostProcess.js:99:129554)
	at e.ExtHostCommands.executeCommand (/var/lib/snapd/snap/code/132/usr/share/code/resources/app/out/vs/workbench/api/node/extensionHostProcess.js:99:129454)
	at Object.executeCommand (/var/lib/snapd/snap/code/132/usr/share/code/resources/app/out/vs/workbench/api/node/extensionHostProcess.js:117:24230)
	at g (/home/morishita/.vscode/extensions/eamodio.gitlens-14.0.1/dist/gitlens.js:1:916739)
	at c (/home/morishita/.vscode/extensions/eamodio.gitlens-14.0.1/dist/gitlens.js:1:921419)
	at ActionRunners._updateContextKeys (/home/morishita/.vscode/extensions/eamodio.gitlens-14.0.1/dist/gitlens.js:1:37764)
	at s (/home/morishita/.vscode/extensions/eamodio.gitlens-14.0.1/dist/gitlens.js:1:36183)
	at RegisteredActionRunner.unregister (/home/morishita/.vscode/extensions/eamodio.gitlens-14.0.1/dist/gitlens.js:1:36327)
	at RegisteredActionRunner.dispose (/home/morishita/.vscode/extensions/eamodio.gitlens-14.0.1/dist/gitlens.js:1:34992)
	at ActionRunners.dispose (/home/morishita/.vscode/extensions/eamodio.gitlens-14.0.1/dist/gitlens.js:1:35769)
	at /home/morishita/.vscode/extensions/eamodio.gitlens-14.0.1/dist/gitlens.js:1:647728
	at Array.forEach (<anonymous>)
	at Object.dispose (/home/morishita/.vscode/extensions/eamodio.gitlens-14.0.1/dist/gitlens.js:1:647713)
	at I (/var/lib/snapd/snap/code/132/usr/share/code/resources/app/out/vs/workbench/api/node/extensionHostProcess.js:10:12083)
	at n.Z (/var/lib/snapd/snap/code/132/usr/share/code/resources/app/out/vs/workbench/api/node/extensionHostProcess.js:113:11285)
	at /var/lib/snapd/snap/code/132/usr/share/code/resources/app/out/vs/workbench/api/node/extensionHostProcess.js:113:9187
	at Array.map (<anonymous>)
	at n.S (/var/lib/snapd/snap/code/132/usr/share/code/resources/app/out/vs/workbench/api/node/extensionHostProcess.js:113:9175)
	at n.terminate (/var/lib/snapd/snap/code/132/usr/share/code/resources/app/out/vs/workbench/api/node/extensionHostProcess.js:113:9445)
	at h.terminate (/var/lib/snapd/snap/code/132/usr/share/code/resources/app/out/vs/workbench/api/node/extensionHostProcess.js:117:1544)
	at p (/var/lib/snapd/snap/code/132/usr/share/code/resources/app/out/vs/workbench/api/node/extensionHostProcess.js:127:34497)
	at MessagePortMain.<anonymous> (/var/lib/snapd/snap/code/132/usr/share/code/resources/app/out/vs/workbench/api/node/extensionHostProcess.js:127:30636)
	at MessagePortMain.emit (node:events:513:28)
	at MessagePortMain._internalPort.emit (node:electron/js2c/utility_init:2:367) setContext undefined
2023-07-11 15:58:57.896 [error] Canceled: Canceled
	at new l (/var/lib/snapd/snap/code/132/usr/share/code/resources/app/out/vs/workbench/api/node/extensionHostProcess.js:99:105905)
	at s.O (/var/lib/snapd/snap/code/132/usr/share/code/resources/app/out/vs/workbench/api/node/extensionHostProcess.js:111:11754)
	at $.<computed>.j.charCodeAt.$.<computed> (/var/lib/snapd/snap/code/132/usr/share/code/resources/app/out/vs/workbench/api/node/extensionHostProcess.js:111:9029)
	at e.ExtHostCommands.g (/var/lib/snapd/snap/code/132/usr/share/code/resources/app/out/vs/workbench/api/node/extensionHostProcess.js:99:130078)
	at e.ExtHostCommands.executeCommand (/var/lib/snapd/snap/code/132/usr/share/code/resources/app/out/vs/workbench/api/node/extensionHostProcess.js:99:129454)
	at k.registerCommand.description (/var/lib/snapd/snap/code/132/usr/share/code/resources/app/out/vs/workbench/api/node/extensionHostProcess.js:99:128747)
	at e.ExtHostCommands.h (/var/lib/snapd/snap/code/132/usr/share/code/resources/app/out/vs/workbench/api/node/extensionHostProcess.js:99:130664)
	at e.ExtHostCommands.g (/var/lib/snapd/snap/code/132/usr/share/code/resources/app/out/vs/workbench/api/node/extensionHostProcess.js:99:129554)
	at e.ExtHostCommands.executeCommand (/var/lib/snapd/snap/code/132/usr/share/code/resources/app/out/vs/workbench/api/node/extensionHostProcess.js:99:129454)
	at Object.executeCommand (/var/lib/snapd/snap/code/132/usr/share/code/resources/app/out/vs/workbench/api/node/extensionHostProcess.js:117:24230)
	at g (/home/morishita/.vscode/extensions/eamodio.gitlens-14.0.1/dist/gitlens.js:1:916739)
	at c (/home/morishita/.vscode/extensions/eamodio.gitlens-14.0.1/dist/gitlens.js:1:921419)
	at ActionRunners._updateContextKeys (/home/morishita/.vscode/extensions/eamodio.gitlens-14.0.1/dist/gitlens.js:1:37764)
	at s (/home/morishita/.vscode/extensions/eamodio.gitlens-14.0.1/dist/gitlens.js:1:36183)
	at RegisteredActionRunner.unregister (/home/morishita/.vscode/extensions/eamodio.gitlens-14.0.1/dist/gitlens.js:1:36327)
	at RegisteredActionRunner.dispose (/home/morishita/.vscode/extensions/eamodio.gitlens-14.0.1/dist/gitlens.js:1:34992)
	at ActionRunners.dispose (/home/morishita/.vscode/extensions/eamodio.gitlens-14.0.1/dist/gitlens.js:1:35769)
	at /home/morishita/.vscode/extensions/eamodio.gitlens-14.0.1/dist/gitlens.js:1:647728
	at Array.forEach (<anonymous>)
	at Object.dispose (/home/morishita/.vscode/extensions/eamodio.gitlens-14.0.1/dist/gitlens.js:1:647713)
	at I (/var/lib/snapd/snap/code/132/usr/share/code/resources/app/out/vs/workbench/api/node/extensionHostProcess.js:10:12083)
	at n.Z (/var/lib/snapd/snap/code/132/usr/share/code/resources/app/out/vs/workbench/api/node/extensionHostProcess.js:113:11285)
	at /var/lib/snapd/snap/code/132/usr/share/code/resources/app/out/vs/workbench/api/node/extensionHostProcess.js:113:9187
	at Array.map (<anonymous>)
	at n.S (/var/lib/snapd/snap/code/132/usr/share/code/resources/app/out/vs/workbench/api/node/extensionHostProcess.js:113:9175)
	at n.terminate (/var/lib/snapd/snap/code/132/usr/share/code/resources/app/out/vs/workbench/api/node/extensionHostProcess.js:113:9445)
	at h.terminate (/var/lib/snapd/snap/code/132/usr/share/code/resources/app/out/vs/workbench/api/node/extensionHostProcess.js:117:1544)
	at p (/var/lib/snapd/snap/code/132/usr/share/code/resources/app/out/vs/workbench/api/node/extensionHostProcess.js:127:34497)
	at MessagePortMain.<anonymous> (/var/lib/snapd/snap/code/132/usr/share/code/resources/app/out/vs/workbench/api/node/extensionHostProcess.js:127:30636)
	at MessagePortMain.emit (node:events:513:28)
	at MessagePortMain._internalPort.emit (node:electron/js2c/utility_init:2:367) setContext undefined
2023-07-11 15:58:57.898 [error] Canceled: Canceled
	at new l (/var/lib/snapd/snap/code/132/usr/share/code/resources/app/out/vs/workbench/api/node/extensionHostProcess.js:99:105905)
	at s.O (/var/lib/snapd/snap/code/132/usr/share/code/resources/app/out/vs/workbench/api/node/extensionHostProcess.js:111:11754)
	at $.<computed>.j.charCodeAt.$.<computed> (/var/lib/snapd/snap/code/132/usr/share/code/resources/app/out/vs/workbench/api/node/extensionHostProcess.js:111:9029)
	at e.ExtHostCommands.g (/var/lib/snapd/snap/code/132/usr/share/code/resources/app/out/vs/workbench/api/node/extensionHostProcess.js:99:130078)
	at e.ExtHostCommands.executeCommand (/var/lib/snapd/snap/code/132/usr/share/code/resources/app/out/vs/workbench/api/node/extensionHostProcess.js:99:129454)
	at k.registerCommand.description (/var/lib/snapd/snap/code/132/usr/share/code/resources/app/out/vs/workbench/api/node/extensionHostProcess.js:99:128747)
	at e.ExtHostCommands.h (/var/lib/snapd/snap/code/132/usr/share/code/resources/app/out/vs/workbench/api/node/extensionHostProcess.js:99:130664)
	at e.ExtHostCommands.g (/var/lib/snapd/snap/code/132/usr/share/code/resources/app/out/vs/workbench/api/node/extensionHostProcess.js:99:129554)
	at e.ExtHostCommands.executeCommand (/var/lib/snapd/snap/code/132/usr/share/code/resources/app/out/vs/workbench/api/node/extensionHostProcess.js:99:129454)
	at Object.executeCommand (/var/lib/snapd/snap/code/132/usr/share/code/resources/app/out/vs/workbench/api/node/extensionHostProcess.js:117:24230)
	at g (/home/morishita/.vscode/extensions/eamodio.gitlens-14.0.1/dist/gitlens.js:1:916739)
	at c (/home/morishita/.vscode/extensions/eamodio.gitlens-14.0.1/dist/gitlens.js:1:921419)
	at ActionRunners._updateContextKeys (/home/morishita/.vscode/extensions/eamodio.gitlens-14.0.1/dist/gitlens.js:1:37764)
	at s (/home/morishita/.vscode/extensions/eamodio.gitlens-14.0.1/dist/gitlens.js:1:36183)
	at RegisteredActionRunner.unregister (/home/morishita/.vscode/extensions/eamodio.gitlens-14.0.1/dist/gitlens.js:1:36327)
	at RegisteredActionRunner.dispose (/home/morishita/.vscode/extensions/eamodio.gitlens-14.0.1/dist/gitlens.js:1:34992)
	at Object.dispose (/home/morishita/.vscode/extensions/eamodio.gitlens-14.0.1/dist/gitlens.js:1:36424)
	at I (/var/lib/snapd/snap/code/132/usr/share/code/resources/app/out/vs/workbench/api/node/extensionHostProcess.js:10:12083)
	at n.Z (/var/lib/snapd/snap/code/132/usr/share/code/resources/app/out/vs/workbench/api/node/extensionHostProcess.js:113:11285)
	at /var/lib/snapd/snap/code/132/usr/share/code/resources/app/out/vs/workbench/api/node/extensionHostProcess.js:113:9187
	at Array.map (<anonymous>)
	at n.S (/var/lib/snapd/snap/code/132/usr/share/code/resources/app/out/vs/workbench/api/node/extensionHostProcess.js:113:9175)
	at n.terminate (/var/lib/snapd/snap/code/132/usr/share/code/resources/app/out/vs/workbench/api/node/extensionHostProcess.js:113:9445)
	at h.terminate (/var/lib/snapd/snap/code/132/usr/share/code/resources/app/out/vs/workbench/api/node/extensionHostProcess.js:117:1544)
	at p (/var/lib/snapd/snap/code/132/usr/share/code/resources/app/out/vs/workbench/api/node/extensionHostProcess.js:127:34497)
	at MessagePortMain.<anonymous> (/var/lib/snapd/snap/code/132/usr/share/code/resources/app/out/vs/workbench/api/node/extensionHostProcess.js:127:30636)
	at MessagePortMain.emit (node:events:513:28)
	at MessagePortMain._internalPort.emit (node:electron/js2c/utility_init:2:367) setContext undefined
2023-07-11 15:58:57.899 [error] Canceled: Canceled
	at new l (/var/lib/snapd/snap/code/132/usr/share/code/resources/app/out/vs/workbench/api/node/extensionHostProcess.js:99:105905)
	at s.O (/var/lib/snapd/snap/code/132/usr/share/code/resources/app/out/vs/workbench/api/node/extensionHostProcess.js:111:11754)
	at $.<computed>.j.charCodeAt.$.<computed> (/var/lib/snapd/snap/code/132/usr/share/code/resources/app/out/vs/workbench/api/node/extensionHostProcess.js:111:9029)
	at e.ExtHostCommands.g (/var/lib/snapd/snap/code/132/usr/share/code/resources/app/out/vs/workbench/api/node/extensionHostProcess.js:99:130078)
	at e.ExtHostCommands.executeCommand (/var/lib/snapd/snap/code/132/usr/share/code/resources/app/out/vs/workbench/api/node/extensionHostProcess.js:99:129454)
	at k.registerCommand.description (/var/lib/snapd/snap/code/132/usr/share/code/resources/app/out/vs/workbench/api/node/extensionHostProcess.js:99:128747)
	at e.ExtHostCommands.h (/var/lib/snapd/snap/code/132/usr/share/code/resources/app/out/vs/workbench/api/node/extensionHostProcess.js:99:130664)
	at e.ExtHostCommands.g (/var/lib/snapd/snap/code/132/usr/share/code/resources/app/out/vs/workbench/api/node/extensionHostProcess.js:99:129554)
	at e.ExtHostCommands.executeCommand (/var/lib/snapd/snap/code/132/usr/share/code/resources/app/out/vs/workbench/api/node/extensionHostProcess.js:99:129454)
	at Object.executeCommand (/var/lib/snapd/snap/code/132/usr/share/code/resources/app/out/vs/workbench/api/node/extensionHostProcess.js:117:24230)
	at g (/home/morishita/.vscode/extensions/eamodio.gitlens-14.0.1/dist/gitlens.js:1:916739)
	at c (/home/morishita/.vscode/extensions/eamodio.gitlens-14.0.1/dist/gitlens.js:1:921419)
	at ActionRunners._updateContextKeys (/home/morishita/.vscode/extensions/eamodio.gitlens-14.0.1/dist/gitlens.js:1:37764)
	at s (/home/morishita/.vscode/extensions/eamodio.gitlens-14.0.1/dist/gitlens.js:1:36183)
	at RegisteredActionRunner.unregister (/home/morishita/.vscode/extensions/eamodio.gitlens-14.0.1/dist/gitlens.js:1:36327)
	at RegisteredActionRunner.dispose (/home/morishita/.vscode/extensions/eamodio.gitlens-14.0.1/dist/gitlens.js:1:34992)
	at Object.dispose (/home/morishita/.vscode/extensions/eamodio.gitlens-14.0.1/dist/gitlens.js:1:36424)
	at I (/var/lib/snapd/snap/code/132/usr/share/code/resources/app/out/vs/workbench/api/node/extensionHostProcess.js:10:12083)
	at n.Z (/var/lib/snapd/snap/code/132/usr/share/code/resources/app/out/vs/workbench/api/node/extensionHostProcess.js:113:11285)
	at /var/lib/snapd/snap/code/132/usr/share/code/resources/app/out/vs/workbench/api/node/extensionHostProcess.js:113:9187
	at Array.map (<anonymous>)
	at n.S (/var/lib/snapd/snap/code/132/usr/share/code/resources/app/out/vs/workbench/api/node/extensionHostProcess.js:113:9175)
	at n.terminate (/var/lib/snapd/snap/code/132/usr/share/code/resources/app/out/vs/workbench/api/node/extensionHostProcess.js:113:9445)
	at h.terminate (/var/lib/snapd/snap/code/132/usr/share/code/resources/app/out/vs/workbench/api/node/extensionHostProcess.js:117:1544)
	at p (/var/lib/snapd/snap/code/132/usr/share/code/resources/app/out/vs/workbench/api/node/extensionHostProcess.js:127:34497)
	at MessagePortMain.<anonymous> (/var/lib/snapd/snap/code/132/usr/share/code/resources/app/out/vs/workbench/api/node/extensionHostProcess.js:127:30636)
	at MessagePortMain.emit (node:events:513:28)
	at MessagePortMain._internalPort.emit (node:electron/js2c/utility_init:2:367) setContext undefined
2023-07-11 15:58:57.901 [error] Canceled: Canceled
	at new l (/var/lib/snapd/snap/code/132/usr/share/code/resources/app/out/vs/workbench/api/node/extensionHostProcess.js:99:105905)
	at s.O (/var/lib/snapd/snap/code/132/usr/share/code/resources/app/out/vs/workbench/api/node/extensionHostProcess.js:111:11754)
	at $.<computed>.j.charCodeAt.$.<computed> (/var/lib/snapd/snap/code/132/usr/share/code/resources/app/out/vs/workbench/api/node/extensionHostProcess.js:111:9029)
	at e.ExtHostCommands.g (/var/lib/snapd/snap/code/132/usr/share/code/resources/app/out/vs/workbench/api/node/extensionHostProcess.js:99:130078)
	at e.ExtHostCommands.executeCommand (/var/lib/snapd/snap/code/132/usr/share/code/resources/app/out/vs/workbench/api/node/extensionHostProcess.js:99:129454)
	at k.registerCommand.description (/var/lib/snapd/snap/code/132/usr/share/code/resources/app/out/vs/workbench/api/node/extensionHostProcess.js:99:128747)
	at e.ExtHostCommands.h (/var/lib/snapd/snap/code/132/usr/share/code/resources/app/out/vs/workbench/api/node/extensionHostProcess.js:99:130664)
	at e.ExtHostCommands.g (/var/lib/snapd/snap/code/132/usr/share/code/resources/app/out/vs/workbench/api/node/extensionHostProcess.js:99:129554)
	at e.ExtHostCommands.executeCommand (/var/lib/snapd/snap/code/132/usr/share/code/resources/app/out/vs/workbench/api/node/extensionHostProcess.js:99:129454)
	at Object.executeCommand (/var/lib/snapd/snap/code/132/usr/share/code/resources/app/out/vs/workbench/api/node/extensionHostProcess.js:117:24230)
	at g (/home/morishita/.vscode/extensions/eamodio.gitlens-14.0.1/dist/gitlens.js:1:916739)
	at c (/home/morishita/.vscode/extensions/eamodio.gitlens-14.0.1/dist/gitlens.js:1:921419)
	at ActionRunners._updateContextKeys (/home/morishita/.vscode/extensions/eamodio.gitlens-14.0.1/dist/gitlens.js:1:37764)
	at s (/home/morishita/.vscode/extensions/eamodio.gitlens-14.0.1/dist/gitlens.js:1:36183)
	at RegisteredActionRunner.unregister (/home/morishita/.vscode/extensions/eamodio.gitlens-14.0.1/dist/gitlens.js:1:36327)
	at RegisteredActionRunner.dispose (/home/morishita/.vscode/extensions/eamodio.gitlens-14.0.1/dist/gitlens.js:1:34992)
	at Object.dispose (/home/morishita/.vscode/extensions/eamodio.gitlens-14.0.1/dist/gitlens.js:1:36424)
	at I (/var/lib/snapd/snap/code/132/usr/share/code/resources/app/out/vs/workbench/api/node/extensionHostProcess.js:10:12083)
	at n.Z (/var/lib/snapd/snap/code/132/usr/share/code/resources/app/out/vs/workbench/api/node/extensionHostProcess.js:113:11285)
	at /var/lib/snapd/snap/code/132/usr/share/code/resources/app/out/vs/workbench/api/node/extensionHostProcess.js:113:9187
	at Array.map (<anonymous>)
	at n.S (/var/lib/snapd/snap/code/132/usr/share/code/resources/app/out/vs/workbench/api/node/extensionHostProcess.js:113:9175)
	at n.terminate (/var/lib/snapd/snap/code/132/usr/share/code/resources/app/out/vs/workbench/api/node/extensionHostProcess.js:113:9445)
	at h.terminate (/var/lib/snapd/snap/code/132/usr/share/code/resources/app/out/vs/workbench/api/node/extensionHostProcess.js:117:1544)
	at p (/var/lib/snapd/snap/code/132/usr/share/code/resources/app/out/vs/workbench/api/node/extensionHostProcess.js:127:34497)
	at MessagePortMain.<anonymous> (/var/lib/snapd/snap/code/132/usr/share/code/resources/app/out/vs/workbench/api/node/extensionHostProcess.js:127:30636)
	at MessagePortMain.emit (node:events:513:28)
	at MessagePortMain._internalPort.emit (node:electron/js2c/utility_init:2:367) setContext undefined
2023-07-11 15:58:57.902 [error] Canceled: Canceled
	at new l (/var/lib/snapd/snap/code/132/usr/share/code/resources/app/out/vs/workbench/api/node/extensionHostProcess.js:99:105905)
	at s.O (/var/lib/snapd/snap/code/132/usr/share/code/resources/app/out/vs/workbench/api/node/extensionHostProcess.js:111:11754)
	at $.<computed>.j.charCodeAt.$.<computed> (/var/lib/snapd/snap/code/132/usr/share/code/resources/app/out/vs/workbench/api/node/extensionHostProcess.js:111:9029)
	at e.ExtHostCommands.g (/var/lib/snapd/snap/code/132/usr/share/code/resources/app/out/vs/workbench/api/node/extensionHostProcess.js:99:130078)
	at e.ExtHostCommands.executeCommand (/var/lib/snapd/snap/code/132/usr/share/code/resources/app/out/vs/workbench/api/node/extensionHostProcess.js:99:129454)
	at k.registerCommand.description (/var/lib/snapd/snap/code/132/usr/share/code/resources/app/out/vs/workbench/api/node/extensionHostProcess.js:99:128747)
	at e.ExtHostCommands.h (/var/lib/snapd/snap/code/132/usr/share/code/resources/app/out/vs/workbench/api/node/extensionHostProcess.js:99:130664)
	at e.ExtHostCommands.g (/var/lib/snapd/snap/code/132/usr/share/code/resources/app/out/vs/workbench/api/node/extensionHostProcess.js:99:129554)
	at e.ExtHostCommands.executeCommand (/var/lib/snapd/snap/code/132/usr/share/code/resources/app/out/vs/workbench/api/node/extensionHostProcess.js:99:129454)
	at Object.executeCommand (/var/lib/snapd/snap/code/132/usr/share/code/resources/app/out/vs/workbench/api/node/extensionHostProcess.js:117:24230)
	at Fg.reset (/home/morishita/.vscode/extensions/github.vscode-pull-request-github-0.66.2/dist/extension.js:1836:2501)
	at Fg.dispose (/home/morishita/.vscode/extensions/github.vscode-pull-request-github-0.66.2/dist/extension.js:1836:2740)
	at I (/var/lib/snapd/snap/code/132/usr/share/code/resources/app/out/vs/workbench/api/node/extensionHostProcess.js:10:12083)
	at n.Z (/var/lib/snapd/snap/code/132/usr/share/code/resources/app/out/vs/workbench/api/node/extensionHostProcess.js:113:11285)
	at /var/lib/snapd/snap/code/132/usr/share/code/resources/app/out/vs/workbench/api/node/extensionHostProcess.js:113:9187
	at Array.map (<anonymous>)
	at n.S (/var/lib/snapd/snap/code/132/usr/share/code/resources/app/out/vs/workbench/api/node/extensionHostProcess.js:113:9175)
	at n.terminate (/var/lib/snapd/snap/code/132/usr/share/code/resources/app/out/vs/workbench/api/node/extensionHostProcess.js:113:9445)
	at h.terminate (/var/lib/snapd/snap/code/132/usr/share/code/resources/app/out/vs/workbench/api/node/extensionHostProcess.js:117:1544)
	at p (/var/lib/snapd/snap/code/132/usr/share/code/resources/app/out/vs/workbench/api/node/extensionHostProcess.js:127:34497)
	at MessagePortMain.<anonymous> (/var/lib/snapd/snap/code/132/usr/share/code/resources/app/out/vs/workbench/api/node/extensionHostProcess.js:127:30636)
	at MessagePortMain.emit (node:events:513:28)
	at MessagePortMain._internalPort.emit (node:electron/js2c/utility_init:2:367) setContext undefined
2023-07-11 15:58:57.904 [error] Canceled: Canceled
	at new l (/var/lib/snapd/snap/code/132/usr/share/code/resources/app/out/vs/workbench/api/node/extensionHostProcess.js:99:105905)
	at s.O (/var/lib/snapd/snap/code/132/usr/share/code/resources/app/out/vs/workbench/api/node/extensionHostProcess.js:111:11754)
	at $.<computed>.j.charCodeAt.$.<computed> (/var/lib/snapd/snap/code/132/usr/share/code/resources/app/out/vs/workbench/api/node/extensionHostProcess.js:111:9029)
	at e.ExtHostCommands.g (/var/lib/snapd/snap/code/132/usr/share/code/resources/app/out/vs/workbench/api/node/extensionHostProcess.js:99:130078)
	at e.ExtHostCommands.executeCommand (/var/lib/snapd/snap/code/132/usr/share/code/resources/app/out/vs/workbench/api/node/extensionHostProcess.js:99:129454)
	at k.registerCommand.description (/var/lib/snapd/snap/code/132/usr/share/code/resources/app/out/vs/workbench/api/node/extensionHostProcess.js:99:128747)
	at e.ExtHostCommands.h (/var/lib/snapd/snap/code/132/usr/share/code/resources/app/out/vs/workbench/api/node/extensionHostProcess.js:99:130664)
	at e.ExtHostCommands.g (/var/lib/snapd/snap/code/132/usr/share/code/resources/app/out/vs/workbench/api/node/extensionHostProcess.js:99:129554)
	at e.ExtHostCommands.executeCommand (/var/lib/snapd/snap/code/132/usr/share/code/resources/app/out/vs/workbench/api/node/extensionHostProcess.js:99:129454)
	at Object.executeCommand (/var/lib/snapd/snap/code/132/usr/share/code/resources/app/out/vs/workbench/api/node/extensionHostProcess.js:117:24230)
	at g (/home/morishita/.vscode/extensions/eamodio.gitlens-14.0.1/dist/gitlens.js:1:916739)
	at c (/home/morishita/.vscode/extensions/eamodio.gitlens-14.0.1/dist/gitlens.js:1:921419)
	at ActionRunners._updateContextKeys (/home/morishita/.vscode/extensions/eamodio.gitlens-14.0.1/dist/gitlens.js:1:37764)
	at s (/home/morishita/.vscode/extensions/eamodio.gitlens-14.0.1/dist/gitlens.js:1:36183)
	at RegisteredActionRunner.unregister (/home/morishita/.vscode/extensions/eamodio.gitlens-14.0.1/dist/gitlens.js:1:36327)
	at RegisteredActionRunner.dispose (/home/morishita/.vscode/extensions/eamodio.gitlens-14.0.1/dist/gitlens.js:1:34992)
	at Object.dispose (/home/morishita/.vscode/extensions/eamodio.gitlens-14.0.1/dist/gitlens.js:1:36424)
	at r.<anonymous> (/var/lib/snapd/snap/code/132/usr/share/code/resources/app/out/vs/workbench/api/node/extensionHostProcess.js:97:12552)
	at r.dispose (/var/lib/snapd/snap/code/132/usr/share/code/resources/app/out/vs/workbench/api/node/extensionHostProcess.js:97:12687)
	at ig.dispose (/home/morishita/.vscode/extensions/github.vscode-pull-request-github-0.66.2/dist/extension.js:1803:35724)
	at I (/var/lib/snapd/snap/code/132/usr/share/code/resources/app/out/vs/workbench/api/node/extensionHostProcess.js:10:12083)
	at n.Z (/var/lib/snapd/snap/code/132/usr/share/code/resources/app/out/vs/workbench/api/node/extensionHostProcess.js:113:11285)
	at /var/lib/snapd/snap/code/132/usr/share/code/resources/app/out/vs/workbench/api/node/extensionHostProcess.js:113:9187
	at Array.map (<anonymous>)
	at n.S (/var/lib/snapd/snap/code/132/usr/share/code/resources/app/out/vs/workbench/api/node/extensionHostProcess.js:113:9175)
	at n.terminate (/var/lib/snapd/snap/code/132/usr/share/code/resources/app/out/vs/workbench/api/node/extensionHostProcess.js:113:9445)
	at h.terminate (/var/lib/snapd/snap/code/132/usr/share/code/resources/app/out/vs/workbench/api/node/extensionHostProcess.js:117:1544)
	at p (/var/lib/snapd/snap/code/132/usr/share/code/resources/app/out/vs/workbench/api/node/extensionHostProcess.js:127:34497)
	at MessagePortMain.<anonymous> (/var/lib/snapd/snap/code/132/usr/share/code/resources/app/out/vs/workbench/api/node/extensionHostProcess.js:127:30636)
	at MessagePortMain.emit (node:events:513:28)
	at MessagePortMain._internalPort.emit (node:electron/js2c/utility_init:2:367) setContext undefined
2023-07-11 15:58:57.913 [info] Extension host with pid 1292 exiting with code 0
