2023-07-12 11:13:50.657 [info] Added views:workbench.panel.markers.view in workbench.panel.markers
2023-07-12 11:13:50.657 [info] Added views:workbench.panel.output in workbench.panel.output
2023-07-12 11:13:50.657 [info] Added views:terminal in terminal
2023-07-12 11:13:50.657 [info] Added views:outline in workbench.view.explorer
2023-07-12 11:13:50.657 [info] Added views:workbench.scm in workbench.view.scm
2023-07-12 11:13:50.657 [info] Added views:workbench.view.search in workbench.view.search
2023-07-12 11:13:50.657 [info] Added views:timeline in workbench.view.explorer
2023-07-12 11:13:50.657 [info] Added views:workbench.explorer.fileView in workbench.view.explorer
2023-07-12 11:13:50.892 [info] Added views:workbench.debug.welcome in workbench.view.debug
2023-07-12 11:13:51.213 [info] Added views:github.cweijan.mysql in workbench.view.extension.github-cweijan-mysql
2023-07-12 11:13:51.213 [info] Added views:github.cweijan.nosql in workbench.view.extension.github-cweijan-nosql
2023-07-12 11:13:51.214 [info] Added views:gitlens.views.home,gitlens.views.workspaces,gitlens.views.account in workbench.view.extension.gitlens
2023-07-12 11:13:51.215 [info] Added views:gitlens.views.commitDetails,gitlens.views.lineHistory,gitlens.views.fileHistory,gitlens.views.searchAndCompare in workbench.view.extension.gitlensInspect
2023-07-12 11:13:51.229 [info] Added views:gitlens.views.commits,gitlens.views.branches,gitlens.views.remotes,gitlens.views.stashes,gitlens.views.tags in workbench.view.scm
2023-07-12 11:13:51.230 [info] Added views:github-actions.empty-view in workbench.view.extension.github-actions
2023-07-12 11:13:51.231 [info] Added views:pr:github,issues:github in workbench.view.extension.github-pull-requests
2023-07-12 11:13:51.232 [info] Added views:dockerContainers,dockerImages,dockerRegistries,dockerNetworks,dockerVolumes,vscode-docker.views.dockerContexts,vscode-docker.views.help in workbench.view.extension.dockerView
2023-07-12 11:13:51.232 [info] Added views:targetsContainers,devVolumes in workbench.view.remote
2023-07-12 11:13:51.233 [info] Added views:makefile.outline in workbench.view.extension.makefile__viewContainer
2023-07-12 11:13:51.661 [info] Added views:workbench.panel.repl.view in workbench.panel.repl
2023-07-12 11:13:55.679 [info] Added views:gitlens.views.timeline in workbench.views.service.panel.879ebd33-30fd-4d74-a4a8-2954319076ef
2023-07-12 11:13:55.689 [info] Added views:gitlens.views.worktrees in workbench.view.scm
2023-07-12 11:13:55.714 [info] Added views:gitlens.views.graph,gitlens.views.graphDetails in terminal
2023-07-12 11:13:56.190 [info] Removed views:issues:github,pr:github from workbench.view.extension.github-pull-requests
2023-07-12 11:13:56.192 [info] Added views:github:login in workbench.view.extension.github-pull-requests
2023-07-12 11:13:56.305 [info] Added views:github:activePullRequest:welcome in workbench.view.extension.github-pull-request
2023-07-12 11:13:56.311 [info] Removed views:github:activePullRequest:welcome from workbench.view.extension.github-pull-request
