2023-06-27 17:05:00.426 [info] Log level: Info
2023-06-27 17:05:00.426 [info] Validating found git in: "git"
2023-06-27 17:05:00.426 [info] Using git "2.41.0" from "git"
2023-06-27 17:05:00.426 [info] > git rev-parse --show-toplevel [5ms]
2023-06-27 17:05:00.426 [info] > git rev-parse --git-dir --git-common-dir [4ms]
2023-06-27 17:05:00.426 [info] Open repository: /home/morishita/Dev/Infocar/Enviroments/dev-environment
2023-06-27 17:05:00.431 [info] > git rev-parse --show-toplevel [12ms]
2023-06-27 17:05:00.452 [info] > git rev-parse --show-toplevel [15ms]
2023-06-27 17:05:00.457 [info] > git config --get commit.template [25ms]
2023-06-27 17:05:00.461 [info] > git rev-parse --show-toplevel [5ms]
2023-06-27 17:05:00.473 [info] > git for-each-ref --format=%(refname)%00%(upstream:short)%00%(objectname)%00%(upstream:track)%00%(upstream:remotename)%00%(upstream:remoteref) refs/heads/master refs/remotes/master [2ms]
2023-06-27 17:05:00.481 [info] > git rev-parse --show-toplevel [16ms]
2023-06-27 17:05:00.489 [info] > git status -z -uall [9ms]
2023-06-27 17:05:00.490 [info] > git rev-parse --show-toplevel [2ms]
2023-06-27 17:05:00.510 [info] > git config --get commit.template [3ms]
2023-06-27 17:05:00.516 [info] > git for-each-ref --format=%(refname)%00%(upstream:short)%00%(objectname)%00%(upstream:track)%00%(upstream:remotename)%00%(upstream:remoteref) refs/heads/master refs/remotes/master [1ms]
2023-06-27 17:05:00.526 [info] > git status -z -uall [3ms]
2023-06-27 17:05:00.920 [info] > git show --textconv :Makefile [11ms]
2023-06-27 17:05:00.922 [info] > git ls-files --stage -- /home/morishita/Dev/Infocar/Enviroments/dev-environment/Makefile [4ms]
2023-06-27 17:05:00.930 [info] > git cat-file -s 11ac299c039132227454e3bed568485cf18fca28 [2ms]
2023-06-27 17:05:00.957 [info] > git check-ignore -v -z --stdin [3ms]
2023-06-27 17:05:02.892 [info] > git check-ignore -v -z --stdin [1ms]
2023-06-27 17:05:05.896 [info] > git show --textconv :.env.infovist-swoole [10ms]
2023-06-27 17:05:05.898 [info] > git ls-files --stage -- /home/morishita/Dev/Infocar/Enviroments/dev-environment/.env.infovist-swoole [3ms]
2023-06-27 17:05:05.905 [info] > git cat-file -s 749fecd2ca618542908bd319245443030ae23d60 [1ms]
2023-06-27 17:05:10.771 [info] > git show --textconv :docker-compose.full-swoole.yml [5ms]
2023-06-27 17:05:10.773 [info] > git ls-files --stage -- /home/morishita/Dev/Infocar/Enviroments/dev-environment/docker-compose.full-swoole.yml [1ms]
2023-06-27 17:05:10.778 [info] > git cat-file -s 671bc3ff2726b7bf0a201cc94c1eae528e7eaf32 [1ms]
2023-06-27 17:05:14.298 [info] > git check-ignore -v -z --stdin [1ms]
2023-06-27 17:05:21.307 [info] > git check-ignore -v -z --stdin [1ms]
2023-06-27 17:05:23.706 [info] > git show --textconv :swoole/supervisor/conf.d/laravel-octane.conf [8ms]
2023-06-27 17:05:23.707 [info] > git ls-files --stage -- /home/morishita/Dev/Infocar/Enviroments/dev-environment/swoole/supervisor/conf.d/laravel-octane.conf [2ms]
2023-06-27 17:05:23.713 [info] > git cat-file -s 6186b8efe567399aad3d0c7914b58d5fe9548f63 [1ms]
2023-06-27 17:05:23.976 [info] > git check-ignore -v -z --stdin [2ms]
