2023-07-12 12:35:20.359 [info] Log level: Info
2023-07-12 12:35:20.359 [info] Validating found git in: "git"
2023-07-12 12:35:20.359 [info] Using git "2.41.0" from "git"
2023-07-12 12:35:20.359 [info] > git rev-parse --show-toplevel [6ms]
2023-07-12 12:35:20.359 [info] > git rev-parse --git-dir --git-common-dir [103ms]
2023-07-12 12:35:20.359 [info] Open repository: /home/morishita/Dev/LightStand/Backend/smart-pass-backend
2023-07-12 12:35:20.365 [info] > git config --get commit.template [21ms]
2023-07-12 12:35:20.366 [info] > git rev-parse --show-toplevel [44ms]
2023-07-12 12:35:20.392 [info] > git rev-parse --show-toplevel [13ms]
2023-07-12 12:35:20.435 [info] > git rev-parse --show-toplevel [29ms]
2023-07-12 12:35:20.478 [info] > git rev-parse --show-toplevel [31ms]
2023-07-12 12:35:20.487 [info] > git for-each-ref --format=%(refname)%00%(upstream:short)%00%(objectname)%00%(upstream:track)%00%(upstream:remotename)%00%(upstream:remoteref) refs/heads/gm-pdf-logics refs/remotes/gm-pdf-logics [60ms]
2023-07-12 12:35:20.510 [info] > git status -z -uall [10ms]
2023-07-12 12:35:20.520 [info] > git rev-parse --show-toplevel [34ms]
2023-07-12 12:35:20.585 [info] > git rev-parse --show-toplevel [57ms]
2023-07-12 12:35:20.595 [info] > git config --get commit.template [14ms]
2023-07-12 12:35:20.645 [info] > git for-each-ref --format=%(refname)%00%(upstream:short)%00%(objectname)%00%(upstream:track)%00%(upstream:remotename)%00%(upstream:remoteref) refs/heads/gm-pdf-logics refs/remotes/gm-pdf-logics [37ms]
2023-07-12 12:35:20.664 [info] > git status -z -uall [7ms]
2023-07-12 12:35:20.999 [info] > git check-ignore -v -z --stdin [5ms]
2023-07-12 12:35:28.371 [info] > git show --textconv :src/card/card.service.ts [104ms]
2023-07-12 12:35:28.372 [info] > git ls-files --stage -- /home/morishita/Dev/LightStand/Backend/smart-pass-backend/src/card/card.service.ts [89ms]
2023-07-12 12:35:28.479 [info] > git cat-file -s 486864b5e9d1da7d5a27f67ebff0606110d10a7a [90ms]
2023-07-12 12:35:29.469 [info] > git config --local branch.gm-pdf-logics.github-pr-owner-number [34ms]
2023-07-12 12:35:29.520 [info] > git config --get commit.template [30ms]
2023-07-12 12:35:29.578 [info] > git for-each-ref --format=%(refname)%00%(upstream:short)%00%(objectname)%00%(upstream:track)%00%(upstream:remotename)%00%(upstream:remoteref) refs/heads/gm-pdf-logics refs/remotes/gm-pdf-logics [8ms]
2023-07-12 12:35:29.592 [info] > git status -z -uall [4ms]
2023-07-12 12:37:58.123 [info] > git config --get commit.template [10ms]
2023-07-12 12:37:58.123 [info] > git for-each-ref --format=%(refname)%00%(upstream:short)%00%(objectname)%00%(upstream:track)%00%(upstream:remotename)%00%(upstream:remoteref) refs/heads/gm-pdf-logics refs/remotes/gm-pdf-logics [3ms]
2023-07-12 12:37:58.134 [info] > git status -z -uall [3ms]
2023-07-12 12:40:29.395 [info] > git config --local branch.gm-pdf-logics.github-pr-owner-number [2ms]
2023-07-12 12:40:29.409 [info] > git config --get commit.template [4ms]
2023-07-12 12:40:29.420 [info] > git for-each-ref --format=%(refname)%00%(upstream:short)%00%(objectname)%00%(upstream:track)%00%(upstream:remotename)%00%(upstream:remoteref) refs/heads/gm-pdf-logics refs/remotes/gm-pdf-logics [3ms]
2023-07-12 12:40:29.431 [info] > git status -z -uall [3ms]
2023-07-12 12:40:40.418 [info] > git config --get commit.template [13ms]
2023-07-12 12:40:40.419 [info] > git for-each-ref --format=%(refname)%00%(upstream:short)%00%(objectname)%00%(upstream:track)%00%(upstream:remotename)%00%(upstream:remoteref) refs/heads/gm-pdf-logics refs/remotes/gm-pdf-logics [2ms]
2023-07-12 12:40:40.437 [info] > git status -z -uall [4ms]
2023-07-12 12:41:56.829 [info] > git config --get commit.template [10ms]
2023-07-12 12:41:56.830 [info] > git for-each-ref --format=%(refname)%00%(upstream:short)%00%(objectname)%00%(upstream:track)%00%(upstream:remotename)%00%(upstream:remoteref) refs/heads/gm-pdf-logics refs/remotes/gm-pdf-logics [4ms]
2023-07-12 12:41:56.845 [info] > git status -z -uall [3ms]
2023-07-12 12:42:12.125 [info] > git config --get commit.template [10ms]
2023-07-12 12:42:12.126 [info] > git for-each-ref --format=%(refname)%00%(upstream:short)%00%(objectname)%00%(upstream:track)%00%(upstream:remotename)%00%(upstream:remoteref) refs/heads/gm-pdf-logics refs/remotes/gm-pdf-logics [2ms]
2023-07-12 12:42:12.138 [info] > git status -z -uall [3ms]
2023-07-12 12:42:17.624 [info] > git config --get commit.template [9ms]
2023-07-12 12:42:17.625 [info] > git for-each-ref --format=%(refname)%00%(upstream:short)%00%(objectname)%00%(upstream:track)%00%(upstream:remotename)%00%(upstream:remoteref) refs/heads/gm-pdf-logics refs/remotes/gm-pdf-logics [2ms]
2023-07-12 12:42:17.638 [info] > git status -z -uall [5ms]
2023-07-12 12:42:27.230 [info] > git config --get commit.template [9ms]
2023-07-12 12:42:27.231 [info] > git for-each-ref --format=%(refname)%00%(upstream:short)%00%(objectname)%00%(upstream:track)%00%(upstream:remotename)%00%(upstream:remoteref) refs/heads/gm-pdf-logics refs/remotes/gm-pdf-logics [2ms]
2023-07-12 12:42:27.242 [info] > git status -z -uall [2ms]
2023-07-12 12:42:55.931 [info] > git config --get commit.template [9ms]
2023-07-12 12:42:55.932 [info] > git for-each-ref --format=%(refname)%00%(upstream:short)%00%(objectname)%00%(upstream:track)%00%(upstream:remotename)%00%(upstream:remoteref) refs/heads/gm-pdf-logics refs/remotes/gm-pdf-logics [3ms]
2023-07-12 12:42:55.945 [info] > git status -z -uall [3ms]
2023-07-12 12:43:24.207 [info] > git config --get commit.template [9ms]
2023-07-12 12:43:24.208 [info] > git for-each-ref --format=%(refname)%00%(upstream:short)%00%(objectname)%00%(upstream:track)%00%(upstream:remotename)%00%(upstream:remoteref) refs/heads/gm-pdf-logics refs/remotes/gm-pdf-logics [2ms]
2023-07-12 12:43:24.219 [info] > git status -z -uall [3ms]
2023-07-12 12:43:29.554 [info] > git config --get commit.template [11ms]
2023-07-12 12:43:29.556 [info] > git for-each-ref --format=%(refname)%00%(upstream:short)%00%(objectname)%00%(upstream:track)%00%(upstream:remotename)%00%(upstream:remoteref) refs/heads/gm-pdf-logics refs/remotes/gm-pdf-logics [3ms]
2023-07-12 12:43:29.569 [info] > git status -z -uall [4ms]
2023-07-12 12:43:38.090 [info] > git config --get commit.template [17ms]
2023-07-12 12:43:38.093 [info] > git for-each-ref --format=%(refname)%00%(upstream:short)%00%(objectname)%00%(upstream:track)%00%(upstream:remotename)%00%(upstream:remoteref) refs/heads/gm-pdf-logics refs/remotes/gm-pdf-logics [5ms]
2023-07-12 12:43:38.110 [info] > git status -z -uall [3ms]
2023-07-12 12:43:45.079 [info] > git config --get commit.template [6ms]
2023-07-12 12:43:45.091 [info] > git for-each-ref --format=%(refname)%00%(upstream:short)%00%(objectname)%00%(upstream:track)%00%(upstream:remotename)%00%(upstream:remoteref) refs/heads/gm-pdf-logics refs/remotes/gm-pdf-logics [3ms]
2023-07-12 12:43:45.104 [info] > git status -z -uall [2ms]
2023-07-12 12:44:27.562 [info] > git config --get commit.template [12ms]
2023-07-12 12:44:27.563 [info] > git for-each-ref --format=%(refname)%00%(upstream:short)%00%(objectname)%00%(upstream:track)%00%(upstream:remotename)%00%(upstream:remoteref) refs/heads/gm-pdf-logics refs/remotes/gm-pdf-logics [3ms]
2023-07-12 12:44:27.577 [info] > git status -z -uall [5ms]
2023-07-12 12:44:36.161 [info] > git config --get commit.template [12ms]
2023-07-12 12:44:36.162 [info] > git for-each-ref --format=%(refname)%00%(upstream:short)%00%(objectname)%00%(upstream:track)%00%(upstream:remotename)%00%(upstream:remoteref) refs/heads/gm-pdf-logics refs/remotes/gm-pdf-logics [2ms]
2023-07-12 12:44:36.174 [info] > git status -z -uall [3ms]
2023-07-12 12:44:41.200 [info] > git config --get commit.template [9ms]
2023-07-12 12:44:41.201 [info] > git for-each-ref --format=%(refname)%00%(upstream:short)%00%(objectname)%00%(upstream:track)%00%(upstream:remotename)%00%(upstream:remoteref) refs/heads/gm-pdf-logics refs/remotes/gm-pdf-logics [3ms]
2023-07-12 12:44:41.211 [info] > git status -z -uall [3ms]
2023-07-12 12:44:46.978 [info] > git config --get commit.template [9ms]
2023-07-12 12:44:46.980 [info] > git for-each-ref --format=%(refname)%00%(upstream:short)%00%(objectname)%00%(upstream:track)%00%(upstream:remotename)%00%(upstream:remoteref) refs/heads/gm-pdf-logics refs/remotes/gm-pdf-logics [2ms]
2023-07-12 12:44:46.990 [info] > git status -z -uall [4ms]
2023-07-12 12:45:17.867 [info] > git config --get commit.template [10ms]
2023-07-12 12:45:17.868 [info] > git for-each-ref --format=%(refname)%00%(upstream:short)%00%(objectname)%00%(upstream:track)%00%(upstream:remotename)%00%(upstream:remoteref) refs/heads/gm-pdf-logics refs/remotes/gm-pdf-logics [2ms]
2023-07-12 12:45:17.881 [info] > git status -z -uall [4ms]
2023-07-12 12:45:29.454 [info] > git config --local branch.gm-pdf-logics.github-pr-owner-number [5ms]
2023-07-12 12:45:29.479 [info] > git config --get commit.template [12ms]
2023-07-12 12:45:29.480 [info] > git for-each-ref --format=%(refname)%00%(upstream:short)%00%(objectname)%00%(upstream:track)%00%(upstream:remotename)%00%(upstream:remoteref) refs/heads/gm-pdf-logics refs/remotes/gm-pdf-logics [3ms]
2023-07-12 12:45:29.489 [info] > git status -z -uall [2ms]
2023-07-12 12:46:12.414 [info] > git config --get commit.template [11ms]
2023-07-12 12:46:12.415 [info] > git for-each-ref --format=%(refname)%00%(upstream:short)%00%(objectname)%00%(upstream:track)%00%(upstream:remotename)%00%(upstream:remoteref) refs/heads/gm-pdf-logics refs/remotes/gm-pdf-logics [2ms]
2023-07-12 12:46:12.425 [info] > git status -z -uall [3ms]
2023-07-12 12:47:52.014 [info] > git config --get commit.template [12ms]
2023-07-12 12:47:52.015 [info] > git for-each-ref --format=%(refname)%00%(upstream:short)%00%(objectname)%00%(upstream:track)%00%(upstream:remotename)%00%(upstream:remoteref) refs/heads/gm-pdf-logics refs/remotes/gm-pdf-logics [3ms]
2023-07-12 12:47:52.028 [info] > git status -z -uall [4ms]
2023-07-12 12:50:29.511 [info] > git config --local branch.gm-pdf-logics.github-pr-owner-number [2ms]
2023-07-12 12:50:29.528 [info] > git config --get commit.template [9ms]
2023-07-12 12:50:29.529 [info] > git for-each-ref --format=%(refname)%00%(upstream:short)%00%(objectname)%00%(upstream:track)%00%(upstream:remotename)%00%(upstream:remoteref) refs/heads/gm-pdf-logics refs/remotes/gm-pdf-logics [2ms]
2023-07-12 12:50:29.538 [info] > git status -z -uall [3ms]
2023-07-12 12:55:29.560 [info] > git config --local branch.gm-pdf-logics.github-pr-owner-number [3ms]
2023-07-12 12:55:29.577 [info] > git config --get commit.template [10ms]
2023-07-12 12:55:29.578 [info] > git for-each-ref --format=%(refname)%00%(upstream:short)%00%(objectname)%00%(upstream:track)%00%(upstream:remotename)%00%(upstream:remoteref) refs/heads/gm-pdf-logics refs/remotes/gm-pdf-logics [2ms]
2023-07-12 12:55:29.588 [info] > git status -z -uall [3ms]
2023-07-12 12:56:05.548 [info] > git ls-files --stage -- /home/morishita/Dev/LightStand/Backend/smart-pass-backend/src/template/template.service.ts [2ms]
2023-07-12 12:56:05.577 [info] > git show --textconv :src/template/template.service.ts [41ms]
2023-07-12 12:56:05.578 [info] > git cat-file -s a27d7ceee4da06174e08ec9ae720ef6eea80a9dd [19ms]
2023-07-12 12:56:05.790 [info] > git check-ignore -v -z --stdin [6ms]
2023-07-12 12:56:14.142 [info] > git show --textconv :src/template/types/templateInformationsResponse.interface.ts [13ms]
2023-07-12 12:56:14.144 [info] > git ls-files --stage -- /home/morishita/Dev/LightStand/Backend/smart-pass-backend/src/template/types/templateInformationsResponse.interface.ts [3ms]
2023-07-12 12:56:14.169 [info] > git cat-file -s 5badd091b475792f4a4bc420565c3e3b8d304b12 [14ms]
2023-07-12 12:56:14.393 [info] > git check-ignore -v -z --stdin [3ms]
2023-07-12 12:56:38.665 [info] > git config --get commit.template [23ms]
2023-07-12 12:56:38.667 [info] > git for-each-ref --format=%(refname)%00%(upstream:short)%00%(objectname)%00%(upstream:track)%00%(upstream:remotename)%00%(upstream:remoteref) refs/heads/gm-pdf-logics refs/remotes/gm-pdf-logics [3ms]
2023-07-12 12:56:38.684 [info] > git status -z -uall [4ms]
2023-07-12 12:56:39.637 [info] > git show --textconv :src/card/.gitignore [12ms]
2023-07-12 12:56:39.639 [info] > git ls-files --stage -- /home/morishita/Dev/LightStand/Backend/smart-pass-backend/src/card/.gitignore [3ms]
2023-07-12 12:56:39.654 [info] > git cat-file -s 3be022457c522165c93a77a64e8e525d978c09fe [2ms]
2023-07-12 12:56:40.124 [info] > git show --textconv :src/migrations/1687271906608-CreateUsers.ts [13ms]
2023-07-12 12:56:40.127 [info] > git ls-files --stage -- /home/morishita/Dev/LightStand/Backend/smart-pass-backend/src/migrations/1687271906608-CreateUsers.ts [3ms]
2023-07-12 12:56:40.153 [info] > git cat-file -s 440ced43e37623eba8b07fa2e87abbbdf24f653d [12ms]
2023-07-12 12:56:40.350 [info] > git check-ignore -v -z --stdin [2ms]
2023-07-12 12:56:40.652 [info] > git ls-files --stage -- /home/morishita/Dev/LightStand/Backend/smart-pass-backend/src/card/card.entity.ts [2ms]
2023-07-12 12:56:40.686 [info] > git show --textconv :src/card/card.entity.ts [48ms]
2023-07-12 12:56:40.688 [info] > git cat-file -s 0a601e2e6e221ae661f6d7a80054c6fab2b7f14f [23ms]
2023-07-12 12:57:12.087 [info] > git for-each-ref --format=%(refname)%00%(upstream:short)%00%(objectname)%00%(upstream:track)%00%(upstream:remotename)%00%(upstream:remoteref) refs/heads/gm-pdf-logics refs/remotes/gm-pdf-logics [13ms]
2023-07-12 12:57:12.088 [info] > git config --get commit.template [22ms]
2023-07-12 12:57:12.102 [info] > git status -z -uall [6ms]
2023-07-12 12:57:21.552 [info] > git config --get commit.template [10ms]
2023-07-12 12:57:21.553 [info] > git for-each-ref --format=%(refname)%00%(upstream:short)%00%(objectname)%00%(upstream:track)%00%(upstream:remotename)%00%(upstream:remoteref) refs/heads/gm-pdf-logics refs/remotes/gm-pdf-logics [2ms]
2023-07-12 12:57:21.563 [info] > git status -z -uall [3ms]
2023-07-12 12:57:50.468 [info] > git config --get commit.template [11ms]
2023-07-12 12:57:50.469 [info] > git for-each-ref --format=%(refname)%00%(upstream:short)%00%(objectname)%00%(upstream:track)%00%(upstream:remotename)%00%(upstream:remoteref) refs/heads/gm-pdf-logics refs/remotes/gm-pdf-logics [2ms]
2023-07-12 12:57:50.481 [info] > git status -z -uall [3ms]
2023-07-12 12:58:00.928 [info] > git config --get commit.template [14ms]
2023-07-12 12:58:00.929 [info] > git for-each-ref --format=%(refname)%00%(upstream:short)%00%(objectname)%00%(upstream:track)%00%(upstream:remotename)%00%(upstream:remoteref) refs/heads/gm-pdf-logics refs/remotes/gm-pdf-logics [2ms]
2023-07-12 12:58:00.945 [info] > git status -z -uall [3ms]
2023-07-12 13:00:07.598 [info] > git config --get commit.template [9ms]
2023-07-12 13:00:07.601 [info] > git for-each-ref --format=%(refname)%00%(upstream:short)%00%(objectname)%00%(upstream:track)%00%(upstream:remotename)%00%(upstream:remoteref) refs/heads/gm-pdf-logics refs/remotes/gm-pdf-logics [4ms]
2023-07-12 13:00:07.613 [info] > git status -z -uall [5ms]
2023-07-12 13:00:29.611 [info] > git config --local branch.gm-pdf-logics.github-pr-owner-number [4ms]
2023-07-12 13:00:29.628 [info] > git config --get commit.template [8ms]
2023-07-12 13:00:29.630 [info] > git for-each-ref --format=%(refname)%00%(upstream:short)%00%(objectname)%00%(upstream:track)%00%(upstream:remotename)%00%(upstream:remoteref) refs/heads/gm-pdf-logics refs/remotes/gm-pdf-logics [2ms]
2023-07-12 13:00:29.640 [info] > git status -z -uall [3ms]
2023-07-12 13:05:29.662 [info] > git config --local branch.gm-pdf-logics.github-pr-owner-number [5ms]
2023-07-12 13:05:29.685 [info] > git config --get commit.template [8ms]
2023-07-12 13:05:29.686 [info] > git for-each-ref --format=%(refname)%00%(upstream:short)%00%(objectname)%00%(upstream:track)%00%(upstream:remotename)%00%(upstream:remoteref) refs/heads/gm-pdf-logics refs/remotes/gm-pdf-logics [2ms]
2023-07-12 13:05:29.696 [info] > git status -z -uall [2ms]
2023-07-12 13:10:29.716 [info] > git config --local branch.gm-pdf-logics.github-pr-owner-number [5ms]
2023-07-12 13:10:29.742 [info] > git config --get commit.template [11ms]
2023-07-12 13:10:29.744 [info] > git for-each-ref --format=%(refname)%00%(upstream:short)%00%(objectname)%00%(upstream:track)%00%(upstream:remotename)%00%(upstream:remoteref) refs/heads/gm-pdf-logics refs/remotes/gm-pdf-logics [3ms]
2023-07-12 13:10:29.756 [info] > git status -z -uall [3ms]
2023-07-12 13:11:41.548 [info] > git ls-files --stage -- /home/morishita/Dev/LightStand/Backend/smart-pass-backend/src/card/card.controller.ts [3ms]
2023-07-12 13:11:41.577 [info] > git show --textconv :src/card/card.controller.ts [39ms]
2023-07-12 13:11:41.578 [info] > git cat-file -s dbe343fb7ed5b26c5aba8393d80db0fb28d152a0 [22ms]
2023-07-12 13:11:44.427 [info] > git check-ignore -v -z --stdin [4ms]
2023-07-12 13:11:45.200 [info] > git check-ignore -v -z --stdin [2ms]
2023-07-12 13:12:43.675 [info] > git config --get commit.template [13ms]
2023-07-12 13:12:43.678 [info] > git for-each-ref --format=%(refname)%00%(upstream:short)%00%(objectname)%00%(upstream:track)%00%(upstream:remotename)%00%(upstream:remoteref) refs/heads/gm-pdf-logics refs/remotes/gm-pdf-logics [3ms]
2023-07-12 13:12:43.700 [info] > git status -z -uall [6ms]
2023-07-12 13:12:46.288 [info] > git check-ignore -v -z --stdin [3ms]
2023-07-12 13:13:45.715 [info] > git config --get commit.template [10ms]
2023-07-12 13:13:45.716 [info] > git for-each-ref --format=%(refname)%00%(upstream:short)%00%(objectname)%00%(upstream:track)%00%(upstream:remotename)%00%(upstream:remoteref) refs/heads/gm-pdf-logics refs/remotes/gm-pdf-logics [2ms]
2023-07-12 13:13:45.728 [info] > git status -z -uall [4ms]
2023-07-12 13:15:29.773 [info] > git config --local branch.gm-pdf-logics.github-pr-owner-number [3ms]
2023-07-12 13:15:29.792 [info] > git config --get commit.template [9ms]
2023-07-12 13:15:29.794 [info] > git for-each-ref --format=%(refname)%00%(upstream:short)%00%(objectname)%00%(upstream:track)%00%(upstream:remotename)%00%(upstream:remoteref) refs/heads/gm-pdf-logics refs/remotes/gm-pdf-logics [2ms]
2023-07-12 13:15:29.804 [info] > git status -z -uall [2ms]
2023-07-12 13:15:53.144 [info] > git config --get commit.template [13ms]
2023-07-12 13:15:53.145 [info] > git for-each-ref --format=%(refname)%00%(upstream:short)%00%(objectname)%00%(upstream:track)%00%(upstream:remotename)%00%(upstream:remoteref) refs/heads/gm-pdf-logics refs/remotes/gm-pdf-logics [2ms]
2023-07-12 13:15:53.159 [info] > git status -z -uall [3ms]
2023-07-12 13:20:29.829 [info] > git config --local branch.gm-pdf-logics.github-pr-owner-number [5ms]
2023-07-12 13:20:29.855 [info] > git config --get commit.template [11ms]
2023-07-12 13:20:29.858 [info] > git for-each-ref --format=%(refname)%00%(upstream:short)%00%(objectname)%00%(upstream:track)%00%(upstream:remotename)%00%(upstream:remoteref) refs/heads/gm-pdf-logics refs/remotes/gm-pdf-logics [5ms]
2023-07-12 13:20:29.870 [info] > git status -z -uall [3ms]
2023-07-12 13:23:38.427 [info] > git config --get commit.template [13ms]
2023-07-12 13:23:38.428 [info] > git for-each-ref --format=%(refname)%00%(upstream:short)%00%(objectname)%00%(upstream:track)%00%(upstream:remotename)%00%(upstream:remoteref) refs/heads/gm-pdf-logics refs/remotes/gm-pdf-logics [2ms]
2023-07-12 13:23:38.448 [info] > git status -z -uall [6ms]
2023-07-12 13:24:54.351 [info] > git config --get commit.template [13ms]
2023-07-12 13:24:54.352 [info] > git for-each-ref --format=%(refname)%00%(upstream:short)%00%(objectname)%00%(upstream:track)%00%(upstream:remotename)%00%(upstream:remoteref) refs/heads/gm-pdf-logics refs/remotes/gm-pdf-logics [3ms]
2023-07-12 13:24:54.367 [info] > git status -z -uall [5ms]
2023-07-12 13:25:29.901 [info] > git config --local branch.gm-pdf-logics.github-pr-owner-number [8ms]
2023-07-12 13:25:29.941 [info] > git config --get commit.template [21ms]
2023-07-12 13:25:29.946 [info] > git for-each-ref --format=%(refname)%00%(upstream:short)%00%(objectname)%00%(upstream:track)%00%(upstream:remotename)%00%(upstream:remoteref) refs/heads/gm-pdf-logics refs/remotes/gm-pdf-logics [7ms]
2023-07-12 13:25:29.969 [info] > git status -z -uall [7ms]
2023-07-12 13:27:37.654 [info] > git config --get commit.template [14ms]
2023-07-12 13:27:37.655 [info] > git for-each-ref --format=%(refname)%00%(upstream:short)%00%(objectname)%00%(upstream:track)%00%(upstream:remotename)%00%(upstream:remoteref) refs/heads/gm-pdf-logics refs/remotes/gm-pdf-logics [3ms]
2023-07-12 13:27:37.666 [info] > git status -z -uall [3ms]
2023-07-12 13:29:22.137 [info] > git config --get commit.template [15ms]
2023-07-12 13:29:22.139 [info] > git for-each-ref --format=%(refname)%00%(upstream:short)%00%(objectname)%00%(upstream:track)%00%(upstream:remotename)%00%(upstream:remoteref) refs/heads/gm-pdf-logics refs/remotes/gm-pdf-logics [3ms]
2023-07-12 13:29:22.154 [info] > git status -z -uall [4ms]
2023-07-12 13:29:44.479 [info] > git config --get commit.template [9ms]
2023-07-12 13:29:44.483 [info] > git for-each-ref --format=%(refname)%00%(upstream:short)%00%(objectname)%00%(upstream:track)%00%(upstream:remotename)%00%(upstream:remoteref) refs/heads/gm-pdf-logics refs/remotes/gm-pdf-logics [5ms]
2023-07-12 13:29:44.496 [info] > git status -z -uall [3ms]
2023-07-12 13:29:51.469 [info] > git config --get commit.template [16ms]
2023-07-12 13:29:51.473 [info] > git for-each-ref --format=%(refname)%00%(upstream:short)%00%(objectname)%00%(upstream:track)%00%(upstream:remotename)%00%(upstream:remoteref) refs/heads/gm-pdf-logics refs/remotes/gm-pdf-logics [4ms]
2023-07-12 13:29:51.492 [info] > git status -z -uall [5ms]
2023-07-12 13:30:29.993 [info] > git config --local branch.gm-pdf-logics.github-pr-owner-number [4ms]
2023-07-12 13:30:30.014 [info] > git config --get commit.template [9ms]
2023-07-12 13:30:30.016 [info] > git for-each-ref --format=%(refname)%00%(upstream:short)%00%(objectname)%00%(upstream:track)%00%(upstream:remotename)%00%(upstream:remoteref) refs/heads/gm-pdf-logics refs/remotes/gm-pdf-logics [2ms]
2023-07-12 13:30:30.026 [info] > git status -z -uall [3ms]
2023-07-12 13:30:40.070 [info] > git config --get commit.template [15ms]
2023-07-12 13:30:40.073 [info] > git for-each-ref --format=%(refname)%00%(upstream:short)%00%(objectname)%00%(upstream:track)%00%(upstream:remotename)%00%(upstream:remoteref) refs/heads/gm-pdf-logics refs/remotes/gm-pdf-logics [5ms]
2023-07-12 13:30:40.094 [info] > git status -z -uall [6ms]
2023-07-12 13:30:52.959 [info] > git config --get commit.template [16ms]
2023-07-12 13:30:52.961 [info] > git for-each-ref --format=%(refname)%00%(upstream:short)%00%(objectname)%00%(upstream:track)%00%(upstream:remotename)%00%(upstream:remoteref) refs/heads/gm-pdf-logics refs/remotes/gm-pdf-logics [3ms]
2023-07-12 13:30:52.972 [info] > git status -z -uall [2ms]
2023-07-12 13:32:05.660 [info] > git show --textconv :src/template/template.service.ts [31ms]
2023-07-12 13:32:05.660 [info] > git ls-files --stage -- /home/morishita/Dev/LightStand/Backend/smart-pass-backend/src/template/template.service.ts [16ms]
2023-07-12 13:32:05.683 [info] > git cat-file -s a27d7ceee4da06174e08ec9ae720ef6eea80a9dd [8ms]
2023-07-12 13:35:30.048 [info] > git config --local branch.gm-pdf-logics.github-pr-owner-number [5ms]
2023-07-12 13:35:30.069 [info] > git config --get commit.template [9ms]
2023-07-12 13:35:30.071 [info] > git for-each-ref --format=%(refname)%00%(upstream:short)%00%(objectname)%00%(upstream:track)%00%(upstream:remotename)%00%(upstream:remoteref) refs/heads/gm-pdf-logics refs/remotes/gm-pdf-logics [2ms]
2023-07-12 13:35:30.083 [info] > git status -z -uall [3ms]
2023-07-12 13:40:30.105 [info] > git config --local branch.gm-pdf-logics.github-pr-owner-number [4ms]
2023-07-12 13:40:30.135 [info] > git config --get commit.template [15ms]
2023-07-12 13:40:30.137 [info] > git for-each-ref --format=%(refname)%00%(upstream:short)%00%(objectname)%00%(upstream:track)%00%(upstream:remotename)%00%(upstream:remoteref) refs/heads/gm-pdf-logics refs/remotes/gm-pdf-logics [4ms]
2023-07-12 13:40:30.150 [info] > git status -z -uall [4ms]
2023-07-12 13:45:30.168 [info] > git config --local branch.gm-pdf-logics.github-pr-owner-number [4ms]
2023-07-12 13:45:30.197 [info] > git config --get commit.template [14ms]
2023-07-12 13:45:30.201 [info] > git for-each-ref --format=%(refname)%00%(upstream:short)%00%(objectname)%00%(upstream:track)%00%(upstream:remotename)%00%(upstream:remoteref) refs/heads/gm-pdf-logics refs/remotes/gm-pdf-logics [4ms]
2023-07-12 13:45:30.218 [info] > git status -z -uall [6ms]
2023-07-12 13:50:30.233 [info] > git config --local branch.gm-pdf-logics.github-pr-owner-number [4ms]
2023-07-12 13:50:30.259 [info] > git config --get commit.template [12ms]
2023-07-12 13:50:30.261 [info] > git for-each-ref --format=%(refname)%00%(upstream:short)%00%(objectname)%00%(upstream:track)%00%(upstream:remotename)%00%(upstream:remoteref) refs/heads/gm-pdf-logics refs/remotes/gm-pdf-logics [2ms]
2023-07-12 13:50:30.271 [info] > git status -z -uall [3ms]
2023-07-12 13:55:30.289 [info] > git config --local branch.gm-pdf-logics.github-pr-owner-number [3ms]
2023-07-12 13:55:30.317 [info] > git config --get commit.template [14ms]
2023-07-12 13:55:30.319 [info] > git for-each-ref --format=%(refname)%00%(upstream:short)%00%(objectname)%00%(upstream:track)%00%(upstream:remotename)%00%(upstream:remoteref) refs/heads/gm-pdf-logics refs/remotes/gm-pdf-logics [3ms]
2023-07-12 13:55:30.331 [info] > git status -z -uall [3ms]
2023-07-12 14:00:30.347 [info] > git config --local branch.gm-pdf-logics.github-pr-owner-number [2ms]
2023-07-12 14:00:30.374 [info] > git config --get commit.template [13ms]
2023-07-12 14:00:30.375 [info] > git for-each-ref --format=%(refname)%00%(upstream:short)%00%(objectname)%00%(upstream:track)%00%(upstream:remotename)%00%(upstream:remoteref) refs/heads/gm-pdf-logics refs/remotes/gm-pdf-logics [2ms]
2023-07-12 14:00:30.391 [info] > git status -z -uall [5ms]
2023-07-12 14:05:30.405 [info] > git config --local branch.gm-pdf-logics.github-pr-owner-number [2ms]
2023-07-12 14:05:30.430 [info] > git config --get commit.template [12ms]
2023-07-12 14:05:30.431 [info] > git for-each-ref --format=%(refname)%00%(upstream:short)%00%(objectname)%00%(upstream:track)%00%(upstream:remotename)%00%(upstream:remoteref) refs/heads/gm-pdf-logics refs/remotes/gm-pdf-logics [2ms]
2023-07-12 14:05:30.446 [info] > git status -z -uall [5ms]
2023-07-12 14:10:30.462 [info] > git config --local branch.gm-pdf-logics.github-pr-owner-number [1ms]
2023-07-12 14:10:30.492 [info] > git config --get commit.template [16ms]
2023-07-12 14:10:30.494 [info] > git for-each-ref --format=%(refname)%00%(upstream:short)%00%(objectname)%00%(upstream:track)%00%(upstream:remotename)%00%(upstream:remoteref) refs/heads/gm-pdf-logics refs/remotes/gm-pdf-logics [5ms]
2023-07-12 14:10:30.508 [info] > git status -z -uall [5ms]
2023-07-12 14:15:30.523 [info] > git config --local branch.gm-pdf-logics.github-pr-owner-number [3ms]
2023-07-12 14:15:30.549 [info] > git config --get commit.template [12ms]
2023-07-12 14:15:30.551 [info] > git for-each-ref --format=%(refname)%00%(upstream:short)%00%(objectname)%00%(upstream:track)%00%(upstream:remotename)%00%(upstream:remoteref) refs/heads/gm-pdf-logics refs/remotes/gm-pdf-logics [2ms]
2023-07-12 14:15:30.562 [info] > git status -z -uall [3ms]
2023-07-12 14:20:30.580 [info] > git config --local branch.gm-pdf-logics.github-pr-owner-number [3ms]
2023-07-12 14:20:30.607 [info] > git config --get commit.template [13ms]
2023-07-12 14:20:30.608 [info] > git for-each-ref --format=%(refname)%00%(upstream:short)%00%(objectname)%00%(upstream:track)%00%(upstream:remotename)%00%(upstream:remoteref) refs/heads/gm-pdf-logics refs/remotes/gm-pdf-logics [2ms]
2023-07-12 14:20:30.623 [info] > git status -z -uall [5ms]
2023-07-12 14:25:30.640 [info] > git config --local branch.gm-pdf-logics.github-pr-owner-number [1ms]
2023-07-12 14:25:30.668 [info] > git config --get commit.template [14ms]
2023-07-12 14:25:30.670 [info] > git for-each-ref --format=%(refname)%00%(upstream:short)%00%(objectname)%00%(upstream:track)%00%(upstream:remotename)%00%(upstream:remoteref) refs/heads/gm-pdf-logics refs/remotes/gm-pdf-logics [3ms]
2023-07-12 14:25:30.681 [info] > git status -z -uall [3ms]
2023-07-12 14:30:30.698 [info] > git config --local branch.gm-pdf-logics.github-pr-owner-number [5ms]
2023-07-12 14:30:30.725 [info] > git config --get commit.template [13ms]
2023-07-12 14:30:30.727 [info] > git for-each-ref --format=%(refname)%00%(upstream:short)%00%(objectname)%00%(upstream:track)%00%(upstream:remotename)%00%(upstream:remoteref) refs/heads/gm-pdf-logics refs/remotes/gm-pdf-logics [2ms]
2023-07-12 14:30:30.741 [info] > git status -z -uall [5ms]
2023-07-12 14:35:30.757 [info] > git config --local branch.gm-pdf-logics.github-pr-owner-number [2ms]
2023-07-12 14:35:30.781 [info] > git config --get commit.template [10ms]
2023-07-12 14:35:30.783 [info] > git for-each-ref --format=%(refname)%00%(upstream:short)%00%(objectname)%00%(upstream:track)%00%(upstream:remotename)%00%(upstream:remoteref) refs/heads/gm-pdf-logics refs/remotes/gm-pdf-logics [2ms]
2023-07-12 14:35:30.798 [info] > git status -z -uall [4ms]
2023-07-12 14:40:30.822 [info] > git config --local branch.gm-pdf-logics.github-pr-owner-number [5ms]
2023-07-12 14:40:30.846 [info] > git config --get commit.template [12ms]
2023-07-12 14:40:30.850 [info] > git for-each-ref --format=%(refname)%00%(upstream:short)%00%(objectname)%00%(upstream:track)%00%(upstream:remotename)%00%(upstream:remoteref) refs/heads/gm-pdf-logics refs/remotes/gm-pdf-logics [5ms]
2023-07-12 14:40:30.865 [info] > git status -z -uall [5ms]
2023-07-12 14:45:30.880 [info] > git config --local branch.gm-pdf-logics.github-pr-owner-number [3ms]
2023-07-12 14:45:30.901 [info] > git config --get commit.template [11ms]
2023-07-12 14:45:30.904 [info] > git for-each-ref --format=%(refname)%00%(upstream:short)%00%(objectname)%00%(upstream:track)%00%(upstream:remotename)%00%(upstream:remoteref) refs/heads/gm-pdf-logics refs/remotes/gm-pdf-logics [2ms]
2023-07-12 14:45:30.914 [info] > git status -z -uall [3ms]
2023-07-12 14:50:30.930 [info] > git config --local branch.gm-pdf-logics.github-pr-owner-number [2ms]
2023-07-12 14:50:30.958 [info] > git config --get commit.template [13ms]
2023-07-12 14:50:30.958 [info] > git for-each-ref --format=%(refname)%00%(upstream:short)%00%(objectname)%00%(upstream:track)%00%(upstream:remotename)%00%(upstream:remoteref) refs/heads/gm-pdf-logics refs/remotes/gm-pdf-logics [2ms]
2023-07-12 14:50:30.970 [info] > git status -z -uall [4ms]
2023-07-12 14:55:30.986 [info] > git config --local branch.gm-pdf-logics.github-pr-owner-number [2ms]
2023-07-12 14:55:31.007 [info] > git config --get commit.template [8ms]
2023-07-12 14:55:31.009 [info] > git for-each-ref --format=%(refname)%00%(upstream:short)%00%(objectname)%00%(upstream:track)%00%(upstream:remotename)%00%(upstream:remoteref) refs/heads/gm-pdf-logics refs/remotes/gm-pdf-logics [4ms]
2023-07-12 14:55:31.024 [info] > git status -z -uall [5ms]
2023-07-12 15:00:31.044 [info] > git config --local branch.gm-pdf-logics.github-pr-owner-number [4ms]
2023-07-12 15:00:31.065 [info] > git config --get commit.template [11ms]
2023-07-12 15:00:31.066 [info] > git for-each-ref --format=%(refname)%00%(upstream:short)%00%(objectname)%00%(upstream:track)%00%(upstream:remotename)%00%(upstream:remoteref) refs/heads/gm-pdf-logics refs/remotes/gm-pdf-logics [3ms]
2023-07-12 15:00:31.076 [info] > git status -z -uall [3ms]
