2023-07-11 15:55:41.541 [info] Reading sessions from keychain...
2023-07-11 15:55:41.541 [info] Getting sessions for all scopes...
2023-07-11 15:55:41.541 [info] Got 0 sessions for ...
2023-07-11 15:55:41.541 [info] Getting sessions for repo,workflow...
2023-07-11 15:55:41.541 [info] Got 0 sessions for repo,workflow...
2023-07-11 15:55:41.543 [info] Getting sessions for repo,workflow...
2023-07-11 15:55:41.543 [info] Got 0 sessions for repo,workflow...
2023-07-11 15:55:41.557 [info] Getting sessions for repo,workflow...
2023-07-11 15:55:41.557 [info] Got 0 sessions for repo,workflow...
2023-07-11 15:55:41.561 [info] Getting sessions for repo,workflow...
2023-07-11 15:55:41.561 [info] Got 0 sessions for repo,workflow...
2023-07-11 15:55:43.872 [info] Getting sessions for all scopes...
2023-07-11 15:55:43.872 [info] Got 0 sessions for ...
2023-07-11 15:55:44.231 [info] Getting sessions for user:email...
2023-07-11 15:55:44.231 [info] Got 0 sessions for user:email...
2023-07-11 15:55:44.885 [info] Getting sessions for all scopes...
2023-07-11 15:55:44.885 [info] Got 0 sessions for ...
2023-07-11 15:55:44.965 [info] Getting sessions for all scopes...
2023-07-11 15:55:44.965 [info] Got 0 sessions for ...
2023-07-11 15:55:45.094 [info] Getting sessions for read:user,repo,user:email,workflow...
2023-07-11 15:55:45.094 [info] Got 0 sessions for read:user,repo,user:email,workflow...
2023-07-11 15:55:45.705 [info] Getting sessions for read:user,repo,user:email...
2023-07-11 15:55:45.705 [info] Got 0 sessions for read:user,repo,user:email...
2023-07-11 15:55:45.711 [info] Getting sessions for all scopes...
2023-07-11 15:55:45.711 [info] Got 0 sessions for ...
2023-07-11 15:55:45.713 [info] Getting sessions for read:user,repo,user:email...
2023-07-11 15:55:45.713 [info] Got 0 sessions for read:user,repo,user:email...
2023-07-11 15:55:45.713 [info] Getting sessions for user:email...
2023-07-11 15:55:45.713 [info] Got 0 sessions for user:email...
