2023-07-12 11:13:52.572 [info] Log level: Info
2023-07-12 11:13:52.572 [info] Validating found git in: "git"
2023-07-12 11:13:52.572 [info] Using git "2.41.0" from "git"
2023-07-12 11:13:52.572 [info] > git rev-parse --show-toplevel [8ms]
2023-07-12 11:13:52.572 [info] > git rev-parse --git-dir --git-common-dir [3ms]
2023-07-12 11:13:52.572 [info] Open repository: /home/morishita/Dev/LightStand/Backend/smart-pass-backend
2023-07-12 11:13:52.572 [info] > git rev-parse --show-toplevel [9ms]
2023-07-12 11:13:52.572 [info] > git config --get commit.template [6ms]
2023-07-12 11:13:52.572 [info] > git rev-parse --show-toplevel [8ms]
2023-07-12 11:13:52.572 [info] > git for-each-ref --format=%(refname)%00%(upstream:short)%00%(objectname)%00%(upstream:track)%00%(upstream:remotename)%00%(upstream:remoteref) refs/heads/gm-pdf-logics refs/remotes/gm-pdf-logics [6ms]
2023-07-12 11:13:52.572 [info] > git rev-parse --show-toplevel [7ms]
2023-07-12 11:13:52.572 [info] > git status -z -uall [10ms]
2023-07-12 11:13:52.572 [info] > git rev-parse --show-toplevel [4ms]
2023-07-12 11:13:52.572 [info] > git rev-parse --show-toplevel [11ms]
2023-07-12 11:13:52.572 [info] > git config --get commit.template [6ms]
2023-07-12 11:13:52.572 [info] > git rev-parse --show-toplevel [15ms]
2023-07-12 11:13:52.572 [info] > git for-each-ref --format=%(refname)%00%(upstream:short)%00%(objectname)%00%(upstream:track)%00%(upstream:remotename)%00%(upstream:remoteref) refs/heads/gm-pdf-logics refs/remotes/gm-pdf-logics [5ms]
2023-07-12 11:13:52.572 [info] > git status -z -uall [7ms]
2023-07-12 11:13:53.057 [info] > git check-ignore -v -z --stdin [5ms]
2023-07-12 11:13:53.169 [info] > git show --textconv :src/card/.gitignore [11ms]
2023-07-12 11:13:53.171 [info] > git ls-files --stage -- /home/morishita/Dev/LightStand/Backend/smart-pass-backend/src/card/.gitignore [3ms]
2023-07-12 11:13:53.776 [info] > git cat-file -s 3be022457c522165c93a77a64e8e525d978c09fe [594ms]
2023-07-12 11:13:56.230 [info] > git config --local branch.gm-pdf-logics.github-pr-owner-number [38ms]
2023-07-12 11:13:56.247 [info] > git config --get commit.template [2ms]
2023-07-12 11:13:56.267 [info] > git for-each-ref --format=%(refname)%00%(upstream:short)%00%(objectname)%00%(upstream:track)%00%(upstream:remotename)%00%(upstream:remoteref) refs/heads/gm-pdf-logics refs/remotes/gm-pdf-logics [12ms]
2023-07-12 11:13:56.284 [info] > git status -z -uall [4ms]
2023-07-12 11:15:09.325 [info] > git check-ignore -v -z --stdin [3ms]
2023-07-12 11:18:55.976 [info] > git config --local branch.gm-pdf-logics.github-pr-owner-number [5ms]
2023-07-12 11:18:56.007 [info] > git config --get commit.template [16ms]
2023-07-12 11:18:56.009 [info] > git for-each-ref --format=%(refname)%00%(upstream:short)%00%(objectname)%00%(upstream:track)%00%(upstream:remotename)%00%(upstream:remoteref) refs/heads/gm-pdf-logics refs/remotes/gm-pdf-logics [4ms]
2023-07-12 11:18:56.021 [info] > git status -z -uall [3ms]
2023-07-12 11:23:56.039 [info] > git config --local branch.gm-pdf-logics.github-pr-owner-number [5ms]
2023-07-12 11:23:56.066 [info] > git config --get commit.template [14ms]
2023-07-12 11:23:56.069 [info] > git for-each-ref --format=%(refname)%00%(upstream:short)%00%(objectname)%00%(upstream:track)%00%(upstream:remotename)%00%(upstream:remoteref) refs/heads/gm-pdf-logics refs/remotes/gm-pdf-logics [5ms]
2023-07-12 11:23:56.087 [info] > git status -z -uall [6ms]
2023-07-12 11:28:56.128 [info] > git config --local branch.gm-pdf-logics.github-pr-owner-number [19ms]
2023-07-12 11:28:56.154 [info] > git config --get commit.template [15ms]
2023-07-12 11:28:56.156 [info] > git for-each-ref --format=%(refname)%00%(upstream:short)%00%(objectname)%00%(upstream:track)%00%(upstream:remotename)%00%(upstream:remoteref) refs/heads/gm-pdf-logics refs/remotes/gm-pdf-logics [4ms]
2023-07-12 11:28:56.165 [info] > git status -z -uall [3ms]
2023-07-12 11:33:00.880 [info] > git check-ignore -v -z --stdin [4ms]
2023-07-12 11:33:56.183 [info] > git config --local branch.gm-pdf-logics.github-pr-owner-number [4ms]
2023-07-12 11:33:56.200 [info] > git config --get commit.template [7ms]
2023-07-12 11:33:56.202 [info] > git for-each-ref --format=%(refname)%00%(upstream:short)%00%(objectname)%00%(upstream:track)%00%(upstream:remotename)%00%(upstream:remoteref) refs/heads/gm-pdf-logics refs/remotes/gm-pdf-logics [2ms]
2023-07-12 11:33:56.210 [info] > git status -z -uall [3ms]
2023-07-12 11:38:56.230 [info] > git config --local branch.gm-pdf-logics.github-pr-owner-number [4ms]
2023-07-12 11:38:56.256 [info] > git config --get commit.template [14ms]
2023-07-12 11:38:56.257 [info] > git for-each-ref --format=%(refname)%00%(upstream:short)%00%(objectname)%00%(upstream:track)%00%(upstream:remotename)%00%(upstream:remoteref) refs/heads/gm-pdf-logics refs/remotes/gm-pdf-logics [4ms]
2023-07-12 11:38:56.268 [info] > git status -z -uall [3ms]
2023-07-12 11:43:56.287 [info] > git config --local branch.gm-pdf-logics.github-pr-owner-number [3ms]
2023-07-12 11:43:56.306 [info] > git config --get commit.template [7ms]
2023-07-12 11:43:56.307 [info] > git for-each-ref --format=%(refname)%00%(upstream:short)%00%(objectname)%00%(upstream:track)%00%(upstream:remotename)%00%(upstream:remoteref) refs/heads/gm-pdf-logics refs/remotes/gm-pdf-logics [2ms]
2023-07-12 11:43:56.318 [info] > git status -z -uall [3ms]
2023-07-12 11:48:56.334 [info] > git config --local branch.gm-pdf-logics.github-pr-owner-number [2ms]
2023-07-12 11:48:56.354 [info] > git config --get commit.template [9ms]
2023-07-12 11:48:56.356 [info] > git for-each-ref --format=%(refname)%00%(upstream:short)%00%(objectname)%00%(upstream:track)%00%(upstream:remotename)%00%(upstream:remoteref) refs/heads/gm-pdf-logics refs/remotes/gm-pdf-logics [3ms]
2023-07-12 11:48:56.371 [info] > git status -z -uall [6ms]
2023-07-12 11:53:56.387 [info] > git config --local branch.gm-pdf-logics.github-pr-owner-number [1ms]
2023-07-12 11:53:56.409 [info] > git config --get commit.template [9ms]
2023-07-12 11:53:56.412 [info] > git for-each-ref --format=%(refname)%00%(upstream:short)%00%(objectname)%00%(upstream:track)%00%(upstream:remotename)%00%(upstream:remoteref) refs/heads/gm-pdf-logics refs/remotes/gm-pdf-logics [5ms]
2023-07-12 11:53:56.426 [info] > git status -z -uall [5ms]
2023-07-12 11:58:56.445 [info] > git config --local branch.gm-pdf-logics.github-pr-owner-number [4ms]
2023-07-12 11:58:56.464 [info] > git config --get commit.template [8ms]
2023-07-12 11:58:56.466 [info] > git for-each-ref --format=%(refname)%00%(upstream:short)%00%(objectname)%00%(upstream:track)%00%(upstream:remotename)%00%(upstream:remoteref) refs/heads/gm-pdf-logics refs/remotes/gm-pdf-logics [1ms]
2023-07-12 11:58:56.473 [info] > git status -z -uall [2ms]
2023-07-12 12:03:56.487 [info] > git config --local branch.gm-pdf-logics.github-pr-owner-number [2ms]
2023-07-12 12:03:56.507 [info] > git config --get commit.template [11ms]
2023-07-12 12:03:56.509 [info] > git for-each-ref --format=%(refname)%00%(upstream:short)%00%(objectname)%00%(upstream:track)%00%(upstream:remotename)%00%(upstream:remoteref) refs/heads/gm-pdf-logics refs/remotes/gm-pdf-logics [3ms]
2023-07-12 12:03:56.521 [info] > git status -z -uall [4ms]
2023-07-12 12:08:56.530 [info] > git config --local branch.gm-pdf-logics.github-pr-owner-number [2ms]
2023-07-12 12:08:56.543 [info] > git config --get commit.template [8ms]
2023-07-12 12:08:56.545 [info] > git for-each-ref --format=%(refname)%00%(upstream:short)%00%(objectname)%00%(upstream:track)%00%(upstream:remotename)%00%(upstream:remoteref) refs/heads/gm-pdf-logics refs/remotes/gm-pdf-logics [2ms]
2023-07-12 12:08:56.553 [info] > git status -z -uall [3ms]
2023-07-12 12:13:56.575 [info] > git config --local branch.gm-pdf-logics.github-pr-owner-number [6ms]
2023-07-12 12:13:56.607 [info] > git config --get commit.template [16ms]
2023-07-12 12:13:56.612 [info] > git for-each-ref --format=%(refname)%00%(upstream:short)%00%(objectname)%00%(upstream:track)%00%(upstream:remotename)%00%(upstream:remoteref) refs/heads/gm-pdf-logics refs/remotes/gm-pdf-logics [6ms]
2023-07-12 12:13:56.639 [info] > git status -z -uall [12ms]
2023-07-12 12:16:02.946 [info] > git show --textconv :src/card/card.controller.ts [13ms]
2023-07-12 12:16:02.956 [info] > git ls-files --stage -- /home/morishita/Dev/LightStand/Backend/smart-pass-backend/src/card/card.controller.ts [10ms]
2023-07-12 12:16:02.970 [info] > git cat-file -s dbe343fb7ed5b26c5aba8393d80db0fb28d152a0 [4ms]
2023-07-12 12:16:13.287 [info] > git ls-files --stage -- /home/morishita/Dev/LightStand/Backend/smart-pass-backend/src/card/card.service.ts [2ms]
2023-07-12 12:16:13.318 [info] > git show --textconv :src/card/card.service.ts [45ms]
2023-07-12 12:16:13.319 [info] > git cat-file -s 486864b5e9d1da7d5a27f67ebff0606110d10a7a [24ms]
2023-07-12 12:18:56.663 [info] > git config --local branch.gm-pdf-logics.github-pr-owner-number [5ms]
2023-07-12 12:18:56.682 [info] > git config --get commit.template [9ms]
2023-07-12 12:18:56.684 [info] > git for-each-ref --format=%(refname)%00%(upstream:short)%00%(objectname)%00%(upstream:track)%00%(upstream:remotename)%00%(upstream:remoteref) refs/heads/gm-pdf-logics refs/remotes/gm-pdf-logics [1ms]
2023-07-12 12:18:56.692 [info] > git status -z -uall [2ms]
2023-07-12 12:19:31.797 [info] > git config --get commit.template [10ms]
2023-07-12 12:19:31.806 [info] > git for-each-ref --format=%(refname)%00%(upstream:short)%00%(objectname)%00%(upstream:track)%00%(upstream:remotename)%00%(upstream:remoteref) refs/heads/gm-pdf-logics refs/remotes/gm-pdf-logics [9ms]
2023-07-12 12:19:31.826 [info] > git status -z -uall [12ms]
2023-07-12 12:20:28.061 [info] > git config --get commit.template [13ms]
2023-07-12 12:20:28.073 [info] > git for-each-ref --format=%(refname)%00%(upstream:short)%00%(objectname)%00%(upstream:track)%00%(upstream:remotename)%00%(upstream:remoteref) refs/heads/gm-pdf-logics refs/remotes/gm-pdf-logics [4ms]
2023-07-12 12:20:28.082 [info] > git status -z -uall [3ms]
2023-07-12 12:22:11.919 [info] > git for-each-ref --format=%(refname)%00%(upstream:short)%00%(objectname)%00%(upstream:track)%00%(upstream:remotename)%00%(upstream:remoteref) refs/heads/gm-pdf-logics refs/remotes/gm-pdf-logics [10ms]
2023-07-12 12:22:11.920 [info] > git config --get commit.template [25ms]
2023-07-12 12:22:11.938 [info] > git status -z -uall [11ms]
2023-07-12 12:23:56.715 [info] > git config --local branch.gm-pdf-logics.github-pr-owner-number [6ms]
2023-07-12 12:23:56.731 [info] > git config --get commit.template [7ms]
2023-07-12 12:23:56.733 [info] > git for-each-ref --format=%(refname)%00%(upstream:short)%00%(objectname)%00%(upstream:track)%00%(upstream:remotename)%00%(upstream:remoteref) refs/heads/gm-pdf-logics refs/remotes/gm-pdf-logics [1ms]
2023-07-12 12:23:56.741 [info] > git status -z -uall [2ms]
2023-07-12 12:28:56.754 [info] > git config --local branch.gm-pdf-logics.github-pr-owner-number [2ms]
2023-07-12 12:28:56.774 [info] > git for-each-ref --format=%(refname)%00%(upstream:short)%00%(objectname)%00%(upstream:track)%00%(upstream:remotename)%00%(upstream:remoteref) refs/heads/gm-pdf-logics refs/remotes/gm-pdf-logics [4ms]
2023-07-12 12:28:56.775 [info] > git config --get commit.template [13ms]
2023-07-12 12:28:56.785 [info] > git status -z -uall [3ms]
2023-07-12 12:33:56.800 [info] > git config --local branch.gm-pdf-logics.github-pr-owner-number [4ms]
2023-07-12 12:33:56.821 [info] > git config --get commit.template [9ms]
2023-07-12 12:33:56.823 [info] > git for-each-ref --format=%(refname)%00%(upstream:short)%00%(objectname)%00%(upstream:track)%00%(upstream:remotename)%00%(upstream:remoteref) refs/heads/gm-pdf-logics refs/remotes/gm-pdf-logics [3ms]
2023-07-12 12:33:56.835 [info] > git status -z -uall [3ms]
