2023-07-12 11:13:52.638 [info] Reading sessions from keychain...
2023-07-12 11:13:52.638 [info] Getting sessions for all scopes...
2023-07-12 11:13:52.638 [info] Got 0 sessions for ...
2023-07-12 11:13:52.652 [info] Getting sessions for repo,workflow...
2023-07-12 11:13:52.652 [info] Got 0 sessions for repo,workflow...
2023-07-12 11:13:52.662 [info] Getting sessions for repo,workflow...
2023-07-12 11:13:52.662 [info] Got 0 sessions for repo,workflow...
2023-07-12 11:13:52.720 [info] Getting sessions for repo,workflow...
2023-07-12 11:13:52.720 [info] Got 0 sessions for repo,workflow...
2023-07-12 11:13:52.729 [info] Getting sessions for repo,workflow...
2023-07-12 11:13:52.729 [info] Got 0 sessions for repo,workflow...
2023-07-12 11:13:52.871 [info] Getting sessions for all scopes...
2023-07-12 11:13:52.871 [info] Got 0 sessions for ...
2023-07-12 11:13:54.770 [info] Getting sessions for user:email...
2023-07-12 11:13:54.770 [info] Got 0 sessions for user:email...
2023-07-12 11:13:55.618 [info] Getting sessions for all scopes...
2023-07-12 11:13:55.618 [info] Got 0 sessions for ...
2023-07-12 11:13:55.633 [info] Getting sessions for all scopes...
2023-07-12 11:13:55.633 [info] Got 0 sessions for ...
2023-07-12 11:13:55.832 [info] Getting sessions for read:user,repo,user:email,workflow...
2023-07-12 11:13:55.832 [info] Got 0 sessions for read:user,repo,user:email,workflow...
2023-07-12 11:13:55.868 [info] Getting sessions for all scopes...
2023-07-12 11:13:55.868 [info] Got 0 sessions for ...
2023-07-12 11:13:55.893 [info] Getting sessions for user:email...
2023-07-12 11:13:55.893 [info] Got 0 sessions for user:email...
2023-07-12 11:13:55.902 [info] Getting sessions for read:user,repo,user:email...
2023-07-12 11:13:55.902 [info] Got 0 sessions for read:user,repo,user:email...
2023-07-12 11:13:55.903 [info] Getting sessions for read:user,repo,user:email...
2023-07-12 11:13:55.903 [info] Got 0 sessions for read:user,repo,user:email...
