2023-07-11 15:59:05.118 [info] Reading sessions from keychain...
2023-07-11 15:59:05.118 [info] Getting sessions for all scopes...
2023-07-11 15:59:05.118 [info] Getting sessions for repo,workflow...
2023-07-11 15:59:05.118 [info] Got 0 sessions for ...
2023-07-11 15:59:05.118 [info] Got 0 sessions for repo,workflow...
2023-07-11 15:59:05.159 [info] Getting sessions for repo,workflow...
2023-07-11 15:59:05.159 [info] Got 0 sessions for repo,workflow...
2023-07-11 15:59:05.220 [info] Getting sessions for repo,workflow...
2023-07-11 15:59:05.220 [info] Got 0 sessions for repo,workflow...
2023-07-11 15:59:05.472 [info] Getting sessions for repo,workflow...
2023-07-11 15:59:05.472 [info] Got 0 sessions for repo,workflow...
2023-07-11 15:59:07.440 [info] Getting sessions for all scopes...
2023-07-11 15:59:07.440 [info] Got 0 sessions for ...
2023-07-11 15:59:07.807 [info] Getting sessions for user:email...
2023-07-11 15:59:07.807 [info] Got 0 sessions for user:email...
2023-07-11 15:59:08.540 [info] Getting sessions for all scopes...
2023-07-11 15:59:08.540 [info] Got 0 sessions for ...
2023-07-11 15:59:08.576 [info] Getting sessions for all scopes...
2023-07-11 15:59:08.576 [info] Got 0 sessions for ...
2023-07-11 15:59:08.724 [info] Getting sessions for read:user,repo,user:email,workflow...
2023-07-11 15:59:08.724 [info] Got 0 sessions for read:user,repo,user:email,workflow...
2023-07-11 15:59:08.815 [info] Getting sessions for user:email...
2023-07-11 15:59:08.815 [info] Got 0 sessions for user:email...
2023-07-11 15:59:08.817 [info] Getting sessions for all scopes...
2023-07-11 15:59:08.817 [info] Got 0 sessions for ...
2023-07-11 15:59:08.867 [info] Getting sessions for read:user,repo,user:email...
2023-07-11 15:59:08.867 [info] Got 0 sessions for read:user,repo,user:email...
2023-07-11 15:59:08.883 [info] Getting sessions for read:user,repo,user:email...
2023-07-11 15:59:08.883 [info] Got 0 sessions for read:user,repo,user:email...
2023-07-11 22:46:13.218 [info] Getting sessions for read:user,repo,user:email...
2023-07-11 22:46:13.218 [info] Got 0 sessions for read:user,repo,user:email...
